2025-04-13 19:03:14,940 [Evaluate    ] INFO     Loading SA agent to memory...
2025-04-13 19:03:14,943 [GameBoard   ] DEBUG    Initializing a new game board...
2025-04-13 19:03:14,944 [GameBoard   ] DEBUG    Rendered board: 
//E1E9
2025-04-13 19:03:14,944 [GameBoard   ] DEBUG    
   . . . . . . . . . . . . . . . . . .
8 :   ·   ·   ·   · B ·   ·   ·   ·   ·
   . . . . . . . . . . . . . . . . . .
7 :   ·   ·   ·   ·   ·   ·   ·   ·   ·
   . . . . . . . . . . . . . . . . . .
6 :   ·   ·   ·   ·   ·   ·   ·   ·   ·
   . . . . . . . . . . . . . . . . . .
5 :   ·   ·   ·   ·   ·   ·   ·   ·   ·
   . . . . . . . . . . . . . . . . . .
4 :   ·   ·   ·   ·   ·   ·   ·   ·   ·
   . . . . . . . . . . . . . . . . . .
3 :   ·   ·   ·   ·   ·   ·   ·   ·   ·
   . . . . . . . . . . . . . . . . . .
2 :   ·   ·   ·   ·   ·   ·   ·   ·   ·
   . . . . . . . . . . . . . . . . . .
1 :   ·   ·   ·   ·   ·   ·   ·   ·   ·
   . . . . . . . . . . . . . . . . . .
0 :   ·   ·   ·   · W ·   ·   ·   ·   ·
   ··· ··· ··· ··· ··· ··· ··· ··· ···
    0   1   2   3   4   5   6   7   8 
2025-04-13 19:03:14,944 [GameBoard   ] DEBUG    You're player black
2025-04-13 19:03:14,944 [GameBoard   ] DEBUG    After moving initial position: 
//G1C9
2025-04-13 19:03:14,944 [GameBoard   ] DEBUG    
   . . . . . . . . . . . . . . . . . .
8 :   ·   · B ·   ·   ·   ·   ·   ·   ·
   . . . . . . . . . . . . . . . . . .
7 :   ·   ·   ·   ·   ·   ·   ·   ·   ·
   . . . . . . . . . . . . . . . . . .
6 :   ·   ·   ·   ·   ·   ·   ·   ·   ·
   . . . . . . . . . . . . . . . . . .
5 :   ·   ·   ·   ·   ·   ·   ·   ·   ·
   . . . . . . . . . . . . . . . . . .
4 :   ·   ·   ·   ·   ·   ·   ·   ·   ·
   . . . . . . . . . . . . . . . . . .
3 :   ·   ·   ·   ·   ·   ·   ·   ·   ·
   . . . . . . . . . . . . . . . . . .
2 :   ·   ·   ·   ·   ·   ·   ·   ·   ·
   . . . . . . . . . . . . . . . . . .
1 :   ·   ·   ·   ·   ·   ·   ·   ·   ·
   . . . . . . . . . . . . . . . . . .
0 :   ·   ·   ·   ·   ·   · W ·   ·   ·
   ··· ··· ··· ··· ··· ··· ··· ··· ···
    0   1   2   3   4   5   6   7   8 
2025-04-13 19:03:14,946 [Action      ] DEBUG    Calling BLOCK construction on edge (0, 0).
2025-04-13 19:03:14,946 [Action      ] DEBUG    Calling BLOCK construction on edge (0, 1).
2025-04-13 19:03:14,947 [Action      ] DEBUG    Calling BLOCK construction on edge (0, 6).
2025-04-13 19:03:14,947 [Action      ] DEBUG    Calling BLOCK construction on edge (1, 6).
2025-04-13 19:03:14,947 [Action      ] DEBUG    Calling BLOCK construction on edge (2, 0).
2025-04-13 19:03:14,948 [Action      ] DEBUG    Calling BLOCK construction on edge (2, 1).
2025-04-13 19:03:14,948 [Action      ] DEBUG    Calling BLOCK construction on edge (2, 5).
2025-04-13 19:03:14,948 [Action      ] DEBUG    Calling BLOCK construction on edge (4, 4).
2025-04-13 19:03:14,950 [GameBoard   ] DEBUG    State has been set as follows: 
A3G1G2/A1B1B3E5F3/E1A9
2025-04-13 19:03:14,950 [GameBoard   ] DEBUG    
   . . . . . . . . . . . . . . . . . .
8 : B ·   ·   ·   ·   ·   ·   ·   ·   ·
   . . . . . . . . . . . . . . . . . .
7 :   ·   ·   ·   ·   ·   ·   ·   ·   ·
   . . . . . . . . . . . . . . . . . .
6 :   ·   ·   ·   ·   ·   ·   ·   ·   ·
   . . . . . . . . . . . . . . . . . .
5 :   ·   ·   ·   ·   |   ·   ·   ·   ·
   . . . . . . . . . .*. . . . . . . .
4 :   ·   ·   ·   ·   |   ·   ·   ·   ·
   . . . . . . . . . . . . . . . . . .
3 :   ·   |   ·   ·   ·   |   ·   ·   ·
   ---*---*. . . . . . . .*. . . . . .
2 :   ·   |   ·   ·   ·   |   ·   ·   ·
   . . . . . . . . . . . . ---*--- . .
1 :   |   |   ·   ·   ·   ·   ·   ·   ·
   . .*. .*. . . . . . . . ---*--- . .
0 :   |   |   ·   · W ·   ·   ·   ·   ·
   ··· ··· ··· ··· ··· ··· ··· ··· ···
    0   1   2   3   4   5   6   7   8 
2025-04-13 19:03:14,951 [Evaluate    ] INFO     Begin to search using SA agent.
2025-04-13 19:03:14,952 [GameBoard   ] DEBUG    Querying current state...
2025-04-13 19:03:14,952 [GameBoard   ] DEBUG    Querying applicable move directions...
2025-04-13 19:03:14,953 [GameBoard   ] DEBUG    List of applicable fence positions: [((0, 2), 'horizontal'), ((0, 2), 'vertical'), ((0, 3), 'horizontal'), ((0, 3), 'vertical'), ((0, 4), 'horizontal'), ((0, 4), 'vertical'), ((0, 5), 'vertical'), ((0, 7), 'vertical'), ((1, 0), 'horizontal'), ((1, 1), 'horizontal'), ((1, 2), 'horizontal'), ((1, 2), 'vertical'), ((1, 3), 'horizontal'), ((1, 3), 'vertical'), ((1, 4), 'horizontal'), ((1, 4), 'vertical'), ((1, 7), 'vertical'), ((2, 2), 'horizontal'), ((2, 2), 'vertical'), ((2, 3), 'horizontal'), ((2, 3), 'vertical'), ((2, 4), 'horizontal'), ((2, 4), 'vertical'), ((2, 6), 'horizontal'), ((2, 6), 'vertical'), ((2, 7), 'horizontal'), ((2, 7), 'vertical'), ((3, 0), 'horizontal'), ((3, 0), 'vertical'), ((3, 1), 'horizontal'), ((3, 2), 'horizontal'), ((3, 2), 'vertical'), ((3, 3), 'horizontal'), ((3, 3), 'vertical'), ((3, 4), 'horizontal'), ((3, 5), 'horizontal'), ((3, 6), 'horizontal'), ((3, 6), 'vertical'), ((3, 7), 'horizontal'), ((3, 7), 'vertical'), ((4, 0), 'horizontal'), ((4, 0), 'vertical'), ((4, 1), 'horizontal'), ((4, 1), 'vertical'), ((4, 2), 'horizontal'), ((4, 2), 'vertical'), ((4, 3), 'horizontal'), ((4, 3), 'vertical'), ((4, 5), 'horizontal'), ((4, 5), 'vertical'), ((4, 6), 'horizontal'), ((4, 6), 'vertical'), ((4, 7), 'horizontal'), ((4, 7), 'vertical'), ((5, 0), 'horizontal'), ((5, 0), 'vertical'), ((5, 1), 'horizontal'), ((5, 1), 'vertical'), ((5, 2), 'horizontal'), ((5, 2), 'vertical'), ((5, 3), 'horizontal'), ((5, 3), 'vertical'), ((5, 4), 'horizontal'), ((5, 5), 'horizontal'), ((5, 5), 'vertical'), ((5, 6), 'horizontal'), ((5, 6), 'vertical'), ((5, 7), 'horizontal'), ((5, 7), 'vertical'), ((6, 0), 'horizontal'), ((6, 0), 'vertical'), ((6, 1), 'horizontal'), ((6, 1), 'vertical'), ((6, 2), 'horizontal'), ((6, 2), 'vertical'), ((6, 3), 'horizontal'), ((6, 3), 'vertical'), ((6, 4), 'horizontal'), ((6, 4), 'vertical'), ((6, 5), 'horizontal'), ((6, 5), 'vertical'), ((6, 6), 'horizontal'), ((6, 6), 'vertical'), ((6, 7), 'horizontal'), ((6, 7), 'vertical'), ((7, 0), 'horizontal'), ((7, 0), 'vertical'), ((7, 1), 'horizontal'), ((7, 1), 'vertical'), ((7, 2), 'horizontal'), ((7, 2), 'vertical'), ((7, 3), 'horizontal'), ((7, 3), 'vertical'), ((7, 4), 'horizontal'), ((7, 4), 'vertical'), ((7, 5), 'horizontal'), ((7, 5), 'vertical'), ((7, 6), 'horizontal'), ((7, 6), 'vertical'), ((7, 7), 'horizontal'), ((7, 7), 'vertical')]
2025-04-13 19:03:14,953 [SA agent    ] DEBUG    [((0, 2), 'horizontal'), ((0, 2), 'vertical'), ((0, 3), 'horizontal'), ((0, 3), 'vertical'), ((0, 4), 'horizontal'), ((0, 4), 'vertical'), ((0, 5), 'vertical'), ((0, 7), 'vertical'), ((1, 0), 'horizontal'), ((1, 1), 'horizontal'), ((1, 2), 'horizontal'), ((1, 2), 'vertical'), ((1, 3), 'horizontal'), ((1, 3), 'vertical'), ((1, 4), 'horizontal'), ((1, 4), 'vertical'), ((1, 7), 'vertical'), ((2, 2), 'horizontal'), ((2, 2), 'vertical'), ((2, 3), 'horizontal'), ((2, 3), 'vertical'), ((2, 4), 'horizontal'), ((2, 4), 'vertical'), ((2, 6), 'horizontal'), ((2, 6), 'vertical'), ((2, 7), 'horizontal'), ((2, 7), 'vertical'), ((3, 0), 'horizontal'), ((3, 0), 'vertical'), ((3, 1), 'horizontal'), ((3, 2), 'horizontal'), ((3, 2), 'vertical'), ((3, 3), 'horizontal'), ((3, 3), 'vertical'), ((3, 4), 'horizontal'), ((3, 5), 'horizontal'), ((3, 6), 'horizontal'), ((3, 6), 'vertical'), ((3, 7), 'horizontal'), ((3, 7), 'vertical'), ((4, 0), 'horizontal'), ((4, 0), 'vertical'), ((4, 1), 'horizontal'), ((4, 1), 'vertical'), ((4, 2), 'horizontal'), ((4, 2), 'vertical'), ((4, 3), 'horizontal'), ((4, 3), 'vertical'), ((4, 5), 'horizontal'), ((4, 5), 'vertical'), ((4, 6), 'horizontal'), ((4, 6), 'vertical'), ((4, 7), 'horizontal'), ((4, 7), 'vertical'), ((5, 0), 'horizontal'), ((5, 0), 'vertical'), ((5, 1), 'horizontal'), ((5, 1), 'vertical'), ((5, 2), 'horizontal'), ((5, 2), 'vertical'), ((5, 3), 'horizontal'), ((5, 3), 'vertical'), ((5, 4), 'horizontal'), ((5, 5), 'horizontal'), ((5, 5), 'vertical'), ((5, 6), 'horizontal'), ((5, 6), 'vertical'), ((5, 7), 'horizontal'), ((5, 7), 'vertical'), ((6, 0), 'horizontal'), ((6, 0), 'vertical'), ((6, 1), 'horizontal'), ((6, 1), 'vertical'), ((6, 2), 'horizontal'), ((6, 2), 'vertical'), ((6, 3), 'horizontal'), ((6, 3), 'vertical'), ((6, 4), 'horizontal'), ((6, 4), 'vertical'), ((6, 5), 'horizontal'), ((6, 5), 'vertical'), ((6, 6), 'horizontal'), ((6, 6), 'vertical'), ((6, 7), 'horizontal'), ((6, 7), 'vertical'), ((7, 0), 'horizontal'), ((7, 0), 'vertical'), ((7, 1), 'horizontal'), ((7, 1), 'vertical'), ((7, 2), 'horizontal'), ((7, 2), 'vertical'), ((7, 3), 'horizontal'), ((7, 3), 'vertical'), ((7, 4), 'horizontal'), ((7, 4), 'vertical'), ((7, 5), 'horizontal'), ((7, 5), 'vertical'), ((7, 6), 'horizontal'), ((7, 6), 'vertical'), ((7, 7), 'horizontal'), ((7, 7), 'vertical')]
2025-04-13 19:03:15,067 [Action      ] DEBUG    Calling BLOCK construction on edge (0, 0).
2025-04-13 19:03:15,067 [Action      ] DEBUG    Calling BLOCK construction on edge (0, 1).
2025-04-13 19:03:15,068 [Action      ] DEBUG    Calling BLOCK construction on edge (0, 6).
2025-04-13 19:03:15,068 [Action      ] DEBUG    Calling BLOCK construction on edge (1, 6).
2025-04-13 19:03:15,068 [Action      ] DEBUG    Calling BLOCK construction on edge (2, 0).
2025-04-13 19:03:15,069 [Action      ] DEBUG    Calling BLOCK construction on edge (2, 1).
2025-04-13 19:03:15,069 [Action      ] DEBUG    Calling BLOCK construction on edge (2, 5).
2025-04-13 19:03:15,069 [Action      ] DEBUG    Calling BLOCK construction on edge (4, 4).
2025-04-13 19:03:15,071 [GameBoard   ] DEBUG    State has been set as follows: 
A3G1G2/A1B1B3E5F3/E1A9
2025-04-13 19:03:15,071 [GameBoard   ] DEBUG    
   . . . . . . . . . . . . . . . . . .
8 : B ·   ·   ·   ·   ·   ·   ·   ·   ·
   . . . . . . . . . . . . . . . . . .
7 :   ·   ·   ·   ·   ·   ·   ·   ·   ·
   . . . . . . . . . . . . . . . . . .
6 :   ·   ·   ·   ·   ·   ·   ·   ·   ·
   . . . . . . . . . . . . . . . . . .
5 :   ·   ·   ·   ·   |   ·   ·   ·   ·
   . . . . . . . . . .*. . . . . . . .
4 :   ·   ·   ·   ·   |   ·   ·   ·   ·
   . . . . . . . . . . . . . . . . . .
3 :   ·   |   ·   ·   ·   |   ·   ·   ·
   ---*---*. . . . . . . .*. . . . . .
2 :   ·   |   ·   ·   ·   |   ·   ·   ·
   . . . . . . . . . . . . ---*--- . .
1 :   |   |   ·   ·   ·   ·   ·   ·   ·
   . .*. .*. . . . . . . . ---*--- . .
0 :   |   |   ·   · W ·   ·   ·   ·   ·
   ··· ··· ··· ··· ··· ··· ··· ··· ···
    0   1   2   3   4   5   6   7   8 
2025-04-13 19:03:15,071 [GameBoard   ] DEBUG    ------- SIMULATION START: (BLOCK_v(7, 7) of player black, BLOCK_v(7, 6) of player black, BLOCK_v(7, 5) of player black) -------
2025-04-13 19:03:15,071 [Action      ] DEBUG    Calling BLOCK construction on edge (0, 0).
2025-04-13 19:03:15,072 [Action      ] DEBUG    Calling BLOCK construction on edge (0, 1).
2025-04-13 19:03:15,072 [Action      ] DEBUG    Calling BLOCK construction on edge (0, 6).
2025-04-13 19:03:15,072 [Action      ] DEBUG    Calling BLOCK construction on edge (1, 6).
2025-04-13 19:03:15,073 [Action      ] DEBUG    Calling BLOCK construction on edge (2, 0).
2025-04-13 19:03:15,073 [Action      ] DEBUG    Calling BLOCK construction on edge (2, 1).
2025-04-13 19:03:15,073 [Action      ] DEBUG    Calling BLOCK construction on edge (2, 5).
2025-04-13 19:03:15,074 [Action      ] DEBUG    Calling BLOCK construction on edge (4, 4).
2025-04-13 19:03:15,075 [GameBoard   ] DEBUG    State has been set as follows: 
A3G1G2/A1B1B3E5F3/E1A9
2025-04-13 19:03:15,076 [GameBoard   ] DEBUG    
   . . . . . . . . . . . . . . . . . .
8 : B ·   ·   ·   ·   ·   ·   ·   ·   ·
   . . . . . . . . . . . . . . . . . .
7 :   ·   ·   ·   ·   ·   ·   ·   ·   ·
   . . . . . . . . . . . . . . . . . .
6 :   ·   ·   ·   ·   ·   ·   ·   ·   ·
   . . . . . . . . . . . . . . . . . .
5 :   ·   ·   ·   ·   |   ·   ·   ·   ·
   . . . . . . . . . .*. . . . . . . .
4 :   ·   ·   ·   ·   |   ·   ·   ·   ·
   . . . . . . . . . . . . . . . . . .
3 :   ·   |   ·   ·   ·   |   ·   ·   ·
   ---*---*. . . . . . . .*. . . . . .
2 :   ·   |   ·   ·   ·   |   ·   ·   ·
   . . . . . . . . . . . . ---*--- . .
1 :   |   |   ·   ·   ·   ·   ·   ·   ·
   . .*. .*. . . . . . . . ---*--- . .
0 :   |   |   ·   · W ·   ·   ·   ·   ·
   ··· ··· ··· ··· ··· ··· ··· ··· ···
    0   1   2   3   4   5   6   7   8 
2025-04-13 19:03:15,076 [Action      ] DEBUG    Calling BLOCK construction on edge (7, 7).
2025-04-13 19:03:15,076 [GameBoard   ] DEBUG    Querying whether the game ends in this state... Answer = False
2025-04-13 19:03:15,076 [Action      ] DEBUG    Calling BLOCK construction on edge (7, 6).
2025-04-13 19:03:15,076 [GameBoard   ] DEBUG    Querying whether the game ends in this state... Answer = False
2025-04-13 19:03:15,076 [Action      ] DEBUG    Calling BLOCK construction on edge (7, 5).
2025-04-13 19:03:15,077 [GameBoard   ] DEBUG    Querying whether the game ends in this state... Answer = False
2025-04-13 19:03:15,077 [GameBoard   ] DEBUG    State has been changed to: 
A3G1G2/A1B1B3E5F3F8G8H8/E1A9
2025-04-13 19:03:15,077 [GameBoard   ] DEBUG    
   . . . . . . . . . . . . . . . . . .
8 : B ·   ·   ·   ·   ·   |   |   |   ·
   . . . . . . . . . . . .*. .*. .*. .
7 :   ·   ·   ·   ·   ·   |   |   |   ·
   . . . . . . . . . . . . . . . . . .
6 :   ·   ·   ·   ·   ·   ·   ·   ·   ·
   . . . . . . . . . . . . . . . . . .
5 :   ·   ·   ·   ·   |   ·   ·   ·   ·
   . . . . . . . . . .*. . . . . . . .
4 :   ·   ·   ·   ·   |   ·   ·   ·   ·
   . . . . . . . . . . . . . . . . . .
3 :   ·   |   ·   ·   ·   |   ·   ·   ·
   ---*---*. . . . . . . .*. . . . . .
2 :   ·   |   ·   ·   ·   |   ·   ·   ·
   . . . . . . . . . . . . ---*--- . .
1 :   |   |   ·   ·   ·   ·   ·   ·   ·
   . .*. .*. . . . . . . . ---*--- . .
0 :   |   |   ·   · W ·   ·   ·   ·   ·
   ··· ··· ··· ··· ··· ··· ··· ··· ···
    0   1   2   3   4   5   6   7   8 
2025-04-13 19:03:15,077 [GameBoard   ] DEBUG    ------- SIMULATION ENDS -------
