2025-03-31 20:27:43,225 [Evaluate    ] INFO     Loading heapq agent to memory...
2025-03-31 20:27:43,226 [GameBoard   ] DEBUG    Initializing a new game board...
2025-03-31 20:27:43,227 [GameBoard   ] DEBUG    Rendered board: 
//E1E9
2025-03-31 20:27:43,227 [GameBoard   ] DEBUG    
   . . . . . . . . . . . . . . . . . .
8 :   쨌   쨌   쨌   쨌 B 쨌   쨌   쨌   쨌   쨌
   . . . . . . . . . . . . . . . . . .
7 :   쨌   쨌   쨌   쨌   쨌   쨌   쨌   쨌   쨌
   . . . . . . . . . . . . . . . . . .
6 :   쨌   쨌   쨌   쨌   쨌   쨌   쨌   쨌   쨌
   . . . . . . . . . . . . . . . . . .
5 :   쨌   쨌   쨌   쨌   쨌   쨌   쨌   쨌   쨌
   . . . . . . . . . . . . . . . . . .
4 :   쨌   쨌   쨌   쨌   쨌   쨌   쨌   쨌   쨌
   . . . . . . . . . . . . . . . . . .
3 :   쨌   쨌   쨌   쨌   쨌   쨌   쨌   쨌   쨌
   . . . . . . . . . . . . . . . . . .
2 :   쨌   쨌   쨌   쨌   쨌   쨌   쨌   쨌   쨌
   . . . . . . . . . . . . . . . . . .
1 :   쨌   쨌   쨌   쨌   쨌   쨌   쨌   쨌   쨌
   . . . . . . . . . . . . . . . . . .
0 :   쨌   쨌   쨌   쨌 W 쨌   쨌   쨌   쨌   쨌
   쨌쨌쨌 쨌쨌쨌 쨌쨌쨌 쨌쨌쨌 쨌쨌쨌 쨌쨌쨌 쨌쨌쨌 쨌쨌쨌 쨌쨌쨌
    0   1   2   3   4   5   6   7   8 
2025-03-31 20:27:43,227 [GameBoard   ] DEBUG    You're player white
2025-03-31 20:27:43,227 [GameBoard   ] DEBUG    After moving initial position: 
//H1E9
2025-03-31 20:27:43,227 [GameBoard   ] DEBUG    
   . . . . . . . . . . . . . . . . . .
8 :   쨌   쨌   쨌   쨌 B 쨌   쨌   쨌   쨌   쨌
   . . . . . . . . . . . . . . . . . .
7 :   쨌   쨌   쨌   쨌   쨌   쨌   쨌   쨌   쨌
   . . . . . . . . . . . . . . . . . .
6 :   쨌   쨌   쨌   쨌   쨌   쨌   쨌   쨌   쨌
   . . . . . . . . . . . . . . . . . .
5 :   쨌   쨌   쨌   쨌   쨌   쨌   쨌   쨌   쨌
   . . . . . . . . . . . . . . . . . .
4 :   쨌   쨌   쨌   쨌   쨌   쨌   쨌   쨌   쨌
   . . . . . . . . . . . . . . . . . .
3 :   쨌   쨌   쨌   쨌   쨌   쨌   쨌   쨌   쨌
   . . . . . . . . . . . . . . . . . .
2 :   쨌   쨌   쨌   쨌   쨌   쨌   쨌   쨌   쨌
   . . . . . . . . . . . . . . . . . .
1 :   쨌   쨌   쨌   쨌   쨌   쨌   쨌   쨌   쨌
   . . . . . . . . . . . . . . . . . .
0 :   쨌   쨌   쨌   쨌   쨌   쨌   쨌 W 쨌   쨌
   쨌쨌쨌 쨌쨌쨌 쨌쨌쨌 쨌쨌쨌 쨌쨌쨌 쨌쨌쨌 쨌쨌쨌 쨌쨌쨌 쨌쨌쨌
    0   1   2   3   4   5   6   7   8 
2025-03-31 20:27:43,229 [Action      ] DEBUG    Calling BLOCK construction on edge (0, 6).
2025-03-31 20:27:43,229 [Action      ] DEBUG    Calling BLOCK construction on edge (1, 5).
2025-03-31 20:27:43,230 [Action      ] DEBUG    Calling BLOCK construction on edge (2, 6).
2025-03-31 20:27:43,230 [Action      ] DEBUG    Calling BLOCK construction on edge (4, 3).
2025-03-31 20:27:43,230 [Action      ] DEBUG    Calling BLOCK construction on edge (7, 1).
2025-03-31 20:27:43,231 [Action      ] DEBUG    Calling BLOCK construction on edge (7, 2).
2025-03-31 20:27:43,231 [Action      ] DEBUG    Calling BLOCK construction on edge (7, 5).
2025-03-31 20:27:43,231 [Action      ] DEBUG    Calling BLOCK construction on edge (7, 6).
2025-03-31 20:27:43,233 [GameBoard   ] DEBUG    State has been set as follows: 
F2G1G3/B8C8D5F8G8/C1F9
2025-03-31 20:27:43,233 [GameBoard   ] DEBUG    
   . . . . . . . . . . . . . . . . . .
8 :   쨌   |   |   쨌   쨌 B |   |   쨌   쨌
   . . . .*. .*. . . . . .*. .*. . . .
7 :   쨌   |   |   쨌   쨌   |   |   쨌   쨌
   . . . . . . . . . . . . . . . . . .
6 :   쨌   쨌   쨌   쨌   쨌   쨌   쨌   쨌   쨌
   . . . . . . . . . . . . . . . . . .
5 :   쨌   쨌   쨌   |   쨌   쨌   쨌   쨌   쨌
   . . . . . . . .*. . . . . . . . . .
4 :   쨌   쨌   쨌   |   쨌   쨌   쨌   쨌   쨌
   . . . . . . . . . . . . . . . . . .
3 :   쨌   쨌   쨌   쨌   쨌   쨌   쨌   쨌   쨌
   . . . . . . . . . . . . ---*--- . .
2 :   쨌   쨌   쨌   쨌   쨌   쨌   쨌   쨌   쨌
   . . . . . . . . . . ---*--- . . . .
1 :   쨌   쨌   쨌   쨌   쨌   쨌   쨌   쨌   쨌
   . . . . . . . . . . . . ---*--- . .
0 :   쨌   쨌 W 쨌   쨌   쨌   쨌   쨌   쨌   쨌
   쨌쨌쨌 쨌쨌쨌 쨌쨌쨌 쨌쨌쨌 쨌쨌쨌 쨌쨌쨌 쨌쨌쨌 쨌쨌쨌 쨌쨌쨌
    0   1   2   3   4   5   6   7   8 
2025-03-31 20:27:43,235 [Evaluate    ] INFO     Begin to search using heapq agent.
2025-03-31 20:27:43,238 [GameBoard   ] DEBUG    Querying current state...
2025-03-31 20:27:43,238 [GameBoard   ] DEBUG    ------- SIMULATION START: () -------
2025-03-31 20:27:43,238 [Action      ] DEBUG    Calling BLOCK construction on edge (0, 6).
2025-03-31 20:27:43,239 [Action      ] DEBUG    Calling BLOCK construction on edge (1, 5).
2025-03-31 20:27:43,239 [Action      ] DEBUG    Calling BLOCK construction on edge (2, 6).
2025-03-31 20:27:43,239 [Action      ] DEBUG    Calling BLOCK construction on edge (4, 3).
2025-03-31 20:27:43,240 [Action      ] DEBUG    Calling BLOCK construction on edge (7, 1).
2025-03-31 20:27:43,240 [Action      ] DEBUG    Calling BLOCK construction on edge (7, 2).
2025-03-31 20:27:43,240 [Action      ] DEBUG    Calling BLOCK construction on edge (7, 5).
2025-03-31 20:27:43,241 [Action      ] DEBUG    Calling BLOCK construction on edge (7, 6).
2025-03-31 20:27:43,242 [GameBoard   ] DEBUG    State has been set as follows: 
F2G1G3/B8C8D5F8G8/C1F9
2025-03-31 20:27:43,243 [GameBoard   ] DEBUG    
   . . . . . . . . . . . . . . . . . .
8 :   쨌   |   |   쨌   쨌 B |   |   쨌   쨌
   . . . .*. .*. . . . . .*. .*. . . .
7 :   쨌   |   |   쨌   쨌   |   |   쨌   쨌
   . . . . . . . . . . . . . . . . . .
6 :   쨌   쨌   쨌   쨌   쨌   쨌   쨌   쨌   쨌
   . . . . . . . . . . . . . . . . . .
5 :   쨌   쨌   쨌   |   쨌   쨌   쨌   쨌   쨌
   . . . . . . . .*. . . . . . . . . .
4 :   쨌   쨌   쨌   |   쨌   쨌   쨌   쨌   쨌
   . . . . . . . . . . . . . . . . . .
3 :   쨌   쨌   쨌   쨌   쨌   쨌   쨌   쨌   쨌
   . . . . . . . . . . . . ---*--- . .
2 :   쨌   쨌   쨌   쨌   쨌   쨌   쨌   쨌   쨌
   . . . . . . . . . . ---*--- . . . .
1 :   쨌   쨌   쨌   쨌   쨌   쨌   쨌   쨌   쨌
   . . . . . . . . . . . . ---*--- . .
0 :   쨌   쨌 W 쨌   쨌   쨌   쨌   쨌   쨌   쨌
   쨌쨌쨌 쨌쨌쨌 쨌쨌쨌 쨌쨌쨌 쨌쨌쨌 쨌쨌쨌 쨌쨌쨌 쨌쨌쨌 쨌쨌쨌
    0   1   2   3   4   5   6   7   8 
2025-03-31 20:27:43,243 [GameBoard   ] DEBUG    State has been changed to: 
F2G1G3/B8C8D5F8G8/C1F9
2025-03-31 20:27:43,243 [GameBoard   ] DEBUG    
   . . . . . . . . . . . . . . . . . .
8 :   쨌   |   |   쨌   쨌 B |   |   쨌   쨌
   . . . .*. .*. . . . . .*. .*. . . .
7 :   쨌   |   |   쨌   쨌   |   |   쨌   쨌
   . . . . . . . . . . . . . . . . . .
6 :   쨌   쨌   쨌   쨌   쨌   쨌   쨌   쨌   쨌
   . . . . . . . . . . . . . . . . . .
5 :   쨌   쨌   쨌   |   쨌   쨌   쨌   쨌   쨌
   . . . . . . . .*. . . . . . . . . .
4 :   쨌   쨌   쨌   |   쨌   쨌   쨌   쨌   쨌
   . . . . . . . . . . . . . . . . . .
3 :   쨌   쨌   쨌   쨌   쨌   쨌   쨌   쨌   쨌
   . . . . . . . . . . . . ---*--- . .
2 :   쨌   쨌   쨌   쨌   쨌   쨌   쨌   쨌   쨌
   . . . . . . . . . . ---*--- . . . .
1 :   쨌   쨌   쨌   쨌   쨌   쨌   쨌   쨌   쨌
   . . . . . . . . . . . . ---*--- . .
0 :   쨌   쨌 W 쨌   쨌   쨌   쨌   쨌   쨌   쨌
   쨌쨌쨌 쨌쨌쨌 쨌쨌쨌 쨌쨌쨌 쨌쨌쨌 쨌쨌쨌 쨌쨌쨌 쨌쨌쨌 쨌쨌쨌
    0   1   2   3   4   5   6   7   8 
2025-03-31 20:27:43,243 [GameBoard   ] DEBUG    ------- SIMULATION ENDS -------
2025-03-31 20:27:43,244 [GameBoard   ] DEBUG    Querying applicable move directions...
2025-03-31 20:27:43,245 [GameBoard   ] DEBUG    List of applicable move positions: [(0, 1), (0, 3), (1, 2)]
2025-03-31 20:27:43,245 [GameBoard   ] DEBUG    ------- SIMULATION START: (MOVE(1, 2) of white,) -------
2025-03-31 20:27:43,245 [Action      ] DEBUG    Calling BLOCK construction on edge (0, 6).
2025-03-31 20:27:43,245 [Action      ] DEBUG    Calling BLOCK construction on edge (1, 5).
2025-03-31 20:27:43,246 [Action      ] DEBUG    Calling BLOCK construction on edge (2, 6).
2025-03-31 20:27:43,246 [Action      ] DEBUG    Calling BLOCK construction on edge (4, 3).
2025-03-31 20:27:43,246 [Action      ] DEBUG    Calling BLOCK construction on edge (7, 1).
2025-03-31 20:27:43,247 [Action      ] DEBUG    Calling BLOCK construction on edge (7, 2).
2025-03-31 20:27:43,247 [Action      ] DEBUG    Calling BLOCK construction on edge (7, 5).
2025-03-31 20:27:43,248 [Action      ] DEBUG    Calling BLOCK construction on edge (7, 6).
2025-03-31 20:27:43,249 [GameBoard   ] DEBUG    State has been set as follows: 
F2G1G3/B8C8D5F8G8/C1F9
2025-03-31 20:27:43,249 [GameBoard   ] DEBUG    
   . . . . . . . . . . . . . . . . . .
8 :   쨌   |   |   쨌   쨌 B |   |   쨌   쨌
   . . . .*. .*. . . . . .*. .*. . . .
7 :   쨌   |   |   쨌   쨌   |   |   쨌   쨌
   . . . . . . . . . . . . . . . . . .
6 :   쨌   쨌   쨌   쨌   쨌   쨌   쨌   쨌   쨌
   . . . . . . . . . . . . . . . . . .
5 :   쨌   쨌   쨌   |   쨌   쨌   쨌   쨌   쨌
   . . . . . . . .*. . . . . . . . . .
4 :   쨌   쨌   쨌   |   쨌   쨌   쨌   쨌   쨌
   . . . . . . . . . . . . . . . . . .
3 :   쨌   쨌   쨌   쨌   쨌   쨌   쨌   쨌   쨌
   . . . . . . . . . . . . ---*--- . .
2 :   쨌   쨌   쨌   쨌   쨌   쨌   쨌   쨌   쨌
   . . . . . . . . . . ---*--- . . . .
1 :   쨌   쨌   쨌   쨌   쨌   쨌   쨌   쨌   쨌
   . . . . . . . . . . . . ---*--- . .
0 :   쨌   쨌 W 쨌   쨌   쨌   쨌   쨌   쨌   쨌
   쨌쨌쨌 쨌쨌쨌 쨌쨌쨌 쨌쨌쨌 쨌쨌쨌 쨌쨌쨌 쨌쨌쨌 쨌쨌쨌 쨌쨌쨌
    0   1   2   3   4   5   6   7   8 
2025-03-31 20:27:43,249 [Action      ] DEBUG    Calling MOVE(1, 2) of white action
2025-03-31 20:27:43,250 [GameBoard   ] DEBUG    Querying whether the game ends in this state... Answer = False
2025-03-31 20:27:43,250 [GameBoard   ] DEBUG    State has been changed to: 
F2G1G3/B8C8D5F8G8/C2F9
2025-03-31 20:27:43,250 [GameBoard   ] DEBUG    
   . . . . . . . . . . . . . . . . . .
8 :   쨌   |   |   쨌   쨌 B |   |   쨌   쨌
   . . . .*. .*. . . . . .*. .*. . . .
7 :   쨌   |   |   쨌   쨌   |   |   쨌   쨌
   . . . . . . . . . . . . . . . . . .
6 :   쨌   쨌   쨌   쨌   쨌   쨌   쨌   쨌   쨌
   . . . . . . . . . . . . . . . . . .
5 :   쨌   쨌   쨌   |   쨌   쨌   쨌   쨌   쨌
   . . . . . . . .*. . . . . . . . . .
4 :   쨌   쨌   쨌   |   쨌   쨌   쨌   쨌   쨌
   . . . . . . . . . . . . . . . . . .
3 :   쨌   쨌   쨌   쨌   쨌   쨌   쨌   쨌   쨌
   . . . . . . . . . . . . ---*--- . .
2 :   쨌   쨌   쨌   쨌   쨌   쨌   쨌   쨌   쨌
   . . . . . . . . . . ---*--- . . . .
1 :   쨌   쨌 W 쨌   쨌   쨌   쨌   쨌   쨌   쨌
   . . . . . . . . . . . . ---*--- . .
0 :   쨌   쨌   쨌   쨌   쨌   쨌   쨌   쨌   쨌
   쨌쨌쨌 쨌쨌쨌 쨌쨌쨌 쨌쨌쨌 쨌쨌쨌 쨌쨌쨌 쨌쨌쨌 쨌쨌쨌 쨌쨌쨌
    0   1   2   3   4   5   6   7   8 
2025-03-31 20:27:43,250 [GameBoard   ] DEBUG    ------- SIMULATION ENDS -------
2025-03-31 20:27:43,251 [GameBoard   ] DEBUG    Querying applicable move directions...
2025-03-31 20:27:43,252 [GameBoard   ] DEBUG    List of applicable move positions: [(0, 2), (1, 1), (1, 3), (2, 2)]
2025-03-31 20:27:43,252 [GameBoard   ] DEBUG    ------- SIMULATION START: (MOVE(1, 2) of white, MOVE(1, 1) of white) -------
2025-03-31 20:27:43,252 [Action      ] DEBUG    Calling BLOCK construction on edge (0, 6).
2025-03-31 20:27:43,253 [Action      ] DEBUG    Calling BLOCK construction on edge (1, 5).
2025-03-31 20:27:43,253 [Action      ] DEBUG    Calling BLOCK construction on edge (2, 6).
2025-03-31 20:27:43,253 [Action      ] DEBUG    Calling BLOCK construction on edge (4, 3).
2025-03-31 20:27:43,254 [Action      ] DEBUG    Calling BLOCK construction on edge (7, 1).
2025-03-31 20:27:43,254 [Action      ] DEBUG    Calling BLOCK construction on edge (7, 2).
2025-03-31 20:27:43,254 [Action      ] DEBUG    Calling BLOCK construction on edge (7, 5).
2025-03-31 20:27:43,255 [Action      ] DEBUG    Calling BLOCK construction on edge (7, 6).
2025-03-31 20:27:43,256 [GameBoard   ] DEBUG    State has been set as follows: 
F2G1G3/B8C8D5F8G8/C1F9
2025-03-31 20:27:43,256 [GameBoard   ] DEBUG    
   . . . . . . . . . . . . . . . . . .
8 :   쨌   |   |   쨌   쨌 B |   |   쨌   쨌
   . . . .*. .*. . . . . .*. .*. . . .
7 :   쨌   |   |   쨌   쨌   |   |   쨌   쨌
   . . . . . . . . . . . . . . . . . .
6 :   쨌   쨌   쨌   쨌   쨌   쨌   쨌   쨌   쨌
   . . . . . . . . . . . . . . . . . .
5 :   쨌   쨌   쨌   |   쨌   쨌   쨌   쨌   쨌
   . . . . . . . .*. . . . . . . . . .
4 :   쨌   쨌   쨌   |   쨌   쨌   쨌   쨌   쨌
   . . . . . . . . . . . . . . . . . .
3 :   쨌   쨌   쨌   쨌   쨌   쨌   쨌   쨌   쨌
   . . . . . . . . . . . . ---*--- . .
2 :   쨌   쨌   쨌   쨌   쨌   쨌   쨌   쨌   쨌
   . . . . . . . . . . ---*--- . . . .
1 :   쨌   쨌   쨌   쨌   쨌   쨌   쨌   쨌   쨌
   . . . . . . . . . . . . ---*--- . .
0 :   쨌   쨌 W 쨌   쨌   쨌   쨌   쨌   쨌   쨌
   쨌쨌쨌 쨌쨌쨌 쨌쨌쨌 쨌쨌쨌 쨌쨌쨌 쨌쨌쨌 쨌쨌쨌 쨌쨌쨌 쨌쨌쨌
    0   1   2   3   4   5   6   7   8 
2025-03-31 20:27:43,257 [Action      ] DEBUG    Calling MOVE(1, 2) of white action
2025-03-31 20:27:43,257 [GameBoard   ] DEBUG    Querying whether the game ends in this state... Answer = False
2025-03-31 20:27:43,257 [Action      ] DEBUG    Calling MOVE(1, 1) of white action
2025-03-31 20:27:43,257 [GameBoard   ] DEBUG    Querying whether the game ends in this state... Answer = False
2025-03-31 20:27:43,257 [GameBoard   ] DEBUG    State has been changed to: 
F2G1G3/B8C8D5F8G8/B2F9
2025-03-31 20:27:43,257 [GameBoard   ] DEBUG    
   . . . . . . . . . . . . . . . . . .
8 :   쨌   |   |   쨌   쨌 B |   |   쨌   쨌
   . . . .*. .*. . . . . .*. .*. . . .
7 :   쨌   |   |   쨌   쨌   |   |   쨌   쨌
   . . . . . . . . . . . . . . . . . .
6 :   쨌   쨌   쨌   쨌   쨌   쨌   쨌   쨌   쨌
   . . . . . . . . . . . . . . . . . .
5 :   쨌   쨌   쨌   |   쨌   쨌   쨌   쨌   쨌
   . . . . . . . .*. . . . . . . . . .
4 :   쨌   쨌   쨌   |   쨌   쨌   쨌   쨌   쨌
   . . . . . . . . . . . . . . . . . .
3 :   쨌   쨌   쨌   쨌   쨌   쨌   쨌   쨌   쨌
   . . . . . . . . . . . . ---*--- . .
2 :   쨌   쨌   쨌   쨌   쨌   쨌   쨌   쨌   쨌
   . . . . . . . . . . ---*--- . . . .
1 :   쨌 W 쨌   쨌   쨌   쨌   쨌   쨌   쨌   쨌
   . . . . . . . . . . . . ---*--- . .
0 :   쨌   쨌   쨌   쨌   쨌   쨌   쨌   쨌   쨌
   쨌쨌쨌 쨌쨌쨌 쨌쨌쨌 쨌쨌쨌 쨌쨌쨌 쨌쨌쨌 쨌쨌쨌 쨌쨌쨌 쨌쨌쨌
    0   1   2   3   4   5   6   7   8 
2025-03-31 20:27:43,257 [GameBoard   ] DEBUG    ------- SIMULATION ENDS -------
2025-03-31 20:27:43,258 [GameBoard   ] DEBUG    Querying applicable move directions...
2025-03-31 20:27:43,259 [GameBoard   ] DEBUG    List of applicable move positions: [(0, 1), (1, 0), (1, 2), (2, 1)]
2025-03-31 20:27:43,259 [GameBoard   ] DEBUG    ------- SIMULATION START: (MOVE(1, 2) of white, MOVE(1, 3) of white) -------
2025-03-31 20:27:43,259 [Action      ] DEBUG    Calling BLOCK construction on edge (0, 6).
2025-03-31 20:27:43,259 [Action      ] DEBUG    Calling BLOCK construction on edge (1, 5).
2025-03-31 20:27:43,260 [Action      ] DEBUG    Calling BLOCK construction on edge (2, 6).
2025-03-31 20:27:43,260 [Action      ] DEBUG    Calling BLOCK construction on edge (4, 3).
2025-03-31 20:27:43,260 [Action      ] DEBUG    Calling BLOCK construction on edge (7, 1).
2025-03-31 20:27:43,261 [Action      ] DEBUG    Calling BLOCK construction on edge (7, 2).
2025-03-31 20:27:43,261 [Action      ] DEBUG    Calling BLOCK construction on edge (7, 5).
2025-03-31 20:27:43,261 [Action      ] DEBUG    Calling BLOCK construction on edge (7, 6).
2025-03-31 20:27:43,263 [GameBoard   ] DEBUG    State has been set as follows: 
F2G1G3/B8C8D5F8G8/C1F9
2025-03-31 20:27:43,263 [GameBoard   ] DEBUG    
   . . . . . . . . . . . . . . . . . .
8 :   쨌   |   |   쨌   쨌 B |   |   쨌   쨌
   . . . .*. .*. . . . . .*. .*. . . .
7 :   쨌   |   |   쨌   쨌   |   |   쨌   쨌
   . . . . . . . . . . . . . . . . . .
6 :   쨌   쨌   쨌   쨌   쨌   쨌   쨌   쨌   쨌
   . . . . . . . . . . . . . . . . . .
5 :   쨌   쨌   쨌   |   쨌   쨌   쨌   쨌   쨌
   . . . . . . . .*. . . . . . . . . .
4 :   쨌   쨌   쨌   |   쨌   쨌   쨌   쨌   쨌
   . . . . . . . . . . . . . . . . . .
3 :   쨌   쨌   쨌   쨌   쨌   쨌   쨌   쨌   쨌
   . . . . . . . . . . . . ---*--- . .
2 :   쨌   쨌   쨌   쨌   쨌   쨌   쨌   쨌   쨌
   . . . . . . . . . . ---*--- . . . .
1 :   쨌   쨌   쨌   쨌   쨌   쨌   쨌   쨌   쨌
   . . . . . . . . . . . . ---*--- . .
0 :   쨌   쨌 W 쨌   쨌   쨌   쨌   쨌   쨌   쨌
   쨌쨌쨌 쨌쨌쨌 쨌쨌쨌 쨌쨌쨌 쨌쨌쨌 쨌쨌쨌 쨌쨌쨌 쨌쨌쨌 쨌쨌쨌
    0   1   2   3   4   5   6   7   8 
2025-03-31 20:27:43,263 [Action      ] DEBUG    Calling MOVE(1, 2) of white action
2025-03-31 20:27:43,263 [GameBoard   ] DEBUG    Querying whether the game ends in this state... Answer = False
2025-03-31 20:27:43,263 [Action      ] DEBUG    Calling MOVE(1, 3) of white action
2025-03-31 20:27:43,263 [GameBoard   ] DEBUG    Querying whether the game ends in this state... Answer = False
2025-03-31 20:27:43,263 [GameBoard   ] DEBUG    State has been changed to: 
F2G1G3/B8C8D5F8G8/D2F9
2025-03-31 20:27:43,264 [GameBoard   ] DEBUG    
   . . . . . . . . . . . . . . . . . .
8 :   쨌   |   |   쨌   쨌 B |   |   쨌   쨌
   . . . .*. .*. . . . . .*. .*. . . .
7 :   쨌   |   |   쨌   쨌   |   |   쨌   쨌
   . . . . . . . . . . . . . . . . . .
6 :   쨌   쨌   쨌   쨌   쨌   쨌   쨌   쨌   쨌
   . . . . . . . . . . . . . . . . . .
5 :   쨌   쨌   쨌   |   쨌   쨌   쨌   쨌   쨌
   . . . . . . . .*. . . . . . . . . .
4 :   쨌   쨌   쨌   |   쨌   쨌   쨌   쨌   쨌
   . . . . . . . . . . . . . . . . . .
3 :   쨌   쨌   쨌   쨌   쨌   쨌   쨌   쨌   쨌
   . . . . . . . . . . . . ---*--- . .
2 :   쨌   쨌   쨌   쨌   쨌   쨌   쨌   쨌   쨌
   . . . . . . . . . . ---*--- . . . .
1 :   쨌   쨌   쨌 W 쨌   쨌   쨌   쨌   쨌   쨌
   . . . . . . . . . . . . ---*--- . .
0 :   쨌   쨌   쨌   쨌   쨌   쨌   쨌   쨌   쨌
   쨌쨌쨌 쨌쨌쨌 쨌쨌쨌 쨌쨌쨌 쨌쨌쨌 쨌쨌쨌 쨌쨌쨌 쨌쨌쨌 쨌쨌쨌
    0   1   2   3   4   5   6   7   8 
2025-03-31 20:27:43,264 [GameBoard   ] DEBUG    ------- SIMULATION ENDS -------
2025-03-31 20:27:43,265 [GameBoard   ] DEBUG    Querying applicable move directions...
2025-03-31 20:27:43,265 [GameBoard   ] DEBUG    List of applicable move positions: [(0, 3), (1, 2), (1, 4), (2, 3)]
2025-03-31 20:27:43,265 [GameBoard   ] DEBUG    ------- SIMULATION START: (MOVE(1, 2) of white, MOVE(1, 1) of white, MOVE(1, 2) of white) -------
2025-03-31 20:27:43,266 [Action      ] DEBUG    Calling BLOCK construction on edge (0, 6).
2025-03-31 20:27:43,266 [Action      ] DEBUG    Calling BLOCK construction on edge (1, 5).
2025-03-31 20:27:43,266 [Action      ] DEBUG    Calling BLOCK construction on edge (2, 6).
2025-03-31 20:27:43,267 [Action      ] DEBUG    Calling BLOCK construction on edge (4, 3).
2025-03-31 20:27:43,267 [Action      ] DEBUG    Calling BLOCK construction on edge (7, 1).
2025-03-31 20:27:43,267 [Action      ] DEBUG    Calling BLOCK construction on edge (7, 2).
2025-03-31 20:27:43,268 [Action      ] DEBUG    Calling BLOCK construction on edge (7, 5).
2025-03-31 20:27:43,269 [Action      ] DEBUG    Calling BLOCK construction on edge (7, 6).
2025-03-31 20:27:43,270 [GameBoard   ] DEBUG    State has been set as follows: 
F2G1G3/B8C8D5F8G8/C1F9
2025-03-31 20:27:43,271 [GameBoard   ] DEBUG    
   . . . . . . . . . . . . . . . . . .
8 :   쨌   |   |   쨌   쨌 B |   |   쨌   쨌
   . . . .*. .*. . . . . .*. .*. . . .
7 :   쨌   |   |   쨌   쨌   |   |   쨌   쨌
   . . . . . . . . . . . . . . . . . .
6 :   쨌   쨌   쨌   쨌   쨌   쨌   쨌   쨌   쨌
   . . . . . . . . . . . . . . . . . .
5 :   쨌   쨌   쨌   |   쨌   쨌   쨌   쨌   쨌
   . . . . . . . .*. . . . . . . . . .
4 :   쨌   쨌   쨌   |   쨌   쨌   쨌   쨌   쨌
   . . . . . . . . . . . . . . . . . .
3 :   쨌   쨌   쨌   쨌   쨌   쨌   쨌   쨌   쨌
   . . . . . . . . . . . . ---*--- . .
2 :   쨌   쨌   쨌   쨌   쨌   쨌   쨌   쨌   쨌
   . . . . . . . . . . ---*--- . . . .
1 :   쨌   쨌   쨌   쨌   쨌   쨌   쨌   쨌   쨌
   . . . . . . . . . . . . ---*--- . .
0 :   쨌   쨌 W 쨌   쨌   쨌   쨌   쨌   쨌   쨌
   쨌쨌쨌 쨌쨌쨌 쨌쨌쨌 쨌쨌쨌 쨌쨌쨌 쨌쨌쨌 쨌쨌쨌 쨌쨌쨌 쨌쨌쨌
    0   1   2   3   4   5   6   7   8 
2025-03-31 20:27:43,271 [Action      ] DEBUG    Calling MOVE(1, 2) of white action
2025-03-31 20:27:43,271 [GameBoard   ] DEBUG    Querying whether the game ends in this state... Answer = False
2025-03-31 20:27:43,271 [Action      ] DEBUG    Calling MOVE(1, 1) of white action
2025-03-31 20:27:43,271 [GameBoard   ] DEBUG    Querying whether the game ends in this state... Answer = False
2025-03-31 20:27:43,271 [Action      ] DEBUG    Calling MOVE(1, 2) of white action
2025-03-31 20:27:43,271 [GameBoard   ] DEBUG    Querying whether the game ends in this state... Answer = False
2025-03-31 20:27:43,271 [GameBoard   ] DEBUG    State has been changed to: 
F2G1G3/B8C8D5F8G8/C2F9
2025-03-31 20:27:43,271 [GameBoard   ] DEBUG    
   . . . . . . . . . . . . . . . . . .
8 :   쨌   |   |   쨌   쨌 B |   |   쨌   쨌
   . . . .*. .*. . . . . .*. .*. . . .
7 :   쨌   |   |   쨌   쨌   |   |   쨌   쨌
   . . . . . . . . . . . . . . . . . .
6 :   쨌   쨌   쨌   쨌   쨌   쨌   쨌   쨌   쨌
   . . . . . . . . . . . . . . . . . .
5 :   쨌   쨌   쨌   |   쨌   쨌   쨌   쨌   쨌
   . . . . . . . .*. . . . . . . . . .
4 :   쨌   쨌   쨌   |   쨌   쨌   쨌   쨌   쨌
   . . . . . . . . . . . . . . . . . .
3 :   쨌   쨌   쨌   쨌   쨌   쨌   쨌   쨌   쨌
   . . . . . . . . . . . . ---*--- . .
2 :   쨌   쨌   쨌   쨌   쨌   쨌   쨌   쨌   쨌
   . . . . . . . . . . ---*--- . . . .
1 :   쨌   쨌 W 쨌   쨌   쨌   쨌   쨌   쨌   쨌
   . . . . . . . . . . . . ---*--- . .
0 :   쨌   쨌   쨌   쨌   쨌   쨌   쨌   쨌   쨌
   쨌쨌쨌 쨌쨌쨌 쨌쨌쨌 쨌쨌쨌 쨌쨌쨌 쨌쨌쨌 쨌쨌쨌 쨌쨌쨌 쨌쨌쨌
    0   1   2   3   4   5   6   7   8 
2025-03-31 20:27:43,271 [GameBoard   ] DEBUG    ------- SIMULATION ENDS -------
2025-03-31 20:27:43,272 [GameBoard   ] DEBUG    Querying applicable move directions...
2025-03-31 20:27:43,273 [GameBoard   ] DEBUG    List of applicable move positions: [(0, 2), (1, 1), (1, 3), (2, 2)]
2025-03-31 20:27:43,274 [GameBoard   ] DEBUG    ------- SIMULATION START: (MOVE(1, 2) of white, MOVE(1, 3) of white, MOVE(0, 3) of white) -------
2025-03-31 20:27:43,274 [Action      ] DEBUG    Calling BLOCK construction on edge (0, 6).
2025-03-31 20:27:43,274 [Action      ] DEBUG    Calling BLOCK construction on edge (1, 5).
2025-03-31 20:27:43,274 [Action      ] DEBUG    Calling BLOCK construction on edge (2, 6).
2025-03-31 20:27:43,275 [Action      ] DEBUG    Calling BLOCK construction on edge (4, 3).
2025-03-31 20:27:43,275 [Action      ] DEBUG    Calling BLOCK construction on edge (7, 1).
2025-03-31 20:27:43,275 [Action      ] DEBUG    Calling BLOCK construction on edge (7, 2).
2025-03-31 20:27:43,276 [Action      ] DEBUG    Calling BLOCK construction on edge (7, 5).
2025-03-31 20:27:43,276 [Action      ] DEBUG    Calling BLOCK construction on edge (7, 6).
2025-03-31 20:27:43,277 [GameBoard   ] DEBUG    State has been set as follows: 
F2G1G3/B8C8D5F8G8/C1F9
2025-03-31 20:27:43,278 [GameBoard   ] DEBUG    
   . . . . . . . . . . . . . . . . . .
8 :   쨌   |   |   쨌   쨌 B |   |   쨌   쨌
   . . . .*. .*. . . . . .*. .*. . . .
7 :   쨌   |   |   쨌   쨌   |   |   쨌   쨌
   . . . . . . . . . . . . . . . . . .
6 :   쨌   쨌   쨌   쨌   쨌   쨌   쨌   쨌   쨌
   . . . . . . . . . . . . . . . . . .
5 :   쨌   쨌   쨌   |   쨌   쨌   쨌   쨌   쨌
   . . . . . . . .*. . . . . . . . . .
4 :   쨌   쨌   쨌   |   쨌   쨌   쨌   쨌   쨌
   . . . . . . . . . . . . . . . . . .
3 :   쨌   쨌   쨌   쨌   쨌   쨌   쨌   쨌   쨌
   . . . . . . . . . . . . ---*--- . .
2 :   쨌   쨌   쨌   쨌   쨌   쨌   쨌   쨌   쨌
   . . . . . . . . . . ---*--- . . . .
1 :   쨌   쨌   쨌   쨌   쨌   쨌   쨌   쨌   쨌
   . . . . . . . . . . . . ---*--- . .
0 :   쨌   쨌 W 쨌   쨌   쨌   쨌   쨌   쨌   쨌
   쨌쨌쨌 쨌쨌쨌 쨌쨌쨌 쨌쨌쨌 쨌쨌쨌 쨌쨌쨌 쨌쨌쨌 쨌쨌쨌 쨌쨌쨌
    0   1   2   3   4   5   6   7   8 
2025-03-31 20:27:43,278 [Action      ] DEBUG    Calling MOVE(1, 2) of white action
2025-03-31 20:27:43,278 [GameBoard   ] DEBUG    Querying whether the game ends in this state... Answer = False
2025-03-31 20:27:43,278 [Action      ] DEBUG    Calling MOVE(1, 3) of white action
2025-03-31 20:27:43,278 [GameBoard   ] DEBUG    Querying whether the game ends in this state... Answer = False
2025-03-31 20:27:43,278 [Action      ] DEBUG    Calling MOVE(0, 3) of white action
2025-03-31 20:27:43,278 [GameBoard   ] DEBUG    Querying whether the game ends in this state... Answer = False
2025-03-31 20:27:43,278 [GameBoard   ] DEBUG    State has been changed to: 
F2G1G3/B8C8D5F8G8/D1F9
2025-03-31 20:27:43,278 [GameBoard   ] DEBUG    
   . . . . . . . . . . . . . . . . . .
8 :   쨌   |   |   쨌   쨌 B |   |   쨌   쨌
   . . . .*. .*. . . . . .*. .*. . . .
7 :   쨌   |   |   쨌   쨌   |   |   쨌   쨌
   . . . . . . . . . . . . . . . . . .
6 :   쨌   쨌   쨌   쨌   쨌   쨌   쨌   쨌   쨌
   . . . . . . . . . . . . . . . . . .
5 :   쨌   쨌   쨌   |   쨌   쨌   쨌   쨌   쨌
   . . . . . . . .*. . . . . . . . . .
4 :   쨌   쨌   쨌   |   쨌   쨌   쨌   쨌   쨌
   . . . . . . . . . . . . . . . . . .
3 :   쨌   쨌   쨌   쨌   쨌   쨌   쨌   쨌   쨌
   . . . . . . . . . . . . ---*--- . .
2 :   쨌   쨌   쨌   쨌   쨌   쨌   쨌   쨌   쨌
   . . . . . . . . . . ---*--- . . . .
1 :   쨌   쨌   쨌   쨌   쨌   쨌   쨌   쨌   쨌
   . . . . . . . . . . . . ---*--- . .
0 :   쨌   쨌   쨌 W 쨌   쨌   쨌   쨌   쨌   쨌
   쨌쨌쨌 쨌쨌쨌 쨌쨌쨌 쨌쨌쨌 쨌쨌쨌 쨌쨌쨌 쨌쨌쨌 쨌쨌쨌 쨌쨌쨌
    0   1   2   3   4   5   6   7   8 
2025-03-31 20:27:43,278 [GameBoard   ] DEBUG    ------- SIMULATION ENDS -------
2025-03-31 20:27:43,279 [GameBoard   ] DEBUG    Querying applicable move directions...
2025-03-31 20:27:43,280 [GameBoard   ] DEBUG    List of applicable move positions: [(0, 2), (0, 4), (1, 3)]
2025-03-31 20:27:43,280 [GameBoard   ] DEBUG    ------- SIMULATION START: (MOVE(1, 2) of white, MOVE(1, 3) of white, MOVE(0, 3) of white, MOVE(0, 4) of white) -------
2025-03-31 20:27:43,280 [Action      ] DEBUG    Calling BLOCK construction on edge (0, 6).
2025-03-31 20:27:43,280 [Action      ] DEBUG    Calling BLOCK construction on edge (1, 5).
2025-03-31 20:27:43,281 [Action      ] DEBUG    Calling BLOCK construction on edge (2, 6).
2025-03-31 20:27:43,281 [Action      ] DEBUG    Calling BLOCK construction on edge (4, 3).
2025-03-31 20:27:43,281 [Action      ] DEBUG    Calling BLOCK construction on edge (7, 1).
2025-03-31 20:27:43,282 [Action      ] DEBUG    Calling BLOCK construction on edge (7, 2).
2025-03-31 20:27:43,283 [Action      ] DEBUG    Calling BLOCK construction on edge (7, 5).
2025-03-31 20:27:43,283 [Action      ] DEBUG    Calling BLOCK construction on edge (7, 6).
2025-03-31 20:27:43,284 [GameBoard   ] DEBUG    State has been set as follows: 
F2G1G3/B8C8D5F8G8/C1F9
2025-03-31 20:27:43,285 [GameBoard   ] DEBUG    
   . . . . . . . . . . . . . . . . . .
8 :   쨌   |   |   쨌   쨌 B |   |   쨌   쨌
   . . . .*. .*. . . . . .*. .*. . . .
7 :   쨌   |   |   쨌   쨌   |   |   쨌   쨌
   . . . . . . . . . . . . . . . . . .
6 :   쨌   쨌   쨌   쨌   쨌   쨌   쨌   쨌   쨌
   . . . . . . . . . . . . . . . . . .
5 :   쨌   쨌   쨌   |   쨌   쨌   쨌   쨌   쨌
   . . . . . . . .*. . . . . . . . . .
4 :   쨌   쨌   쨌   |   쨌   쨌   쨌   쨌   쨌
   . . . . . . . . . . . . . . . . . .
3 :   쨌   쨌   쨌   쨌   쨌   쨌   쨌   쨌   쨌
   . . . . . . . . . . . . ---*--- . .
2 :   쨌   쨌   쨌   쨌   쨌   쨌   쨌   쨌   쨌
   . . . . . . . . . . ---*--- . . . .
1 :   쨌   쨌   쨌   쨌   쨌   쨌   쨌   쨌   쨌
   . . . . . . . . . . . . ---*--- . .
0 :   쨌   쨌 W 쨌   쨌   쨌   쨌   쨌   쨌   쨌
   쨌쨌쨌 쨌쨌쨌 쨌쨌쨌 쨌쨌쨌 쨌쨌쨌 쨌쨌쨌 쨌쨌쨌 쨌쨌쨌 쨌쨌쨌
    0   1   2   3   4   5   6   7   8 
2025-03-31 20:27:43,285 [Action      ] DEBUG    Calling MOVE(1, 2) of white action
2025-03-31 20:27:43,285 [GameBoard   ] DEBUG    Querying whether the game ends in this state... Answer = False
2025-03-31 20:27:43,285 [Action      ] DEBUG    Calling MOVE(1, 3) of white action
2025-03-31 20:27:43,285 [GameBoard   ] DEBUG    Querying whether the game ends in this state... Answer = False
2025-03-31 20:27:43,285 [Action      ] DEBUG    Calling MOVE(0, 3) of white action
2025-03-31 20:27:43,285 [GameBoard   ] DEBUG    Querying whether the game ends in this state... Answer = False
2025-03-31 20:27:43,285 [Action      ] DEBUG    Calling MOVE(0, 4) of white action
2025-03-31 20:27:43,285 [GameBoard   ] DEBUG    Querying whether the game ends in this state... Answer = False
2025-03-31 20:27:43,285 [GameBoard   ] DEBUG    State has been changed to: 
F2G1G3/B8C8D5F8G8/E1F9
2025-03-31 20:27:43,285 [GameBoard   ] DEBUG    
   . . . . . . . . . . . . . . . . . .
8 :   쨌   |   |   쨌   쨌 B |   |   쨌   쨌
   . . . .*. .*. . . . . .*. .*. . . .
7 :   쨌   |   |   쨌   쨌   |   |   쨌   쨌
   . . . . . . . . . . . . . . . . . .
6 :   쨌   쨌   쨌   쨌   쨌   쨌   쨌   쨌   쨌
   . . . . . . . . . . . . . . . . . .
5 :   쨌   쨌   쨌   |   쨌   쨌   쨌   쨌   쨌
   . . . . . . . .*. . . . . . . . . .
4 :   쨌   쨌   쨌   |   쨌   쨌   쨌   쨌   쨌
   . . . . . . . . . . . . . . . . . .
3 :   쨌   쨌   쨌   쨌   쨌   쨌   쨌   쨌   쨌
   . . . . . . . . . . . . ---*--- . .
2 :   쨌   쨌   쨌   쨌   쨌   쨌   쨌   쨌   쨌
   . . . . . . . . . . ---*--- . . . .
1 :   쨌   쨌   쨌   쨌   쨌   쨌   쨌   쨌   쨌
   . . . . . . . . . . . . ---*--- . .
0 :   쨌   쨌   쨌   쨌 W 쨌   쨌   쨌   쨌   쨌
   쨌쨌쨌 쨌쨌쨌 쨌쨌쨌 쨌쨌쨌 쨌쨌쨌 쨌쨌쨌 쨌쨌쨌 쨌쨌쨌 쨌쨌쨌
    0   1   2   3   4   5   6   7   8 
2025-03-31 20:27:43,285 [GameBoard   ] DEBUG    ------- SIMULATION ENDS -------
2025-03-31 20:27:43,286 [GameBoard   ] DEBUG    Querying applicable move directions...
2025-03-31 20:27:43,287 [GameBoard   ] DEBUG    List of applicable move positions: [(0, 3), (0, 5), (1, 4)]
2025-03-31 20:27:43,287 [GameBoard   ] DEBUG    ------- SIMULATION START: (MOVE(1, 2) of white, MOVE(2, 2) of white) -------
2025-03-31 20:27:43,287 [Action      ] DEBUG    Calling BLOCK construction on edge (0, 6).
2025-03-31 20:27:43,287 [Action      ] DEBUG    Calling BLOCK construction on edge (1, 5).
2025-03-31 20:27:43,288 [Action      ] DEBUG    Calling BLOCK construction on edge (2, 6).
2025-03-31 20:27:43,288 [Action      ] DEBUG    Calling BLOCK construction on edge (4, 3).
2025-03-31 20:27:43,288 [Action      ] DEBUG    Calling BLOCK construction on edge (7, 1).
2025-03-31 20:27:43,289 [Action      ] DEBUG    Calling BLOCK construction on edge (7, 2).
2025-03-31 20:27:43,289 [Action      ] DEBUG    Calling BLOCK construction on edge (7, 5).
2025-03-31 20:27:43,289 [Action      ] DEBUG    Calling BLOCK construction on edge (7, 6).
2025-03-31 20:27:43,291 [GameBoard   ] DEBUG    State has been set as follows: 
F2G1G3/B8C8D5F8G8/C1F9
2025-03-31 20:27:43,291 [GameBoard   ] DEBUG    
   . . . . . . . . . . . . . . . . . .
8 :   쨌   |   |   쨌   쨌 B |   |   쨌   쨌
   . . . .*. .*. . . . . .*. .*. . . .
7 :   쨌   |   |   쨌   쨌   |   |   쨌   쨌
   . . . . . . . . . . . . . . . . . .
6 :   쨌   쨌   쨌   쨌   쨌   쨌   쨌   쨌   쨌
   . . . . . . . . . . . . . . . . . .
5 :   쨌   쨌   쨌   |   쨌   쨌   쨌   쨌   쨌
   . . . . . . . .*. . . . . . . . . .
4 :   쨌   쨌   쨌   |   쨌   쨌   쨌   쨌   쨌
   . . . . . . . . . . . . . . . . . .
3 :   쨌   쨌   쨌   쨌   쨌   쨌   쨌   쨌   쨌
   . . . . . . . . . . . . ---*--- . .
2 :   쨌   쨌   쨌   쨌   쨌   쨌   쨌   쨌   쨌
   . . . . . . . . . . ---*--- . . . .
1 :   쨌   쨌   쨌   쨌   쨌   쨌   쨌   쨌   쨌
   . . . . . . . . . . . . ---*--- . .
0 :   쨌   쨌 W 쨌   쨌   쨌   쨌   쨌   쨌   쨌
   쨌쨌쨌 쨌쨌쨌 쨌쨌쨌 쨌쨌쨌 쨌쨌쨌 쨌쨌쨌 쨌쨌쨌 쨌쨌쨌 쨌쨌쨌
    0   1   2   3   4   5   6   7   8 
2025-03-31 20:27:43,291 [Action      ] DEBUG    Calling MOVE(1, 2) of white action
2025-03-31 20:27:43,291 [GameBoard   ] DEBUG    Querying whether the game ends in this state... Answer = False
2025-03-31 20:27:43,291 [Action      ] DEBUG    Calling MOVE(2, 2) of white action
2025-03-31 20:27:43,291 [GameBoard   ] DEBUG    Querying whether the game ends in this state... Answer = False
2025-03-31 20:27:43,291 [GameBoard   ] DEBUG    State has been changed to: 
F2G1G3/B8C8D5F8G8/C3F9
2025-03-31 20:27:43,291 [GameBoard   ] DEBUG    
   . . . . . . . . . . . . . . . . . .
8 :   쨌   |   |   쨌   쨌 B |   |   쨌   쨌
   . . . .*. .*. . . . . .*. .*. . . .
7 :   쨌   |   |   쨌   쨌   |   |   쨌   쨌
   . . . . . . . . . . . . . . . . . .
6 :   쨌   쨌   쨌   쨌   쨌   쨌   쨌   쨌   쨌
   . . . . . . . . . . . . . . . . . .
5 :   쨌   쨌   쨌   |   쨌   쨌   쨌   쨌   쨌
   . . . . . . . .*. . . . . . . . . .
4 :   쨌   쨌   쨌   |   쨌   쨌   쨌   쨌   쨌
   . . . . . . . . . . . . . . . . . .
3 :   쨌   쨌   쨌   쨌   쨌   쨌   쨌   쨌   쨌
   . . . . . . . . . . . . ---*--- . .
2 :   쨌   쨌 W 쨌   쨌   쨌   쨌   쨌   쨌   쨌
   . . . . . . . . . . ---*--- . . . .
1 :   쨌   쨌   쨌   쨌   쨌   쨌   쨌   쨌   쨌
   . . . . . . . . . . . . ---*--- . .
0 :   쨌   쨌   쨌   쨌   쨌   쨌   쨌   쨌   쨌
   쨌쨌쨌 쨌쨌쨌 쨌쨌쨌 쨌쨌쨌 쨌쨌쨌 쨌쨌쨌 쨌쨌쨌 쨌쨌쨌 쨌쨌쨌
    0   1   2   3   4   5   6   7   8 
2025-03-31 20:27:43,291 [GameBoard   ] DEBUG    ------- SIMULATION ENDS -------
2025-03-31 20:27:43,292 [GameBoard   ] DEBUG    Querying applicable move directions...
2025-03-31 20:27:43,293 [GameBoard   ] DEBUG    List of applicable move positions: [(1, 2), (2, 1), (2, 3), (3, 2)]
2025-03-31 20:27:43,293 [GameBoard   ] DEBUG    ------- SIMULATION START: (MOVE(1, 2) of white, MOVE(2, 2) of white, MOVE(2, 3) of white) -------
2025-03-31 20:27:43,293 [Action      ] DEBUG    Calling BLOCK construction on edge (0, 6).
2025-03-31 20:27:43,293 [Action      ] DEBUG    Calling BLOCK construction on edge (1, 5).
2025-03-31 20:27:43,294 [Action      ] DEBUG    Calling BLOCK construction on edge (2, 6).
2025-03-31 20:27:43,294 [Action      ] DEBUG    Calling BLOCK construction on edge (4, 3).
2025-03-31 20:27:43,294 [Action      ] DEBUG    Calling BLOCK construction on edge (7, 1).
2025-03-31 20:27:43,295 [Action      ] DEBUG    Calling BLOCK construction on edge (7, 2).
2025-03-31 20:27:43,295 [Action      ] DEBUG    Calling BLOCK construction on edge (7, 5).
2025-03-31 20:27:43,295 [Action      ] DEBUG    Calling BLOCK construction on edge (7, 6).
2025-03-31 20:27:43,296 [GameBoard   ] DEBUG    State has been set as follows: 
F2G1G3/B8C8D5F8G8/C1F9
2025-03-31 20:27:43,297 [GameBoard   ] DEBUG    
   . . . . . . . . . . . . . . . . . .
8 :   쨌   |   |   쨌   쨌 B |   |   쨌   쨌
   . . . .*. .*. . . . . .*. .*. . . .
7 :   쨌   |   |   쨌   쨌   |   |   쨌   쨌
   . . . . . . . . . . . . . . . . . .
6 :   쨌   쨌   쨌   쨌   쨌   쨌   쨌   쨌   쨌
   . . . . . . . . . . . . . . . . . .
5 :   쨌   쨌   쨌   |   쨌   쨌   쨌   쨌   쨌
   . . . . . . . .*. . . . . . . . . .
4 :   쨌   쨌   쨌   |   쨌   쨌   쨌   쨌   쨌
   . . . . . . . . . . . . . . . . . .
3 :   쨌   쨌   쨌   쨌   쨌   쨌   쨌   쨌   쨌
   . . . . . . . . . . . . ---*--- . .
2 :   쨌   쨌   쨌   쨌   쨌   쨌   쨌   쨌   쨌
   . . . . . . . . . . ---*--- . . . .
1 :   쨌   쨌   쨌   쨌   쨌   쨌   쨌   쨌   쨌
   . . . . . . . . . . . . ---*--- . .
0 :   쨌   쨌 W 쨌   쨌   쨌   쨌   쨌   쨌   쨌
   쨌쨌쨌 쨌쨌쨌 쨌쨌쨌 쨌쨌쨌 쨌쨌쨌 쨌쨌쨌 쨌쨌쨌 쨌쨌쨌 쨌쨌쨌
    0   1   2   3   4   5   6   7   8 
2025-03-31 20:27:43,298 [Action      ] DEBUG    Calling MOVE(1, 2) of white action
2025-03-31 20:27:43,298 [GameBoard   ] DEBUG    Querying whether the game ends in this state... Answer = False
2025-03-31 20:27:43,298 [Action      ] DEBUG    Calling MOVE(2, 2) of white action
2025-03-31 20:27:43,298 [GameBoard   ] DEBUG    Querying whether the game ends in this state... Answer = False
2025-03-31 20:27:43,298 [Action      ] DEBUG    Calling MOVE(2, 3) of white action
2025-03-31 20:27:43,298 [GameBoard   ] DEBUG    Querying whether the game ends in this state... Answer = False
2025-03-31 20:27:43,298 [GameBoard   ] DEBUG    State has been changed to: 
F2G1G3/B8C8D5F8G8/D3F9
2025-03-31 20:27:43,299 [GameBoard   ] DEBUG    
   . . . . . . . . . . . . . . . . . .
8 :   쨌   |   |   쨌   쨌 B |   |   쨌   쨌
   . . . .*. .*. . . . . .*. .*. . . .
7 :   쨌   |   |   쨌   쨌   |   |   쨌   쨌
   . . . . . . . . . . . . . . . . . .
6 :   쨌   쨌   쨌   쨌   쨌   쨌   쨌   쨌   쨌
   . . . . . . . . . . . . . . . . . .
5 :   쨌   쨌   쨌   |   쨌   쨌   쨌   쨌   쨌
   . . . . . . . .*. . . . . . . . . .
4 :   쨌   쨌   쨌   |   쨌   쨌   쨌   쨌   쨌
   . . . . . . . . . . . . . . . . . .
3 :   쨌   쨌   쨌   쨌   쨌   쨌   쨌   쨌   쨌
   . . . . . . . . . . . . ---*--- . .
2 :   쨌   쨌   쨌 W 쨌   쨌   쨌   쨌   쨌   쨌
   . . . . . . . . . . ---*--- . . . .
1 :   쨌   쨌   쨌   쨌   쨌   쨌   쨌   쨌   쨌
   . . . . . . . . . . . . ---*--- . .
0 :   쨌   쨌   쨌   쨌   쨌   쨌   쨌   쨌   쨌
   쨌쨌쨌 쨌쨌쨌 쨌쨌쨌 쨌쨌쨌 쨌쨌쨌 쨌쨌쨌 쨌쨌쨌 쨌쨌쨌 쨌쨌쨌
    0   1   2   3   4   5   6   7   8 
2025-03-31 20:27:43,299 [GameBoard   ] DEBUG    ------- SIMULATION ENDS -------
2025-03-31 20:27:43,300 [GameBoard   ] DEBUG    Querying applicable move directions...
2025-03-31 20:27:43,301 [GameBoard   ] DEBUG    List of applicable move positions: [(1, 3), (2, 2), (2, 4), (3, 3)]
2025-03-31 20:27:43,301 [GameBoard   ] DEBUG    ------- SIMULATION START: (MOVE(1, 2) of white, MOVE(2, 2) of white, MOVE(2, 3) of white, MOVE(2, 2) of white) -------
2025-03-31 20:27:43,301 [Action      ] DEBUG    Calling BLOCK construction on edge (0, 6).
2025-03-31 20:27:43,301 [Action      ] DEBUG    Calling BLOCK construction on edge (1, 5).
2025-03-31 20:27:43,301 [Action      ] DEBUG    Calling BLOCK construction on edge (2, 6).
2025-03-31 20:27:43,302 [Action      ] DEBUG    Calling BLOCK construction on edge (4, 3).
2025-03-31 20:27:43,302 [Action      ] DEBUG    Calling BLOCK construction on edge (7, 1).
2025-03-31 20:27:43,302 [Action      ] DEBUG    Calling BLOCK construction on edge (7, 2).
2025-03-31 20:27:43,303 [Action      ] DEBUG    Calling BLOCK construction on edge (7, 5).
2025-03-31 20:27:43,303 [Action      ] DEBUG    Calling BLOCK construction on edge (7, 6).
2025-03-31 20:27:43,305 [GameBoard   ] DEBUG    State has been set as follows: 
F2G1G3/B8C8D5F8G8/C1F9
2025-03-31 20:27:43,305 [GameBoard   ] DEBUG    
   . . . . . . . . . . . . . . . . . .
8 :   쨌   |   |   쨌   쨌 B |   |   쨌   쨌
   . . . .*. .*. . . . . .*. .*. . . .
7 :   쨌   |   |   쨌   쨌   |   |   쨌   쨌
   . . . . . . . . . . . . . . . . . .
6 :   쨌   쨌   쨌   쨌   쨌   쨌   쨌   쨌   쨌
   . . . . . . . . . . . . . . . . . .
5 :   쨌   쨌   쨌   |   쨌   쨌   쨌   쨌   쨌
   . . . . . . . .*. . . . . . . . . .
4 :   쨌   쨌   쨌   |   쨌   쨌   쨌   쨌   쨌
   . . . . . . . . . . . . . . . . . .
3 :   쨌   쨌   쨌   쨌   쨌   쨌   쨌   쨌   쨌
   . . . . . . . . . . . . ---*--- . .
2 :   쨌   쨌   쨌   쨌   쨌   쨌   쨌   쨌   쨌
   . . . . . . . . . . ---*--- . . . .
1 :   쨌   쨌   쨌   쨌   쨌   쨌   쨌   쨌   쨌
   . . . . . . . . . . . . ---*--- . .
0 :   쨌   쨌 W 쨌   쨌   쨌   쨌   쨌   쨌   쨌
   쨌쨌쨌 쨌쨌쨌 쨌쨌쨌 쨌쨌쨌 쨌쨌쨌 쨌쨌쨌 쨌쨌쨌 쨌쨌쨌 쨌쨌쨌
    0   1   2   3   4   5   6   7   8 
2025-03-31 20:27:43,305 [Action      ] DEBUG    Calling MOVE(1, 2) of white action
2025-03-31 20:27:43,305 [GameBoard   ] DEBUG    Querying whether the game ends in this state... Answer = False
2025-03-31 20:27:43,305 [Action      ] DEBUG    Calling MOVE(2, 2) of white action
2025-03-31 20:27:43,305 [GameBoard   ] DEBUG    Querying whether the game ends in this state... Answer = False
2025-03-31 20:27:43,305 [Action      ] DEBUG    Calling MOVE(2, 3) of white action
2025-03-31 20:27:43,305 [GameBoard   ] DEBUG    Querying whether the game ends in this state... Answer = False
2025-03-31 20:27:43,305 [Action      ] DEBUG    Calling MOVE(2, 2) of white action
2025-03-31 20:27:43,305 [GameBoard   ] DEBUG    Querying whether the game ends in this state... Answer = False
2025-03-31 20:27:43,305 [GameBoard   ] DEBUG    State has been changed to: 
F2G1G3/B8C8D5F8G8/C3F9
2025-03-31 20:27:43,306 [GameBoard   ] DEBUG    
   . . . . . . . . . . . . . . . . . .
8 :   쨌   |   |   쨌   쨌 B |   |   쨌   쨌
   . . . .*. .*. . . . . .*. .*. . . .
7 :   쨌   |   |   쨌   쨌   |   |   쨌   쨌
   . . . . . . . . . . . . . . . . . .
6 :   쨌   쨌   쨌   쨌   쨌   쨌   쨌   쨌   쨌
   . . . . . . . . . . . . . . . . . .
5 :   쨌   쨌   쨌   |   쨌   쨌   쨌   쨌   쨌
   . . . . . . . .*. . . . . . . . . .
4 :   쨌   쨌   쨌   |   쨌   쨌   쨌   쨌   쨌
   . . . . . . . . . . . . . . . . . .
3 :   쨌   쨌   쨌   쨌   쨌   쨌   쨌   쨌   쨌
   . . . . . . . . . . . . ---*--- . .
2 :   쨌   쨌 W 쨌   쨌   쨌   쨌   쨌   쨌   쨌
   . . . . . . . . . . ---*--- . . . .
1 :   쨌   쨌   쨌   쨌   쨌   쨌   쨌   쨌   쨌
   . . . . . . . . . . . . ---*--- . .
0 :   쨌   쨌   쨌   쨌   쨌   쨌   쨌   쨌   쨌
   쨌쨌쨌 쨌쨌쨌 쨌쨌쨌 쨌쨌쨌 쨌쨌쨌 쨌쨌쨌 쨌쨌쨌 쨌쨌쨌 쨌쨌쨌
    0   1   2   3   4   5   6   7   8 
2025-03-31 20:27:43,306 [GameBoard   ] DEBUG    ------- SIMULATION ENDS -------
2025-03-31 20:27:43,307 [GameBoard   ] DEBUG    Querying applicable move directions...
2025-03-31 20:27:43,307 [GameBoard   ] DEBUG    List of applicable move positions: [(1, 2), (2, 1), (2, 3), (3, 2)]
2025-03-31 20:27:43,307 [GameBoard   ] DEBUG    ------- SIMULATION START: (MOVE(1, 2) of white, MOVE(2, 2) of white, MOVE(3, 2) of white) -------
2025-03-31 20:27:43,307 [Action      ] DEBUG    Calling BLOCK construction on edge (0, 6).
2025-03-31 20:27:43,308 [Action      ] DEBUG    Calling BLOCK construction on edge (1, 5).
2025-03-31 20:27:43,308 [Action      ] DEBUG    Calling BLOCK construction on edge (2, 6).
2025-03-31 20:27:43,308 [Action      ] DEBUG    Calling BLOCK construction on edge (4, 3).
2025-03-31 20:27:43,309 [Action      ] DEBUG    Calling BLOCK construction on edge (7, 1).
2025-03-31 20:27:43,309 [Action      ] DEBUG    Calling BLOCK construction on edge (7, 2).
2025-03-31 20:27:43,309 [Action      ] DEBUG    Calling BLOCK construction on edge (7, 5).
2025-03-31 20:27:43,310 [Action      ] DEBUG    Calling BLOCK construction on edge (7, 6).
2025-03-31 20:27:43,311 [GameBoard   ] DEBUG    State has been set as follows: 
F2G1G3/B8C8D5F8G8/C1F9
2025-03-31 20:27:43,311 [GameBoard   ] DEBUG    
   . . . . . . . . . . . . . . . . . .
8 :   쨌   |   |   쨌   쨌 B |   |   쨌   쨌
   . . . .*. .*. . . . . .*. .*. . . .
7 :   쨌   |   |   쨌   쨌   |   |   쨌   쨌
   . . . . . . . . . . . . . . . . . .
6 :   쨌   쨌   쨌   쨌   쨌   쨌   쨌   쨌   쨌
   . . . . . . . . . . . . . . . . . .
5 :   쨌   쨌   쨌   |   쨌   쨌   쨌   쨌   쨌
   . . . . . . . .*. . . . . . . . . .
4 :   쨌   쨌   쨌   |   쨌   쨌   쨌   쨌   쨌
   . . . . . . . . . . . . . . . . . .
3 :   쨌   쨌   쨌   쨌   쨌   쨌   쨌   쨌   쨌
   . . . . . . . . . . . . ---*--- . .
2 :   쨌   쨌   쨌   쨌   쨌   쨌   쨌   쨌   쨌
   . . . . . . . . . . ---*--- . . . .
1 :   쨌   쨌   쨌   쨌   쨌   쨌   쨌   쨌   쨌
   . . . . . . . . . . . . ---*--- . .
0 :   쨌   쨌 W 쨌   쨌   쨌   쨌   쨌   쨌   쨌
   쨌쨌쨌 쨌쨌쨌 쨌쨌쨌 쨌쨌쨌 쨌쨌쨌 쨌쨌쨌 쨌쨌쨌 쨌쨌쨌 쨌쨌쨌
    0   1   2   3   4   5   6   7   8 
2025-03-31 20:27:43,311 [Action      ] DEBUG    Calling MOVE(1, 2) of white action
2025-03-31 20:27:43,311 [GameBoard   ] DEBUG    Querying whether the game ends in this state... Answer = False
2025-03-31 20:27:43,311 [Action      ] DEBUG    Calling MOVE(2, 2) of white action
2025-03-31 20:27:43,311 [GameBoard   ] DEBUG    Querying whether the game ends in this state... Answer = False
2025-03-31 20:27:43,311 [Action      ] DEBUG    Calling MOVE(3, 2) of white action
2025-03-31 20:27:43,311 [GameBoard   ] DEBUG    Querying whether the game ends in this state... Answer = False
2025-03-31 20:27:43,311 [GameBoard   ] DEBUG    State has been changed to: 
F2G1G3/B8C8D5F8G8/C4F9
2025-03-31 20:27:43,312 [GameBoard   ] DEBUG    
   . . . . . . . . . . . . . . . . . .
8 :   쨌   |   |   쨌   쨌 B |   |   쨌   쨌
   . . . .*. .*. . . . . .*. .*. . . .
7 :   쨌   |   |   쨌   쨌   |   |   쨌   쨌
   . . . . . . . . . . . . . . . . . .
6 :   쨌   쨌   쨌   쨌   쨌   쨌   쨌   쨌   쨌
   . . . . . . . . . . . . . . . . . .
5 :   쨌   쨌   쨌   |   쨌   쨌   쨌   쨌   쨌
   . . . . . . . .*. . . . . . . . . .
4 :   쨌   쨌   쨌   |   쨌   쨌   쨌   쨌   쨌
   . . . . . . . . . . . . . . . . . .
3 :   쨌   쨌 W 쨌   쨌   쨌   쨌   쨌   쨌   쨌
   . . . . . . . . . . . . ---*--- . .
2 :   쨌   쨌   쨌   쨌   쨌   쨌   쨌   쨌   쨌
   . . . . . . . . . . ---*--- . . . .
1 :   쨌   쨌   쨌   쨌   쨌   쨌   쨌   쨌   쨌
   . . . . . . . . . . . . ---*--- . .
0 :   쨌   쨌   쨌   쨌   쨌   쨌   쨌   쨌   쨌
   쨌쨌쨌 쨌쨌쨌 쨌쨌쨌 쨌쨌쨌 쨌쨌쨌 쨌쨌쨌 쨌쨌쨌 쨌쨌쨌 쨌쨌쨌
    0   1   2   3   4   5   6   7   8 
2025-03-31 20:27:43,313 [GameBoard   ] DEBUG    ------- SIMULATION ENDS -------
2025-03-31 20:27:43,314 [GameBoard   ] DEBUG    Querying applicable move directions...
2025-03-31 20:27:43,314 [GameBoard   ] DEBUG    List of applicable move positions: [(2, 2), (3, 1), (3, 3), (4, 2)]
2025-03-31 20:27:43,314 [GameBoard   ] DEBUG    ------- SIMULATION START: (MOVE(1, 2) of white, MOVE(2, 2) of white, MOVE(3, 2) of white, MOVE(4, 2) of white) -------
2025-03-31 20:27:43,314 [Action      ] DEBUG    Calling BLOCK construction on edge (0, 6).
2025-03-31 20:27:43,315 [Action      ] DEBUG    Calling BLOCK construction on edge (1, 5).
2025-03-31 20:27:43,315 [Action      ] DEBUG    Calling BLOCK construction on edge (2, 6).
2025-03-31 20:27:43,315 [Action      ] DEBUG    Calling BLOCK construction on edge (4, 3).
2025-03-31 20:27:43,316 [Action      ] DEBUG    Calling BLOCK construction on edge (7, 1).
2025-03-31 20:27:43,316 [Action      ] DEBUG    Calling BLOCK construction on edge (7, 2).
2025-03-31 20:27:43,316 [Action      ] DEBUG    Calling BLOCK construction on edge (7, 5).
2025-03-31 20:27:43,317 [Action      ] DEBUG    Calling BLOCK construction on edge (7, 6).
2025-03-31 20:27:43,318 [GameBoard   ] DEBUG    State has been set as follows: 
F2G1G3/B8C8D5F8G8/C1F9
2025-03-31 20:27:43,318 [GameBoard   ] DEBUG    
   . . . . . . . . . . . . . . . . . .
8 :   쨌   |   |   쨌   쨌 B |   |   쨌   쨌
   . . . .*. .*. . . . . .*. .*. . . .
7 :   쨌   |   |   쨌   쨌   |   |   쨌   쨌
   . . . . . . . . . . . . . . . . . .
6 :   쨌   쨌   쨌   쨌   쨌   쨌   쨌   쨌   쨌
   . . . . . . . . . . . . . . . . . .
5 :   쨌   쨌   쨌   |   쨌   쨌   쨌   쨌   쨌
   . . . . . . . .*. . . . . . . . . .
4 :   쨌   쨌   쨌   |   쨌   쨌   쨌   쨌   쨌
   . . . . . . . . . . . . . . . . . .
3 :   쨌   쨌   쨌   쨌   쨌   쨌   쨌   쨌   쨌
   . . . . . . . . . . . . ---*--- . .
2 :   쨌   쨌   쨌   쨌   쨌   쨌   쨌   쨌   쨌
   . . . . . . . . . . ---*--- . . . .
1 :   쨌   쨌   쨌   쨌   쨌   쨌   쨌   쨌   쨌
   . . . . . . . . . . . . ---*--- . .
0 :   쨌   쨌 W 쨌   쨌   쨌   쨌   쨌   쨌   쨌
   쨌쨌쨌 쨌쨌쨌 쨌쨌쨌 쨌쨌쨌 쨌쨌쨌 쨌쨌쨌 쨌쨌쨌 쨌쨌쨌 쨌쨌쨌
    0   1   2   3   4   5   6   7   8 
2025-03-31 20:27:43,318 [Action      ] DEBUG    Calling MOVE(1, 2) of white action
2025-03-31 20:27:43,318 [GameBoard   ] DEBUG    Querying whether the game ends in this state... Answer = False
2025-03-31 20:27:43,318 [Action      ] DEBUG    Calling MOVE(2, 2) of white action
2025-03-31 20:27:43,318 [GameBoard   ] DEBUG    Querying whether the game ends in this state... Answer = False
2025-03-31 20:27:43,318 [Action      ] DEBUG    Calling MOVE(3, 2) of white action
2025-03-31 20:27:43,318 [GameBoard   ] DEBUG    Querying whether the game ends in this state... Answer = False
2025-03-31 20:27:43,318 [Action      ] DEBUG    Calling MOVE(4, 2) of white action
2025-03-31 20:27:43,318 [GameBoard   ] DEBUG    Querying whether the game ends in this state... Answer = False
2025-03-31 20:27:43,319 [GameBoard   ] DEBUG    State has been changed to: 
F2G1G3/B8C8D5F8G8/C5F9
2025-03-31 20:27:43,319 [GameBoard   ] DEBUG    
   . . . . . . . . . . . . . . . . . .
8 :   쨌   |   |   쨌   쨌 B |   |   쨌   쨌
   . . . .*. .*. . . . . .*. .*. . . .
7 :   쨌   |   |   쨌   쨌   |   |   쨌   쨌
   . . . . . . . . . . . . . . . . . .
6 :   쨌   쨌   쨌   쨌   쨌   쨌   쨌   쨌   쨌
   . . . . . . . . . . . . . . . . . .
5 :   쨌   쨌   쨌   |   쨌   쨌   쨌   쨌   쨌
   . . . . . . . .*. . . . . . . . . .
4 :   쨌   쨌 W 쨌   |   쨌   쨌   쨌   쨌   쨌
   . . . . . . . . . . . . . . . . . .
3 :   쨌   쨌   쨌   쨌   쨌   쨌   쨌   쨌   쨌
   . . . . . . . . . . . . ---*--- . .
2 :   쨌   쨌   쨌   쨌   쨌   쨌   쨌   쨌   쨌
   . . . . . . . . . . ---*--- . . . .
1 :   쨌   쨌   쨌   쨌   쨌   쨌   쨌   쨌   쨌
   . . . . . . . . . . . . ---*--- . .
0 :   쨌   쨌   쨌   쨌   쨌   쨌   쨌   쨌   쨌
   쨌쨌쨌 쨌쨌쨌 쨌쨌쨌 쨌쨌쨌 쨌쨌쨌 쨌쨌쨌 쨌쨌쨌 쨌쨌쨌 쨌쨌쨌
    0   1   2   3   4   5   6   7   8 
2025-03-31 20:27:43,319 [GameBoard   ] DEBUG    ------- SIMULATION ENDS -------
2025-03-31 20:27:43,320 [GameBoard   ] DEBUG    Querying applicable move directions...
2025-03-31 20:27:43,321 [GameBoard   ] DEBUG    List of applicable move positions: [(3, 2), (4, 1), (4, 3), (5, 2)]
2025-03-31 20:27:43,321 [GameBoard   ] DEBUG    ------- SIMULATION START: (MOVE(1, 2) of white, MOVE(2, 2) of white, MOVE(3, 2) of white, MOVE(4, 2) of white, MOVE(5, 2) of white) -------
2025-03-31 20:27:43,321 [Action      ] DEBUG    Calling BLOCK construction on edge (0, 6).
2025-03-31 20:27:43,321 [Action      ] DEBUG    Calling BLOCK construction on edge (1, 5).
2025-03-31 20:27:43,322 [Action      ] DEBUG    Calling BLOCK construction on edge (2, 6).
2025-03-31 20:27:43,322 [Action      ] DEBUG    Calling BLOCK construction on edge (4, 3).
2025-03-31 20:27:43,322 [Action      ] DEBUG    Calling BLOCK construction on edge (7, 1).
2025-03-31 20:27:43,323 [Action      ] DEBUG    Calling BLOCK construction on edge (7, 2).
2025-03-31 20:27:43,323 [Action      ] DEBUG    Calling BLOCK construction on edge (7, 5).
2025-03-31 20:27:43,323 [Action      ] DEBUG    Calling BLOCK construction on edge (7, 6).
2025-03-31 20:27:43,325 [GameBoard   ] DEBUG    State has been set as follows: 
F2G1G3/B8C8D5F8G8/C1F9
2025-03-31 20:27:43,325 [GameBoard   ] DEBUG    
   . . . . . . . . . . . . . . . . . .
8 :   쨌   |   |   쨌   쨌 B |   |   쨌   쨌
   . . . .*. .*. . . . . .*. .*. . . .
7 :   쨌   |   |   쨌   쨌   |   |   쨌   쨌
   . . . . . . . . . . . . . . . . . .
6 :   쨌   쨌   쨌   쨌   쨌   쨌   쨌   쨌   쨌
   . . . . . . . . . . . . . . . . . .
5 :   쨌   쨌   쨌   |   쨌   쨌   쨌   쨌   쨌
   . . . . . . . .*. . . . . . . . . .
4 :   쨌   쨌   쨌   |   쨌   쨌   쨌   쨌   쨌
   . . . . . . . . . . . . . . . . . .
3 :   쨌   쨌   쨌   쨌   쨌   쨌   쨌   쨌   쨌
   . . . . . . . . . . . . ---*--- . .
2 :   쨌   쨌   쨌   쨌   쨌   쨌   쨌   쨌   쨌
   . . . . . . . . . . ---*--- . . . .
1 :   쨌   쨌   쨌   쨌   쨌   쨌   쨌   쨌   쨌
   . . . . . . . . . . . . ---*--- . .
0 :   쨌   쨌 W 쨌   쨌   쨌   쨌   쨌   쨌   쨌
   쨌쨌쨌 쨌쨌쨌 쨌쨌쨌 쨌쨌쨌 쨌쨌쨌 쨌쨌쨌 쨌쨌쨌 쨌쨌쨌 쨌쨌쨌
    0   1   2   3   4   5   6   7   8 
2025-03-31 20:27:43,325 [Action      ] DEBUG    Calling MOVE(1, 2) of white action
2025-03-31 20:27:43,325 [GameBoard   ] DEBUG    Querying whether the game ends in this state... Answer = False
2025-03-31 20:27:43,325 [Action      ] DEBUG    Calling MOVE(2, 2) of white action
2025-03-31 20:27:43,325 [GameBoard   ] DEBUG    Querying whether the game ends in this state... Answer = False
2025-03-31 20:27:43,325 [Action      ] DEBUG    Calling MOVE(3, 2) of white action
2025-03-31 20:27:43,325 [GameBoard   ] DEBUG    Querying whether the game ends in this state... Answer = False
2025-03-31 20:27:43,325 [Action      ] DEBUG    Calling MOVE(4, 2) of white action
2025-03-31 20:27:43,325 [GameBoard   ] DEBUG    Querying whether the game ends in this state... Answer = False
2025-03-31 20:27:43,325 [Action      ] DEBUG    Calling MOVE(5, 2) of white action
2025-03-31 20:27:43,326 [GameBoard   ] DEBUG    Querying whether the game ends in this state... Answer = False
2025-03-31 20:27:43,326 [GameBoard   ] DEBUG    State has been changed to: 
F2G1G3/B8C8D5F8G8/C6F9
2025-03-31 20:27:43,326 [GameBoard   ] DEBUG    
   . . . . . . . . . . . . . . . . . .
8 :   쨌   |   |   쨌   쨌 B |   |   쨌   쨌
   . . . .*. .*. . . . . .*. .*. . . .
7 :   쨌   |   |   쨌   쨌   |   |   쨌   쨌
   . . . . . . . . . . . . . . . . . .
6 :   쨌   쨌   쨌   쨌   쨌   쨌   쨌   쨌   쨌
   . . . . . . . . . . . . . . . . . .
5 :   쨌   쨌 W 쨌   |   쨌   쨌   쨌   쨌   쨌
   . . . . . . . .*. . . . . . . . . .
4 :   쨌   쨌   쨌   |   쨌   쨌   쨌   쨌   쨌
   . . . . . . . . . . . . . . . . . .
3 :   쨌   쨌   쨌   쨌   쨌   쨌   쨌   쨌   쨌
   . . . . . . . . . . . . ---*--- . .
2 :   쨌   쨌   쨌   쨌   쨌   쨌   쨌   쨌   쨌
   . . . . . . . . . . ---*--- . . . .
1 :   쨌   쨌   쨌   쨌   쨌   쨌   쨌   쨌   쨌
   . . . . . . . . . . . . ---*--- . .
0 :   쨌   쨌   쨌   쨌   쨌   쨌   쨌   쨌   쨌
   쨌쨌쨌 쨌쨌쨌 쨌쨌쨌 쨌쨌쨌 쨌쨌쨌 쨌쨌쨌 쨌쨌쨌 쨌쨌쨌 쨌쨌쨌
    0   1   2   3   4   5   6   7   8 
2025-03-31 20:27:43,326 [GameBoard   ] DEBUG    ------- SIMULATION ENDS -------
2025-03-31 20:27:43,327 [GameBoard   ] DEBUG    Querying applicable move directions...
2025-03-31 20:27:43,328 [GameBoard   ] DEBUG    List of applicable move positions: [(4, 2), (5, 1), (5, 3), (6, 2)]
2025-03-31 20:27:43,328 [GameBoard   ] DEBUG    ------- SIMULATION START: (MOVE(1, 2) of white, MOVE(2, 2) of white, MOVE(3, 2) of white, MOVE(4, 2) of white, MOVE(5, 2) of white, MOVE(5, 3) of white) -------
2025-03-31 20:27:43,328 [Action      ] DEBUG    Calling BLOCK construction on edge (0, 6).
2025-03-31 20:27:43,329 [Action      ] DEBUG    Calling BLOCK construction on edge (1, 5).
2025-03-31 20:27:43,330 [Action      ] DEBUG    Calling BLOCK construction on edge (2, 6).
2025-03-31 20:27:43,330 [Action      ] DEBUG    Calling BLOCK construction on edge (4, 3).
2025-03-31 20:27:43,330 [Action      ] DEBUG    Calling BLOCK construction on edge (7, 1).
2025-03-31 20:27:43,331 [Action      ] DEBUG    Calling BLOCK construction on edge (7, 2).
2025-03-31 20:27:43,331 [Action      ] DEBUG    Calling BLOCK construction on edge (7, 5).
2025-03-31 20:27:43,331 [Action      ] DEBUG    Calling BLOCK construction on edge (7, 6).
2025-03-31 20:27:43,333 [GameBoard   ] DEBUG    State has been set as follows: 
F2G1G3/B8C8D5F8G8/C1F9
2025-03-31 20:27:43,333 [GameBoard   ] DEBUG    
   . . . . . . . . . . . . . . . . . .
8 :   쨌   |   |   쨌   쨌 B |   |   쨌   쨌
   . . . .*. .*. . . . . .*. .*. . . .
7 :   쨌   |   |   쨌   쨌   |   |   쨌   쨌
   . . . . . . . . . . . . . . . . . .
6 :   쨌   쨌   쨌   쨌   쨌   쨌   쨌   쨌   쨌
   . . . . . . . . . . . . . . . . . .
5 :   쨌   쨌   쨌   |   쨌   쨌   쨌   쨌   쨌
   . . . . . . . .*. . . . . . . . . .
4 :   쨌   쨌   쨌   |   쨌   쨌   쨌   쨌   쨌
   . . . . . . . . . . . . . . . . . .
3 :   쨌   쨌   쨌   쨌   쨌   쨌   쨌   쨌   쨌
   . . . . . . . . . . . . ---*--- . .
2 :   쨌   쨌   쨌   쨌   쨌   쨌   쨌   쨌   쨌
   . . . . . . . . . . ---*--- . . . .
1 :   쨌   쨌   쨌   쨌   쨌   쨌   쨌   쨌   쨌
   . . . . . . . . . . . . ---*--- . .
0 :   쨌   쨌 W 쨌   쨌   쨌   쨌   쨌   쨌   쨌
   쨌쨌쨌 쨌쨌쨌 쨌쨌쨌 쨌쨌쨌 쨌쨌쨌 쨌쨌쨌 쨌쨌쨌 쨌쨌쨌 쨌쨌쨌
    0   1   2   3   4   5   6   7   8 
2025-03-31 20:27:43,333 [Action      ] DEBUG    Calling MOVE(1, 2) of white action
2025-03-31 20:27:43,333 [GameBoard   ] DEBUG    Querying whether the game ends in this state... Answer = False
2025-03-31 20:27:43,333 [Action      ] DEBUG    Calling MOVE(2, 2) of white action
2025-03-31 20:27:43,333 [GameBoard   ] DEBUG    Querying whether the game ends in this state... Answer = False
2025-03-31 20:27:43,333 [Action      ] DEBUG    Calling MOVE(3, 2) of white action
2025-03-31 20:27:43,333 [GameBoard   ] DEBUG    Querying whether the game ends in this state... Answer = False
2025-03-31 20:27:43,334 [Action      ] DEBUG    Calling MOVE(4, 2) of white action
2025-03-31 20:27:43,334 [GameBoard   ] DEBUG    Querying whether the game ends in this state... Answer = False
2025-03-31 20:27:43,334 [Action      ] DEBUG    Calling MOVE(5, 2) of white action
2025-03-31 20:27:43,334 [GameBoard   ] DEBUG    Querying whether the game ends in this state... Answer = False
2025-03-31 20:27:43,334 [Action      ] DEBUG    Calling MOVE(5, 3) of white action
2025-03-31 20:27:43,334 [GameBoard   ] DEBUG    Querying whether the game ends in this state... Answer = False
2025-03-31 20:27:43,334 [GameBoard   ] DEBUG    State has been changed to: 
F2G1G3/B8C8D5F8G8/D6F9
2025-03-31 20:27:43,334 [GameBoard   ] DEBUG    
   . . . . . . . . . . . . . . . . . .
8 :   쨌   |   |   쨌   쨌 B |   |   쨌   쨌
   . . . .*. .*. . . . . .*. .*. . . .
7 :   쨌   |   |   쨌   쨌   |   |   쨌   쨌
   . . . . . . . . . . . . . . . . . .
6 :   쨌   쨌   쨌   쨌   쨌   쨌   쨌   쨌   쨌
   . . . . . . . . . . . . . . . . . .
5 :   쨌   쨌   쨌 W |   쨌   쨌   쨌   쨌   쨌
   . . . . . . . .*. . . . . . . . . .
4 :   쨌   쨌   쨌   |   쨌   쨌   쨌   쨌   쨌
   . . . . . . . . . . . . . . . . . .
3 :   쨌   쨌   쨌   쨌   쨌   쨌   쨌   쨌   쨌
   . . . . . . . . . . . . ---*--- . .
2 :   쨌   쨌   쨌   쨌   쨌   쨌   쨌   쨌   쨌
   . . . . . . . . . . ---*--- . . . .
1 :   쨌   쨌   쨌   쨌   쨌   쨌   쨌   쨌   쨌
   . . . . . . . . . . . . ---*--- . .
0 :   쨌   쨌   쨌   쨌   쨌   쨌   쨌   쨌   쨌
   쨌쨌쨌 쨌쨌쨌 쨌쨌쨌 쨌쨌쨌 쨌쨌쨌 쨌쨌쨌 쨌쨌쨌 쨌쨌쨌 쨌쨌쨌
    0   1   2   3   4   5   6   7   8 
2025-03-31 20:27:43,334 [GameBoard   ] DEBUG    ------- SIMULATION ENDS -------
2025-03-31 20:27:43,335 [GameBoard   ] DEBUG    Querying applicable move directions...
2025-03-31 20:27:43,336 [GameBoard   ] DEBUG    List of applicable move positions: [(4, 3), (5, 2), (6, 3)]
2025-03-31 20:27:43,336 [GameBoard   ] DEBUG    ------- SIMULATION START: (MOVE(1, 2) of white, MOVE(2, 2) of white, MOVE(3, 2) of white, MOVE(4, 2) of white, MOVE(5, 2) of white, MOVE(6, 2) of white) -------
2025-03-31 20:27:43,336 [Action      ] DEBUG    Calling BLOCK construction on edge (0, 6).
2025-03-31 20:27:43,336 [Action      ] DEBUG    Calling BLOCK construction on edge (1, 5).
2025-03-31 20:27:43,337 [Action      ] DEBUG    Calling BLOCK construction on edge (2, 6).
2025-03-31 20:27:43,337 [Action      ] DEBUG    Calling BLOCK construction on edge (4, 3).
2025-03-31 20:27:43,337 [Action      ] DEBUG    Calling BLOCK construction on edge (7, 1).
2025-03-31 20:27:43,338 [Action      ] DEBUG    Calling BLOCK construction on edge (7, 2).
2025-03-31 20:27:43,338 [Action      ] DEBUG    Calling BLOCK construction on edge (7, 5).
2025-03-31 20:27:43,338 [Action      ] DEBUG    Calling BLOCK construction on edge (7, 6).
2025-03-31 20:27:43,340 [GameBoard   ] DEBUG    State has been set as follows: 
F2G1G3/B8C8D5F8G8/C1F9
2025-03-31 20:27:43,340 [GameBoard   ] DEBUG    
   . . . . . . . . . . . . . . . . . .
8 :   쨌   |   |   쨌   쨌 B |   |   쨌   쨌
   . . . .*. .*. . . . . .*. .*. . . .
7 :   쨌   |   |   쨌   쨌   |   |   쨌   쨌
   . . . . . . . . . . . . . . . . . .
6 :   쨌   쨌   쨌   쨌   쨌   쨌   쨌   쨌   쨌
   . . . . . . . . . . . . . . . . . .
5 :   쨌   쨌   쨌   |   쨌   쨌   쨌   쨌   쨌
   . . . . . . . .*. . . . . . . . . .
4 :   쨌   쨌   쨌   |   쨌   쨌   쨌   쨌   쨌
   . . . . . . . . . . . . . . . . . .
3 :   쨌   쨌   쨌   쨌   쨌   쨌   쨌   쨌   쨌
   . . . . . . . . . . . . ---*--- . .
2 :   쨌   쨌   쨌   쨌   쨌   쨌   쨌   쨌   쨌
   . . . . . . . . . . ---*--- . . . .
1 :   쨌   쨌   쨌   쨌   쨌   쨌   쨌   쨌   쨌
   . . . . . . . . . . . . ---*--- . .
0 :   쨌   쨌 W 쨌   쨌   쨌   쨌   쨌   쨌   쨌
   쨌쨌쨌 쨌쨌쨌 쨌쨌쨌 쨌쨌쨌 쨌쨌쨌 쨌쨌쨌 쨌쨌쨌 쨌쨌쨌 쨌쨌쨌
    0   1   2   3   4   5   6   7   8 
2025-03-31 20:27:43,340 [Action      ] DEBUG    Calling MOVE(1, 2) of white action
2025-03-31 20:27:43,340 [GameBoard   ] DEBUG    Querying whether the game ends in this state... Answer = False
2025-03-31 20:27:43,340 [Action      ] DEBUG    Calling MOVE(2, 2) of white action
2025-03-31 20:27:43,340 [GameBoard   ] DEBUG    Querying whether the game ends in this state... Answer = False
2025-03-31 20:27:43,340 [Action      ] DEBUG    Calling MOVE(3, 2) of white action
2025-03-31 20:27:43,340 [GameBoard   ] DEBUG    Querying whether the game ends in this state... Answer = False
2025-03-31 20:27:43,340 [Action      ] DEBUG    Calling MOVE(4, 2) of white action
2025-03-31 20:27:43,340 [GameBoard   ] DEBUG    Querying whether the game ends in this state... Answer = False
2025-03-31 20:27:43,341 [Action      ] DEBUG    Calling MOVE(5, 2) of white action
2025-03-31 20:27:43,341 [GameBoard   ] DEBUG    Querying whether the game ends in this state... Answer = False
2025-03-31 20:27:43,341 [Action      ] DEBUG    Calling MOVE(6, 2) of white action
2025-03-31 20:27:43,341 [GameBoard   ] DEBUG    Querying whether the game ends in this state... Answer = False
2025-03-31 20:27:43,341 [GameBoard   ] DEBUG    State has been changed to: 
F2G1G3/B8C8D5F8G8/C7F9
2025-03-31 20:27:43,341 [GameBoard   ] DEBUG    
   . . . . . . . . . . . . . . . . . .
8 :   쨌   |   |   쨌   쨌 B |   |   쨌   쨌
   . . . .*. .*. . . . . .*. .*. . . .
7 :   쨌   |   |   쨌   쨌   |   |   쨌   쨌
   . . . . . . . . . . . . . . . . . .
6 :   쨌   쨌 W 쨌   쨌   쨌   쨌   쨌   쨌   쨌
   . . . . . . . . . . . . . . . . . .
5 :   쨌   쨌   쨌   |   쨌   쨌   쨌   쨌   쨌
   . . . . . . . .*. . . . . . . . . .
4 :   쨌   쨌   쨌   |   쨌   쨌   쨌   쨌   쨌
   . . . . . . . . . . . . . . . . . .
3 :   쨌   쨌   쨌   쨌   쨌   쨌   쨌   쨌   쨌
   . . . . . . . . . . . . ---*--- . .
2 :   쨌   쨌   쨌   쨌   쨌   쨌   쨌   쨌   쨌
   . . . . . . . . . . ---*--- . . . .
1 :   쨌   쨌   쨌   쨌   쨌   쨌   쨌   쨌   쨌
   . . . . . . . . . . . . ---*--- . .
0 :   쨌   쨌   쨌   쨌   쨌   쨌   쨌   쨌   쨌
   쨌쨌쨌 쨌쨌쨌 쨌쨌쨌 쨌쨌쨌 쨌쨌쨌 쨌쨌쨌 쨌쨌쨌 쨌쨌쨌 쨌쨌쨌
    0   1   2   3   4   5   6   7   8 
2025-03-31 20:27:43,341 [GameBoard   ] DEBUG    ------- SIMULATION ENDS -------
2025-03-31 20:27:43,342 [GameBoard   ] DEBUG    Querying applicable move directions...
2025-03-31 20:27:43,343 [GameBoard   ] DEBUG    List of applicable move positions: [(5, 2), (6, 1), (6, 3), (7, 2)]
2025-03-31 20:27:43,343 [GameBoard   ] DEBUG    ------- SIMULATION START: (MOVE(1, 2) of white, MOVE(2, 2) of white, MOVE(3, 2) of white, MOVE(4, 2) of white, MOVE(5, 2) of white, MOVE(6, 2) of white, MOVE(7, 2) of white) -------
2025-03-31 20:27:43,343 [Action      ] DEBUG    Calling BLOCK construction on edge (0, 6).
2025-03-31 20:27:43,343 [Action      ] DEBUG    Calling BLOCK construction on edge (1, 5).
2025-03-31 20:27:43,344 [Action      ] DEBUG    Calling BLOCK construction on edge (2, 6).
2025-03-31 20:27:43,344 [Action      ] DEBUG    Calling BLOCK construction on edge (4, 3).
2025-03-31 20:27:43,344 [Action      ] DEBUG    Calling BLOCK construction on edge (7, 1).
2025-03-31 20:27:43,345 [Action      ] DEBUG    Calling BLOCK construction on edge (7, 2).
2025-03-31 20:27:43,346 [Action      ] DEBUG    Calling BLOCK construction on edge (7, 5).
2025-03-31 20:27:43,347 [Action      ] DEBUG    Calling BLOCK construction on edge (7, 6).
2025-03-31 20:27:43,348 [GameBoard   ] DEBUG    State has been set as follows: 
F2G1G3/B8C8D5F8G8/C1F9
2025-03-31 20:27:43,348 [GameBoard   ] DEBUG    
   . . . . . . . . . . . . . . . . . .
8 :   쨌   |   |   쨌   쨌 B |   |   쨌   쨌
   . . . .*. .*. . . . . .*. .*. . . .
7 :   쨌   |   |   쨌   쨌   |   |   쨌   쨌
   . . . . . . . . . . . . . . . . . .
6 :   쨌   쨌   쨌   쨌   쨌   쨌   쨌   쨌   쨌
   . . . . . . . . . . . . . . . . . .
5 :   쨌   쨌   쨌   |   쨌   쨌   쨌   쨌   쨌
   . . . . . . . .*. . . . . . . . . .
4 :   쨌   쨌   쨌   |   쨌   쨌   쨌   쨌   쨌
   . . . . . . . . . . . . . . . . . .
3 :   쨌   쨌   쨌   쨌   쨌   쨌   쨌   쨌   쨌
   . . . . . . . . . . . . ---*--- . .
2 :   쨌   쨌   쨌   쨌   쨌   쨌   쨌   쨌   쨌
   . . . . . . . . . . ---*--- . . . .
1 :   쨌   쨌   쨌   쨌   쨌   쨌   쨌   쨌   쨌
   . . . . . . . . . . . . ---*--- . .
0 :   쨌   쨌 W 쨌   쨌   쨌   쨌   쨌   쨌   쨌
   쨌쨌쨌 쨌쨌쨌 쨌쨌쨌 쨌쨌쨌 쨌쨌쨌 쨌쨌쨌 쨌쨌쨌 쨌쨌쨌 쨌쨌쨌
    0   1   2   3   4   5   6   7   8 
2025-03-31 20:27:43,348 [Action      ] DEBUG    Calling MOVE(1, 2) of white action
2025-03-31 20:27:43,348 [GameBoard   ] DEBUG    Querying whether the game ends in this state... Answer = False
2025-03-31 20:27:43,348 [Action      ] DEBUG    Calling MOVE(2, 2) of white action
2025-03-31 20:27:43,348 [GameBoard   ] DEBUG    Querying whether the game ends in this state... Answer = False
2025-03-31 20:27:43,348 [Action      ] DEBUG    Calling MOVE(3, 2) of white action
2025-03-31 20:27:43,349 [GameBoard   ] DEBUG    Querying whether the game ends in this state... Answer = False
2025-03-31 20:27:43,349 [Action      ] DEBUG    Calling MOVE(4, 2) of white action
2025-03-31 20:27:43,349 [GameBoard   ] DEBUG    Querying whether the game ends in this state... Answer = False
2025-03-31 20:27:43,349 [Action      ] DEBUG    Calling MOVE(5, 2) of white action
2025-03-31 20:27:43,349 [GameBoard   ] DEBUG    Querying whether the game ends in this state... Answer = False
2025-03-31 20:27:43,349 [Action      ] DEBUG    Calling MOVE(6, 2) of white action
2025-03-31 20:27:43,349 [GameBoard   ] DEBUG    Querying whether the game ends in this state... Answer = False
2025-03-31 20:27:43,349 [Action      ] DEBUG    Calling MOVE(7, 2) of white action
2025-03-31 20:27:43,349 [GameBoard   ] DEBUG    Querying whether the game ends in this state... Answer = False
2025-03-31 20:27:43,349 [GameBoard   ] DEBUG    State has been changed to: 
F2G1G3/B8C8D5F8G8/C8F9
2025-03-31 20:27:43,349 [GameBoard   ] DEBUG    
   . . . . . . . . . . . . . . . . . .
8 :   쨌   |   |   쨌   쨌 B |   |   쨌   쨌
   . . . .*. .*. . . . . .*. .*. . . .
7 :   쨌   | W |   쨌   쨌   |   |   쨌   쨌
   . . . . . . . . . . . . . . . . . .
6 :   쨌   쨌   쨌   쨌   쨌   쨌   쨌   쨌   쨌
   . . . . . . . . . . . . . . . . . .
5 :   쨌   쨌   쨌   |   쨌   쨌   쨌   쨌   쨌
   . . . . . . . .*. . . . . . . . . .
4 :   쨌   쨌   쨌   |   쨌   쨌   쨌   쨌   쨌
   . . . . . . . . . . . . . . . . . .
3 :   쨌   쨌   쨌   쨌   쨌   쨌   쨌   쨌   쨌
   . . . . . . . . . . . . ---*--- . .
2 :   쨌   쨌   쨌   쨌   쨌   쨌   쨌   쨌   쨌
   . . . . . . . . . . ---*--- . . . .
1 :   쨌   쨌   쨌   쨌   쨌   쨌   쨌   쨌   쨌
   . . . . . . . . . . . . ---*--- . .
0 :   쨌   쨌   쨌   쨌   쨌   쨌   쨌   쨌   쨌
   쨌쨌쨌 쨌쨌쨌 쨌쨌쨌 쨌쨌쨌 쨌쨌쨌 쨌쨌쨌 쨌쨌쨌 쨌쨌쨌 쨌쨌쨌
    0   1   2   3   4   5   6   7   8 
2025-03-31 20:27:43,349 [GameBoard   ] DEBUG    ------- SIMULATION ENDS -------
2025-03-31 20:27:43,350 [GameBoard   ] DEBUG    Querying applicable move directions...
2025-03-31 20:27:43,351 [GameBoard   ] DEBUG    List of applicable move positions: [(6, 2), (8, 2)]
2025-03-31 20:27:43,357 [Action      ] DEBUG    Calling BLOCK construction on edge (0, 6).
2025-03-31 20:27:43,357 [Action      ] DEBUG    Calling BLOCK construction on edge (1, 5).
2025-03-31 20:27:43,358 [Action      ] DEBUG    Calling BLOCK construction on edge (2, 6).
2025-03-31 20:27:43,358 [Action      ] DEBUG    Calling BLOCK construction on edge (4, 3).
2025-03-31 20:27:43,358 [Action      ] DEBUG    Calling BLOCK construction on edge (7, 1).
2025-03-31 20:27:43,359 [Action      ] DEBUG    Calling BLOCK construction on edge (7, 2).
2025-03-31 20:27:43,359 [Action      ] DEBUG    Calling BLOCK construction on edge (7, 5).
2025-03-31 20:27:43,359 [Action      ] DEBUG    Calling BLOCK construction on edge (7, 6).
2025-03-31 20:27:43,361 [GameBoard   ] DEBUG    State has been set as follows: 
F2G1G3/B8C8D5F8G8/C1F9
2025-03-31 20:27:43,361 [GameBoard   ] DEBUG    
   . . . . . . . . . . . . . . . . . .
8 :   쨌   |   |   쨌   쨌 B |   |   쨌   쨌
   . . . .*. .*. . . . . .*. .*. . . .
7 :   쨌   |   |   쨌   쨌   |   |   쨌   쨌
   . . . . . . . . . . . . . . . . . .
6 :   쨌   쨌   쨌   쨌   쨌   쨌   쨌   쨌   쨌
   . . . . . . . . . . . . . . . . . .
5 :   쨌   쨌   쨌   |   쨌   쨌   쨌   쨌   쨌
   . . . . . . . .*. . . . . . . . . .
4 :   쨌   쨌   쨌   |   쨌   쨌   쨌   쨌   쨌
   . . . . . . . . . . . . . . . . . .
3 :   쨌   쨌   쨌   쨌   쨌   쨌   쨌   쨌   쨌
   . . . . . . . . . . . . ---*--- . .
2 :   쨌   쨌   쨌   쨌   쨌   쨌   쨌   쨌   쨌
   . . . . . . . . . . ---*--- . . . .
1 :   쨌   쨌   쨌   쨌   쨌   쨌   쨌   쨌   쨌
   . . . . . . . . . . . . ---*--- . .
0 :   쨌   쨌 W 쨌   쨌   쨌   쨌   쨌   쨌   쨌
   쨌쨌쨌 쨌쨌쨌 쨌쨌쨌 쨌쨌쨌 쨌쨌쨌 쨌쨌쨌 쨌쨌쨌 쨌쨌쨌 쨌쨌쨌
    0   1   2   3   4   5   6   7   8 
2025-03-31 20:27:43,361 [GameBoard   ] DEBUG    ------- SIMULATION START: (MOVE(1, 2) of white, MOVE(2, 2) of white, MOVE(3, 2) of white, MOVE(4, 2) of white, MOVE(5, 2) of white, MOVE(6, 2) of white, MOVE(7, 2) of white, MOVE(8, 2) of white) -------
2025-03-31 20:27:43,362 [Action      ] DEBUG    Calling BLOCK construction on edge (0, 6).
2025-03-31 20:27:43,362 [Action      ] DEBUG    Calling BLOCK construction on edge (1, 5).
2025-03-31 20:27:43,362 [Action      ] DEBUG    Calling BLOCK construction on edge (2, 6).
2025-03-31 20:27:43,363 [Action      ] DEBUG    Calling BLOCK construction on edge (4, 3).
2025-03-31 20:27:43,363 [Action      ] DEBUG    Calling BLOCK construction on edge (7, 1).
2025-03-31 20:27:43,363 [Action      ] DEBUG    Calling BLOCK construction on edge (7, 2).
2025-03-31 20:27:43,363 [Action      ] DEBUG    Calling BLOCK construction on edge (7, 5).
2025-03-31 20:27:43,364 [Action      ] DEBUG    Calling BLOCK construction on edge (7, 6).
2025-03-31 20:27:43,366 [GameBoard   ] DEBUG    State has been set as follows: 
F2G1G3/B8C8D5F8G8/C1F9
2025-03-31 20:27:43,366 [GameBoard   ] DEBUG    
   . . . . . . . . . . . . . . . . . .
8 :   쨌   |   |   쨌   쨌 B |   |   쨌   쨌
   . . . .*. .*. . . . . .*. .*. . . .
7 :   쨌   |   |   쨌   쨌   |   |   쨌   쨌
   . . . . . . . . . . . . . . . . . .
6 :   쨌   쨌   쨌   쨌   쨌   쨌   쨌   쨌   쨌
   . . . . . . . . . . . . . . . . . .
5 :   쨌   쨌   쨌   |   쨌   쨌   쨌   쨌   쨌
   . . . . . . . .*. . . . . . . . . .
4 :   쨌   쨌   쨌   |   쨌   쨌   쨌   쨌   쨌
   . . . . . . . . . . . . . . . . . .
3 :   쨌   쨌   쨌   쨌   쨌   쨌   쨌   쨌   쨌
   . . . . . . . . . . . . ---*--- . .
2 :   쨌   쨌   쨌   쨌   쨌   쨌   쨌   쨌   쨌
   . . . . . . . . . . ---*--- . . . .
1 :   쨌   쨌   쨌   쨌   쨌   쨌   쨌   쨌   쨌
   . . . . . . . . . . . . ---*--- . .
0 :   쨌   쨌 W 쨌   쨌   쨌   쨌   쨌   쨌   쨌
   쨌쨌쨌 쨌쨌쨌 쨌쨌쨌 쨌쨌쨌 쨌쨌쨌 쨌쨌쨌 쨌쨌쨌 쨌쨌쨌 쨌쨌쨌
    0   1   2   3   4   5   6   7   8 
2025-03-31 20:27:43,366 [Action      ] DEBUG    Calling MOVE(1, 2) of white action
2025-03-31 20:27:43,366 [GameBoard   ] DEBUG    Querying whether the game ends in this state... Answer = False
2025-03-31 20:27:43,366 [Action      ] DEBUG    Calling MOVE(2, 2) of white action
2025-03-31 20:27:43,366 [GameBoard   ] DEBUG    Querying whether the game ends in this state... Answer = False
2025-03-31 20:27:43,366 [Action      ] DEBUG    Calling MOVE(3, 2) of white action
2025-03-31 20:27:43,366 [GameBoard   ] DEBUG    Querying whether the game ends in this state... Answer = False
2025-03-31 20:27:43,366 [Action      ] DEBUG    Calling MOVE(4, 2) of white action
2025-03-31 20:27:43,366 [GameBoard   ] DEBUG    Querying whether the game ends in this state... Answer = False
2025-03-31 20:27:43,366 [Action      ] DEBUG    Calling MOVE(5, 2) of white action
2025-03-31 20:27:43,366 [GameBoard   ] DEBUG    Querying whether the game ends in this state... Answer = False
2025-03-31 20:27:43,366 [Action      ] DEBUG    Calling MOVE(6, 2) of white action
2025-03-31 20:27:43,366 [GameBoard   ] DEBUG    Querying whether the game ends in this state... Answer = False
2025-03-31 20:27:43,366 [Action      ] DEBUG    Calling MOVE(7, 2) of white action
2025-03-31 20:27:43,367 [GameBoard   ] DEBUG    Querying whether the game ends in this state... Answer = False
2025-03-31 20:27:43,367 [Action      ] DEBUG    Calling MOVE(8, 2) of white action
2025-03-31 20:27:43,367 [GameBoard   ] DEBUG    State has been changed to: 
F2G1G3/B8C8D5F8G8/C9F9
2025-03-31 20:27:43,367 [GameBoard   ] DEBUG    
   . . . . . . . . . . . . . . . . . .
8 :   쨌   | W |   쨌   쨌 B |   |   쨌   쨌
   . . . .*. .*. . . . . .*. .*. . . .
7 :   쨌   |   |   쨌   쨌   |   |   쨌   쨌
   . . . . . . . . . . . . . . . . . .
6 :   쨌   쨌   쨌   쨌   쨌   쨌   쨌   쨌   쨌
   . . . . . . . . . . . . . . . . . .
5 :   쨌   쨌   쨌   |   쨌   쨌   쨌   쨌   쨌
   . . . . . . . .*. . . . . . . . . .
4 :   쨌   쨌   쨌   |   쨌   쨌   쨌   쨌   쨌
   . . . . . . . . . . . . . . . . . .
3 :   쨌   쨌   쨌   쨌   쨌   쨌   쨌   쨌   쨌
   . . . . . . . . . . . . ---*--- . .
2 :   쨌   쨌   쨌   쨌   쨌   쨌   쨌   쨌   쨌
   . . . . . . . . . . ---*--- . . . .
1 :   쨌   쨌   쨌   쨌   쨌   쨌   쨌   쨌   쨌
   . . . . . . . . . . . . ---*--- . .
0 :   쨌   쨌   쨌   쨌   쨌   쨌   쨌   쨌   쨌
   쨌쨌쨌 쨌쨌쨌 쨌쨌쨌 쨌쨌쨌 쨌쨌쨌 쨌쨌쨌 쨌쨌쨌 쨌쨌쨌 쨌쨌쨌
    0   1   2   3   4   5   6   7   8 
2025-03-31 20:27:43,367 [GameBoard   ] DEBUG    ------- SIMULATION ENDS -------
2025-03-31 20:27:43,368 [GameBoard   ] DEBUG    Querying whether the game ends in this state... Answer = True
2025-03-31 20:27:43,368 [Evaluate    ] DEBUG    Execution Result: Performance(failure=None, outcome=21, time=0.12, search=None, memory=0.1, point=3).
