2025-04-13 20:30:25,502 [Evaluate    ] INFO     Loading LastVersion agent to memory...
2025-04-13 20:30:25,505 [GameBoard   ] DEBUG    Initializing a new game board...
2025-04-13 20:30:25,505 [GameBoard   ] DEBUG    Rendered board: 
//E1E9
2025-04-13 20:30:25,505 [GameBoard   ] DEBUG    
   . . . . . . . . . . . . . . . . . .
8 :   ﾂｷ   ﾂｷ   ﾂｷ   ﾂｷ B ﾂｷ   ﾂｷ   ﾂｷ   ﾂｷ   ﾂｷ
   . . . . . . . . . . . . . . . . . .
7 :   ﾂｷ   ﾂｷ   ﾂｷ   ﾂｷ   ﾂｷ   ﾂｷ   ﾂｷ   ﾂｷ   ﾂｷ
   . . . . . . . . . . . . . . . . . .
6 :   ﾂｷ   ﾂｷ   ﾂｷ   ﾂｷ   ﾂｷ   ﾂｷ   ﾂｷ   ﾂｷ   ﾂｷ
   . . . . . . . . . . . . . . . . . .
5 :   ﾂｷ   ﾂｷ   ﾂｷ   ﾂｷ   ﾂｷ   ﾂｷ   ﾂｷ   ﾂｷ   ﾂｷ
   . . . . . . . . . . . . . . . . . .
4 :   ﾂｷ   ﾂｷ   ﾂｷ   ﾂｷ   ﾂｷ   ﾂｷ   ﾂｷ   ﾂｷ   ﾂｷ
   . . . . . . . . . . . . . . . . . .
3 :   ﾂｷ   ﾂｷ   ﾂｷ   ﾂｷ   ﾂｷ   ﾂｷ   ﾂｷ   ﾂｷ   ﾂｷ
   . . . . . . . . . . . . . . . . . .
2 :   ﾂｷ   ﾂｷ   ﾂｷ   ﾂｷ   ﾂｷ   ﾂｷ   ﾂｷ   ﾂｷ   ﾂｷ
   . . . . . . . . . . . . . . . . . .
1 :   ﾂｷ   ﾂｷ   ﾂｷ   ﾂｷ   ﾂｷ   ﾂｷ   ﾂｷ   ﾂｷ   ﾂｷ
   . . . . . . . . . . . . . . . . . .
0 :   ﾂｷ   ﾂｷ   ﾂｷ   ﾂｷ W ﾂｷ   ﾂｷ   ﾂｷ   ﾂｷ   ﾂｷ
   ﾂｷﾂｷﾂｷ ﾂｷﾂｷﾂｷ ﾂｷﾂｷﾂｷ ﾂｷﾂｷﾂｷ ﾂｷﾂｷﾂｷ ﾂｷﾂｷﾂｷ ﾂｷﾂｷﾂｷ ﾂｷﾂｷﾂｷ ﾂｷﾂｷﾂｷ
    0   1   2   3   4   5   6   7   8 
2025-04-13 20:30:25,506 [GameBoard   ] DEBUG    You're player black
2025-04-13 20:30:25,506 [GameBoard   ] DEBUG    After moving initial position: 
//F1G9
2025-04-13 20:30:25,506 [GameBoard   ] DEBUG    
   . . . . . . . . . . . . . . . . . .
8 :   ﾂｷ   ﾂｷ   ﾂｷ   ﾂｷ   ﾂｷ   ﾂｷ B ﾂｷ   ﾂｷ   ﾂｷ
   . . . . . . . . . . . . . . . . . .
7 :   ﾂｷ   ﾂｷ   ﾂｷ   ﾂｷ   ﾂｷ   ﾂｷ   ﾂｷ   ﾂｷ   ﾂｷ
   . . . . . . . . . . . . . . . . . .
6 :   ﾂｷ   ﾂｷ   ﾂｷ   ﾂｷ   ﾂｷ   ﾂｷ   ﾂｷ   ﾂｷ   ﾂｷ
   . . . . . . . . . . . . . . . . . .
5 :   ﾂｷ   ﾂｷ   ﾂｷ   ﾂｷ   ﾂｷ   ﾂｷ   ﾂｷ   ﾂｷ   ﾂｷ
   . . . . . . . . . . . . . . . . . .
4 :   ﾂｷ   ﾂｷ   ﾂｷ   ﾂｷ   ﾂｷ   ﾂｷ   ﾂｷ   ﾂｷ   ﾂｷ
   . . . . . . . . . . . . . . . . . .
3 :   ﾂｷ   ﾂｷ   ﾂｷ   ﾂｷ   ﾂｷ   ﾂｷ   ﾂｷ   ﾂｷ   ﾂｷ
   . . . . . . . . . . . . . . . . . .
2 :   ﾂｷ   ﾂｷ   ﾂｷ   ﾂｷ   ﾂｷ   ﾂｷ   ﾂｷ   ﾂｷ   ﾂｷ
   . . . . . . . . . . . . . . . . . .
1 :   ﾂｷ   ﾂｷ   ﾂｷ   ﾂｷ   ﾂｷ   ﾂｷ   ﾂｷ   ﾂｷ   ﾂｷ
   . . . . . . . . . . . . . . . . . .
0 :   ﾂｷ   ﾂｷ   ﾂｷ   ﾂｷ   ﾂｷ W ﾂｷ   ﾂｷ   ﾂｷ   ﾂｷ
   ﾂｷﾂｷﾂｷ ﾂｷﾂｷﾂｷ ﾂｷﾂｷﾂｷ ﾂｷﾂｷﾂｷ ﾂｷﾂｷﾂｷ ﾂｷﾂｷﾂｷ ﾂｷﾂｷﾂｷ ﾂｷﾂｷﾂｷ ﾂｷﾂｷﾂｷ
    0   1   2   3   4   5   6   7   8 
2025-04-13 20:30:25,507 [Action      ] DEBUG    Calling BLOCK construction on edge (0, 0).
2025-04-13 20:30:25,508 [Action      ] DEBUG    Calling BLOCK construction on edge (0, 1).
2025-04-13 20:30:25,508 [Action      ] DEBUG    Calling BLOCK construction on edge (0, 6).
2025-04-13 20:30:25,508 [Action      ] DEBUG    Calling BLOCK construction on edge (1, 6).
2025-04-13 20:30:25,509 [Action      ] DEBUG    Calling BLOCK construction on edge (2, 0).
2025-04-13 20:30:25,509 [Action      ] DEBUG    Calling BLOCK construction on edge (2, 1).
2025-04-13 20:30:25,509 [Action      ] DEBUG    Calling BLOCK construction on edge (2, 5).
2025-04-13 20:30:25,510 [Action      ] DEBUG    Calling BLOCK construction on edge (4, 4).
2025-04-13 20:30:25,511 [GameBoard   ] DEBUG    State has been set as follows: 
A3G1G2/A1B1B3E5F3/E1A9
2025-04-13 20:30:25,511 [GameBoard   ] DEBUG    
   . . . . . . . . . . . . . . . . . .
8 : B ﾂｷ   ﾂｷ   ﾂｷ   ﾂｷ   ﾂｷ   ﾂｷ   ﾂｷ   ﾂｷ   ﾂｷ
   . . . . . . . . . . . . . . . . . .
7 :   ﾂｷ   ﾂｷ   ﾂｷ   ﾂｷ   ﾂｷ   ﾂｷ   ﾂｷ   ﾂｷ   ﾂｷ
   . . . . . . . . . . . . . . . . . .
6 :   ﾂｷ   ﾂｷ   ﾂｷ   ﾂｷ   ﾂｷ   ﾂｷ   ﾂｷ   ﾂｷ   ﾂｷ
   . . . . . . . . . . . . . . . . . .
5 :   ﾂｷ   ﾂｷ   ﾂｷ   ﾂｷ   |   ﾂｷ   ﾂｷ   ﾂｷ   ﾂｷ
   . . . . . . . . . .*. . . . . . . .
4 :   ﾂｷ   ﾂｷ   ﾂｷ   ﾂｷ   |   ﾂｷ   ﾂｷ   ﾂｷ   ﾂｷ
   . . . . . . . . . . . . . . . . . .
3 :   ﾂｷ   |   ﾂｷ   ﾂｷ   ﾂｷ   |   ﾂｷ   ﾂｷ   ﾂｷ
   ---*---*. . . . . . . .*. . . . . .
2 :   ﾂｷ   |   ﾂｷ   ﾂｷ   ﾂｷ   |   ﾂｷ   ﾂｷ   ﾂｷ
   . . . . . . . . . . . . ---*--- . .
1 :   |   |   ﾂｷ   ﾂｷ   ﾂｷ   ﾂｷ   ﾂｷ   ﾂｷ   ﾂｷ
   . .*. .*. . . . . . . . ---*--- . .
0 :   |   |   ﾂｷ   ﾂｷ W ﾂｷ   ﾂｷ   ﾂｷ   ﾂｷ   ﾂｷ
   ﾂｷﾂｷﾂｷ ﾂｷﾂｷﾂｷ ﾂｷﾂｷﾂｷ ﾂｷﾂｷﾂｷ ﾂｷﾂｷﾂｷ ﾂｷﾂｷﾂｷ ﾂｷﾂｷﾂｷ ﾂｷﾂｷﾂｷ ﾂｷﾂｷﾂｷ
    0   1   2   3   4   5   6   7   8 
2025-04-13 20:30:25,514 [Evaluate    ] INFO     Begin to search using LastVersion agent.
2025-04-13 20:30:25,514 [GameBoard   ] DEBUG    Querying current state...
2025-04-13 20:30:25,514 [GameBoard   ] DEBUG    Querying applicable move directions...
2025-04-13 20:30:25,516 [GameBoard   ] DEBUG    List of applicable fence positions: [((0, 2), 'horizontal'), ((0, 2), 'vertical'), ((0, 3), 'horizontal'), ((0, 3), 'vertical'), ((0, 4), 'horizontal'), ((0, 4), 'vertical'), ((0, 5), 'vertical'), ((0, 7), 'vertical'), ((1, 0), 'horizontal'), ((1, 1), 'horizontal'), ((1, 2), 'horizontal'), ((1, 2), 'vertical'), ((1, 3), 'horizontal'), ((1, 3), 'vertical'), ((1, 4), 'horizontal'), ((1, 4), 'vertical'), ((1, 7), 'vertical'), ((2, 2), 'horizontal'), ((2, 2), 'vertical'), ((2, 3), 'horizontal'), ((2, 3), 'vertical'), ((2, 4), 'horizontal'), ((2, 4), 'vertical'), ((2, 6), 'horizontal'), ((2, 6), 'vertical'), ((2, 7), 'horizontal'), ((2, 7), 'vertical'), ((3, 0), 'horizontal'), ((3, 0), 'vertical'), ((3, 1), 'horizontal'), ((3, 2), 'horizontal'), ((3, 2), 'vertical'), ((3, 3), 'horizontal'), ((3, 3), 'vertical'), ((3, 4), 'horizontal'), ((3, 5), 'horizontal'), ((3, 6), 'horizontal'), ((3, 6), 'vertical'), ((3, 7), 'horizontal'), ((3, 7), 'vertical'), ((4, 0), 'horizontal'), ((4, 0), 'vertical'), ((4, 1), 'horizontal'), ((4, 1), 'vertical'), ((4, 2), 'horizontal'), ((4, 2), 'vertical'), ((4, 3), 'horizontal'), ((4, 3), 'vertical'), ((4, 5), 'horizontal'), ((4, 5), 'vertical'), ((4, 6), 'horizontal'), ((4, 6), 'vertical'), ((4, 7), 'horizontal'), ((4, 7), 'vertical'), ((5, 0), 'horizontal'), ((5, 0), 'vertical'), ((5, 1), 'horizontal'), ((5, 1), 'vertical'), ((5, 2), 'horizontal'), ((5, 2), 'vertical'), ((5, 3), 'horizontal'), ((5, 3), 'vertical'), ((5, 4), 'horizontal'), ((5, 5), 'horizontal'), ((5, 5), 'vertical'), ((5, 6), 'horizontal'), ((5, 6), 'vertical'), ((5, 7), 'horizontal'), ((5, 7), 'vertical'), ((6, 0), 'horizontal'), ((6, 0), 'vertical'), ((6, 1), 'horizontal'), ((6, 1), 'vertical'), ((6, 2), 'horizontal'), ((6, 2), 'vertical'), ((6, 3), 'horizontal'), ((6, 3), 'vertical'), ((6, 4), 'horizontal'), ((6, 4), 'vertical'), ((6, 5), 'horizontal'), ((6, 5), 'vertical'), ((6, 6), 'horizontal'), ((6, 6), 'vertical'), ((6, 7), 'horizontal'), ((6, 7), 'vertical'), ((7, 0), 'horizontal'), ((7, 0), 'vertical'), ((7, 1), 'horizontal'), ((7, 1), 'vertical'), ((7, 2), 'horizontal'), ((7, 2), 'vertical'), ((7, 3), 'horizontal'), ((7, 3), 'vertical'), ((7, 4), 'horizontal'), ((7, 4), 'vertical'), ((7, 5), 'horizontal'), ((7, 5), 'vertical'), ((7, 6), 'horizontal'), ((7, 6), 'vertical'), ((7, 7), 'horizontal'), ((7, 7), 'vertical')]
2025-04-13 20:30:25,516 [GameBoard   ] DEBUG    Querying applicable move directions...
2025-04-13 20:30:25,517 [GameBoard   ] DEBUG    List of applicable move positions: [(7, 0), (8, 1)]
2025-04-13 20:30:25,517 [SA agent    ] DEBUG    applicable moves : [(7, 0), (8, 1)]
2025-04-13 20:30:25,517 [SA agent    ] DEBUG    [3, 4]
2025-04-13 20:30:25,517 [GameBoard   ] DEBUG    ------- SIMULATION START: (MOVE(7, 0) of black,) -------
2025-04-13 20:30:25,517 [Action      ] DEBUG    Calling BLOCK construction on edge (0, 0).
2025-04-13 20:30:25,517 [Action      ] DEBUG    Calling BLOCK construction on edge (0, 1).
2025-04-13 20:30:25,518 [Action      ] DEBUG    Calling BLOCK construction on edge (0, 6).
2025-04-13 20:30:25,518 [Action      ] DEBUG    Calling BLOCK construction on edge (1, 6).
2025-04-13 20:30:25,518 [Action      ] DEBUG    Calling BLOCK construction on edge (2, 0).
2025-04-13 20:30:25,518 [Action      ] DEBUG    Calling BLOCK construction on edge (2, 1).
2025-04-13 20:30:25,519 [Action      ] DEBUG    Calling BLOCK construction on edge (2, 5).
2025-04-13 20:30:25,519 [Action      ] DEBUG    Calling BLOCK construction on edge (4, 4).
2025-04-13 20:30:25,520 [GameBoard   ] DEBUG    State has been set as follows: 
A3G1G2/A1B1B3E5F3/E1A9
2025-04-13 20:30:25,520 [GameBoard   ] DEBUG    
   . . . . . . . . . . . . . . . . . .
8 : B ﾂｷ   ﾂｷ   ﾂｷ   ﾂｷ   ﾂｷ   ﾂｷ   ﾂｷ   ﾂｷ   ﾂｷ
   . . . . . . . . . . . . . . . . . .
7 :   ﾂｷ   ﾂｷ   ﾂｷ   ﾂｷ   ﾂｷ   ﾂｷ   ﾂｷ   ﾂｷ   ﾂｷ
   . . . . . . . . . . . . . . . . . .
6 :   ﾂｷ   ﾂｷ   ﾂｷ   ﾂｷ   ﾂｷ   ﾂｷ   ﾂｷ   ﾂｷ   ﾂｷ
   . . . . . . . . . . . . . . . . . .
5 :   ﾂｷ   ﾂｷ   ﾂｷ   ﾂｷ   |   ﾂｷ   ﾂｷ   ﾂｷ   ﾂｷ
   . . . . . . . . . .*. . . . . . . .
4 :   ﾂｷ   ﾂｷ   ﾂｷ   ﾂｷ   |   ﾂｷ   ﾂｷ   ﾂｷ   ﾂｷ
   . . . . . . . . . . . . . . . . . .
3 :   ﾂｷ   |   ﾂｷ   ﾂｷ   ﾂｷ   |   ﾂｷ   ﾂｷ   ﾂｷ
   ---*---*. . . . . . . .*. . . . . .
2 :   ﾂｷ   |   ﾂｷ   ﾂｷ   ﾂｷ   |   ﾂｷ   ﾂｷ   ﾂｷ
   . . . . . . . . . . . . ---*--- . .
1 :   |   |   ﾂｷ   ﾂｷ   ﾂｷ   ﾂｷ   ﾂｷ   ﾂｷ   ﾂｷ
   . .*. .*. . . . . . . . ---*--- . .
0 :   |   |   ﾂｷ   ﾂｷ W ﾂｷ   ﾂｷ   ﾂｷ   ﾂｷ   ﾂｷ
   ﾂｷﾂｷﾂｷ ﾂｷﾂｷﾂｷ ﾂｷﾂｷﾂｷ ﾂｷﾂｷﾂｷ ﾂｷﾂｷﾂｷ ﾂｷﾂｷﾂｷ ﾂｷﾂｷﾂｷ ﾂｷﾂｷﾂｷ ﾂｷﾂｷﾂｷ
    0   1   2   3   4   5   6   7   8 
2025-04-13 20:30:25,520 [Action      ] DEBUG    Calling MOVE(7, 0) of black action
2025-04-13 20:30:25,521 [GameBoard   ] DEBUG    Querying whether the game ends in this state... Answer = False
2025-04-13 20:30:25,521 [GameBoard   ] DEBUG    State has been changed to: 
A3G1G2/A1B1B3E5F3/E1A8
2025-04-13 20:30:25,521 [GameBoard   ] DEBUG    
   . . . . . . . . . . . . . . . . . .
8 :   ﾂｷ   ﾂｷ   ﾂｷ   ﾂｷ   ﾂｷ   ﾂｷ   ﾂｷ   ﾂｷ   ﾂｷ
   . . . . . . . . . . . . . . . . . .
7 : B ﾂｷ   ﾂｷ   ﾂｷ   ﾂｷ   ﾂｷ   ﾂｷ   ﾂｷ   ﾂｷ   ﾂｷ
   . . . . . . . . . . . . . . . . . .
6 :   ﾂｷ   ﾂｷ   ﾂｷ   ﾂｷ   ﾂｷ   ﾂｷ   ﾂｷ   ﾂｷ   ﾂｷ
   . . . . . . . . . . . . . . . . . .
5 :   ﾂｷ   ﾂｷ   ﾂｷ   ﾂｷ   |   ﾂｷ   ﾂｷ   ﾂｷ   ﾂｷ
   . . . . . . . . . .*. . . . . . . .
4 :   ﾂｷ   ﾂｷ   ﾂｷ   ﾂｷ   |   ﾂｷ   ﾂｷ   ﾂｷ   ﾂｷ
   . . . . . . . . . . . . . . . . . .
3 :   ﾂｷ   |   ﾂｷ   ﾂｷ   ﾂｷ   |   ﾂｷ   ﾂｷ   ﾂｷ
   ---*---*. . . . . . . .*. . . . . .
2 :   ﾂｷ   |   ﾂｷ   ﾂｷ   ﾂｷ   |   ﾂｷ   ﾂｷ   ﾂｷ
   . . . . . . . . . . . . ---*--- . .
1 :   |   |   ﾂｷ   ﾂｷ   ﾂｷ   ﾂｷ   ﾂｷ   ﾂｷ   ﾂｷ
   . .*. .*. . . . . . . . ---*--- . .
0 :   |   |   ﾂｷ   ﾂｷ W ﾂｷ   ﾂｷ   ﾂｷ   ﾂｷ   ﾂｷ
   ﾂｷﾂｷﾂｷ ﾂｷﾂｷﾂｷ ﾂｷﾂｷﾂｷ ﾂｷﾂｷﾂｷ ﾂｷﾂｷﾂｷ ﾂｷﾂｷﾂｷ ﾂｷﾂｷﾂｷ ﾂｷﾂｷﾂｷ ﾂｷﾂｷﾂｷ
    0   1   2   3   4   5   6   7   8 
2025-04-13 20:30:25,521 [GameBoard   ] DEBUG    ------- SIMULATION ENDS -------
2025-04-13 20:30:25,522 [GameBoard   ] DEBUG    Querying current state...
2025-04-13 20:30:25,522 [GameBoard   ] DEBUG    Querying applicable move directions...
2025-04-13 20:30:25,523 [GameBoard   ] DEBUG    List of applicable fence positions: [((0, 2), 'horizontal'), ((0, 2), 'vertical'), ((0, 3), 'horizontal'), ((0, 3), 'vertical'), ((0, 4), 'horizontal'), ((0, 4), 'vertical'), ((0, 5), 'vertical'), ((0, 7), 'vertical'), ((1, 0), 'horizontal'), ((1, 1), 'horizontal'), ((1, 2), 'horizontal'), ((1, 2), 'vertical'), ((1, 3), 'horizontal'), ((1, 3), 'vertical'), ((1, 4), 'horizontal'), ((1, 4), 'vertical'), ((1, 7), 'vertical'), ((2, 2), 'horizontal'), ((2, 2), 'vertical'), ((2, 3), 'horizontal'), ((2, 3), 'vertical'), ((2, 4), 'horizontal'), ((2, 4), 'vertical'), ((2, 6), 'horizontal'), ((2, 6), 'vertical'), ((2, 7), 'horizontal'), ((2, 7), 'vertical'), ((3, 0), 'horizontal'), ((3, 0), 'vertical'), ((3, 1), 'horizontal'), ((3, 2), 'horizontal'), ((3, 2), 'vertical'), ((3, 3), 'horizontal'), ((3, 3), 'vertical'), ((3, 4), 'horizontal'), ((3, 5), 'horizontal'), ((3, 6), 'horizontal'), ((3, 6), 'vertical'), ((3, 7), 'horizontal'), ((3, 7), 'vertical'), ((4, 0), 'horizontal'), ((4, 0), 'vertical'), ((4, 1), 'horizontal'), ((4, 1), 'vertical'), ((4, 2), 'horizontal'), ((4, 2), 'vertical'), ((4, 3), 'horizontal'), ((4, 3), 'vertical'), ((4, 5), 'horizontal'), ((4, 5), 'vertical'), ((4, 6), 'horizontal'), ((4, 6), 'vertical'), ((4, 7), 'horizontal'), ((4, 7), 'vertical'), ((5, 0), 'horizontal'), ((5, 0), 'vertical'), ((5, 1), 'horizontal'), ((5, 1), 'vertical'), ((5, 2), 'horizontal'), ((5, 2), 'vertical'), ((5, 3), 'horizontal'), ((5, 3), 'vertical'), ((5, 4), 'horizontal'), ((5, 5), 'horizontal'), ((5, 5), 'vertical'), ((5, 6), 'horizontal'), ((5, 6), 'vertical'), ((5, 7), 'horizontal'), ((5, 7), 'vertical'), ((6, 0), 'horizontal'), ((6, 0), 'vertical'), ((6, 1), 'horizontal'), ((6, 1), 'vertical'), ((6, 2), 'horizontal'), ((6, 2), 'vertical'), ((6, 3), 'horizontal'), ((6, 3), 'vertical'), ((6, 4), 'horizontal'), ((6, 4), 'vertical'), ((6, 5), 'horizontal'), ((6, 5), 'vertical'), ((6, 6), 'horizontal'), ((6, 6), 'vertical'), ((6, 7), 'horizontal'), ((6, 7), 'vertical'), ((7, 0), 'horizontal'), ((7, 0), 'vertical'), ((7, 1), 'horizontal'), ((7, 1), 'vertical'), ((7, 2), 'horizontal'), ((7, 2), 'vertical'), ((7, 3), 'horizontal'), ((7, 3), 'vertical'), ((7, 4), 'horizontal'), ((7, 4), 'vertical'), ((7, 5), 'horizontal'), ((7, 5), 'vertical'), ((7, 6), 'horizontal'), ((7, 6), 'vertical'), ((7, 7), 'horizontal'), ((7, 7), 'vertical')]
2025-04-13 20:30:25,523 [GameBoard   ] DEBUG    Querying applicable move directions...
2025-04-13 20:30:25,524 [GameBoard   ] DEBUG    List of applicable move positions: [(6, 0), (7, 1), (8, 0)]
2025-04-13 20:30:25,524 [SA agent    ] DEBUG    applicable moves : [(6, 0), (7, 1), (8, 0)]
2025-04-13 20:30:25,524 [SA agent    ] DEBUG    [1, 1, 3]
2025-04-13 20:30:25,524 [GameBoard   ] DEBUG    ------- SIMULATION START: (MOVE(7, 0) of black,) -------
2025-04-13 20:30:25,524 [Action      ] DEBUG    Calling BLOCK construction on edge (0, 0).
2025-04-13 20:30:25,524 [Action      ] DEBUG    Calling BLOCK construction on edge (0, 1).
2025-04-13 20:30:25,525 [Action      ] DEBUG    Calling BLOCK construction on edge (0, 6).
2025-04-13 20:30:25,525 [Action      ] DEBUG    Calling BLOCK construction on edge (1, 6).
2025-04-13 20:30:25,525 [Action      ] DEBUG    Calling BLOCK construction on edge (2, 0).
2025-04-13 20:30:25,526 [Action      ] DEBUG    Calling BLOCK construction on edge (2, 1).
2025-04-13 20:30:25,526 [Action      ] DEBUG    Calling BLOCK construction on edge (2, 5).
2025-04-13 20:30:25,526 [Action      ] DEBUG    Calling BLOCK construction on edge (4, 4).
2025-04-13 20:30:25,527 [GameBoard   ] DEBUG    State has been set as follows: 
A3G1G2/A1B1B3E5F3/E1A8
2025-04-13 20:30:25,528 [GameBoard   ] DEBUG    
   . . . . . . . . . . . . . . . . . .
8 :   ﾂｷ   ﾂｷ   ﾂｷ   ﾂｷ   ﾂｷ   ﾂｷ   ﾂｷ   ﾂｷ   ﾂｷ
   . . . . . . . . . . . . . . . . . .
7 : B ﾂｷ   ﾂｷ   ﾂｷ   ﾂｷ   ﾂｷ   ﾂｷ   ﾂｷ   ﾂｷ   ﾂｷ
   . . . . . . . . . . . . . . . . . .
6 :   ﾂｷ   ﾂｷ   ﾂｷ   ﾂｷ   ﾂｷ   ﾂｷ   ﾂｷ   ﾂｷ   ﾂｷ
   . . . . . . . . . . . . . . . . . .
5 :   ﾂｷ   ﾂｷ   ﾂｷ   ﾂｷ   |   ﾂｷ   ﾂｷ   ﾂｷ   ﾂｷ
   . . . . . . . . . .*. . . . . . . .
4 :   ﾂｷ   ﾂｷ   ﾂｷ   ﾂｷ   |   ﾂｷ   ﾂｷ   ﾂｷ   ﾂｷ
   . . . . . . . . . . . . . . . . . .
3 :   ﾂｷ   |   ﾂｷ   ﾂｷ   ﾂｷ   |   ﾂｷ   ﾂｷ   ﾂｷ
   ---*---*. . . . . . . .*. . . . . .
2 :   ﾂｷ   |   ﾂｷ   ﾂｷ   ﾂｷ   |   ﾂｷ   ﾂｷ   ﾂｷ
   . . . . . . . . . . . . ---*--- . .
1 :   |   |   ﾂｷ   ﾂｷ   ﾂｷ   ﾂｷ   ﾂｷ   ﾂｷ   ﾂｷ
   . .*. .*. . . . . . . . ---*--- . .
0 :   |   |   ﾂｷ   ﾂｷ W ﾂｷ   ﾂｷ   ﾂｷ   ﾂｷ   ﾂｷ
   ﾂｷﾂｷﾂｷ ﾂｷﾂｷﾂｷ ﾂｷﾂｷﾂｷ ﾂｷﾂｷﾂｷ ﾂｷﾂｷﾂｷ ﾂｷﾂｷﾂｷ ﾂｷﾂｷﾂｷ ﾂｷﾂｷﾂｷ ﾂｷﾂｷﾂｷ
    0   1   2   3   4   5   6   7   8 
2025-04-13 20:30:25,528 [Action      ] DEBUG    Calling MOVE(7, 0) of black action
2025-04-13 20:30:25,530 [Evaluate    ] DEBUG    Execution Result: Performance(failure='Traceback (most recent call last):\n  File "C:\\Users\\Jinhee\\source\\repos\\heuristic_challenge_2025\\evaluator\\part2.py", line 85, in _execute\n    state = board.simulate_action(state, move, problem_type=1)\n  File "C:\\Users\\Jinhee\\source\\repos\\heuristic_challenge_2025\\board.py", line 360, in simulate_action\n    act(self)\n  File "C:\\Users\\Jinhee\\source\\repos\\heuristic_challenge_2025\\action.py", line 58, in __call__\n    board._board.move_pawn(self.player, *self.position)\n  File "C:\\Users\\Jinhee\\AppData\\Local\\Programs\\Python\\Python39\\lib\\site-packages\\pyquoridor\\board.py", line 456, in move_pawn\n    raise InvalidMove(f\'Cannot move {player} pawn to square ({target_row}, {target_col})\')\npyquoridor.exceptions.InvalidMove: Cannot move black pawn to square (7, 0)\n', outcome=None, time=0.02, search=2, memory=0.1, point=1).
