2025-03-30 22:53:17,082 [Evaluate    ] INFO     Loading default agent to memory...
2025-03-30 22:53:17,083 [GameBoard   ] DEBUG    Initializing a new game board...
2025-03-30 22:53:17,084 [GameBoard   ] DEBUG    Rendered board: 
//E1E9
2025-03-30 22:53:17,085 [GameBoard   ] DEBUG    
   . . . . . . . . . . . . . . . . . .
8 :   ยท   ยท   ยท   ยท B ยท   ยท   ยท   ยท   ยท
   . . . . . . . . . . . . . . . . . .
7 :   ยท   ยท   ยท   ยท   ยท   ยท   ยท   ยท   ยท
   . . . . . . . . . . . . . . . . . .
6 :   ยท   ยท   ยท   ยท   ยท   ยท   ยท   ยท   ยท
   . . . . . . . . . . . . . . . . . .
5 :   ยท   ยท   ยท   ยท   ยท   ยท   ยท   ยท   ยท
   . . . . . . . . . . . . . . . . . .
4 :   ยท   ยท   ยท   ยท   ยท   ยท   ยท   ยท   ยท
   . . . . . . . . . . . . . . . . . .
3 :   ยท   ยท   ยท   ยท   ยท   ยท   ยท   ยท   ยท
   . . . . . . . . . . . . . . . . . .
2 :   ยท   ยท   ยท   ยท   ยท   ยท   ยท   ยท   ยท
   . . . . . . . . . . . . . . . . . .
1 :   ยท   ยท   ยท   ยท   ยท   ยท   ยท   ยท   ยท
   . . . . . . . . . . . . . . . . . .
0 :   ยท   ยท   ยท   ยท W ยท   ยท   ยท   ยท   ยท
   ยทยทยท ยทยทยท ยทยทยท ยทยทยท ยทยทยท ยทยทยท ยทยทยท ยทยทยท ยทยทยท
    0   1   2   3   4   5   6   7   8 
2025-03-30 22:53:17,085 [GameBoard   ] DEBUG    You're player black
2025-03-30 22:53:17,085 [GameBoard   ] DEBUG    After moving initial position: 
//E1I9
2025-03-30 22:53:17,085 [GameBoard   ] DEBUG    
   . . . . . . . . . . . . . . . . . .
8 :   ยท   ยท   ยท   ยท   ยท   ยท   ยท   ยท B ยท
   . . . . . . . . . . . . . . . . . .
7 :   ยท   ยท   ยท   ยท   ยท   ยท   ยท   ยท   ยท
   . . . . . . . . . . . . . . . . . .
6 :   ยท   ยท   ยท   ยท   ยท   ยท   ยท   ยท   ยท
   . . . . . . . . . . . . . . . . . .
5 :   ยท   ยท   ยท   ยท   ยท   ยท   ยท   ยท   ยท
   . . . . . . . . . . . . . . . . . .
4 :   ยท   ยท   ยท   ยท   ยท   ยท   ยท   ยท   ยท
   . . . . . . . . . . . . . . . . . .
3 :   ยท   ยท   ยท   ยท   ยท   ยท   ยท   ยท   ยท
   . . . . . . . . . . . . . . . . . .
2 :   ยท   ยท   ยท   ยท   ยท   ยท   ยท   ยท   ยท
   . . . . . . . . . . . . . . . . . .
1 :   ยท   ยท   ยท   ยท   ยท   ยท   ยท   ยท   ยท
   . . . . . . . . . . . . . . . . . .
0 :   ยท   ยท   ยท   ยท W ยท   ยท   ยท   ยท   ยท
   ยทยทยท ยทยทยท ยทยทยท ยทยทยท ยทยทยท ยทยทยท ยทยทยท ยทยทยท ยทยทยท
    0   1   2   3   4   5   6   7   8 
2025-03-30 22:53:17,087 [Action      ] DEBUG    Calling BLOCK construction on edge (0, 6).
2025-03-30 22:53:17,087 [Action      ] DEBUG    Calling BLOCK construction on edge (1, 5).
2025-03-30 22:53:17,088 [Action      ] DEBUG    Calling BLOCK construction on edge (2, 6).
2025-03-30 22:53:17,088 [Action      ] DEBUG    Calling BLOCK construction on edge (4, 3).
2025-03-30 22:53:17,088 [Action      ] DEBUG    Calling BLOCK construction on edge (7, 1).
2025-03-30 22:53:17,089 [Action      ] DEBUG    Calling BLOCK construction on edge (7, 2).
2025-03-30 22:53:17,089 [Action      ] DEBUG    Calling BLOCK construction on edge (7, 5).
2025-03-30 22:53:17,089 [Action      ] DEBUG    Calling BLOCK construction on edge (7, 6).
2025-03-30 22:53:17,092 [GameBoard   ] DEBUG    State has been set as follows: 
F2G1G3/B8C8D5F8G8/I1C9
2025-03-30 22:53:17,092 [GameBoard   ] DEBUG    
   . . . . . . . . . . . . . . . . . .
8 :   ยท   | B |   ยท   ยท   |   |   ยท   ยท
   . . . .*. .*. . . . . .*. .*. . . .
7 :   ยท   |   |   ยท   ยท   |   |   ยท   ยท
   . . . . . . . . . . . . . . . . . .
6 :   ยท   ยท   ยท   ยท   ยท   ยท   ยท   ยท   ยท
   . . . . . . . . . . . . . . . . . .
5 :   ยท   ยท   ยท   |   ยท   ยท   ยท   ยท   ยท
   . . . . . . . .*. . . . . . . . . .
4 :   ยท   ยท   ยท   |   ยท   ยท   ยท   ยท   ยท
   . . . . . . . . . . . . . . . . . .
3 :   ยท   ยท   ยท   ยท   ยท   ยท   ยท   ยท   ยท
   . . . . . . . . . . . . ---*--- . .
2 :   ยท   ยท   ยท   ยท   ยท   ยท   ยท   ยท   ยท
   . . . . . . . . . . ---*--- . . . .
1 :   ยท   ยท   ยท   ยท   ยท   ยท   ยท   ยท   ยท
   . . . . . . . . . . . . ---*--- . .
0 :   ยท   ยท   ยท   ยท   ยท   ยท   ยท   ยท W ยท
   ยทยทยท ยทยทยท ยทยทยท ยทยทยท ยทยทยท ยทยทยท ยทยทยท ยทยทยท ยทยทยท
    0   1   2   3   4   5   6   7   8 
2025-03-30 22:53:17,094 [Evaluate    ] INFO     Begin to search using default agent.
2025-03-30 22:53:17,121 [Action      ] DEBUG    Calling BLOCK construction on edge (0, 6).
2025-03-30 22:53:17,121 [Action      ] DEBUG    Calling BLOCK construction on edge (1, 5).
2025-03-30 22:53:17,122 [Action      ] DEBUG    Calling BLOCK construction on edge (2, 6).
2025-03-30 22:53:17,122 [Action      ] DEBUG    Calling BLOCK construction on edge (4, 3).
2025-03-30 22:53:17,122 [Action      ] DEBUG    Calling BLOCK construction on edge (7, 1).
2025-03-30 22:53:17,123 [Action      ] DEBUG    Calling BLOCK construction on edge (7, 2).
2025-03-30 22:53:17,123 [Action      ] DEBUG    Calling BLOCK construction on edge (7, 5).
2025-03-30 22:53:17,123 [Action      ] DEBUG    Calling BLOCK construction on edge (7, 6).
2025-03-30 22:53:17,126 [GameBoard   ] DEBUG    State has been set as follows: 
F2G1G3/B8C8D5F8G8/I1C9
2025-03-30 22:53:17,126 [GameBoard   ] DEBUG    
   . . . . . . . . . . . . . . . . . .
8 :   ยท   | B |   ยท   ยท   |   |   ยท   ยท
   . . . .*. .*. . . . . .*. .*. . . .
7 :   ยท   |   |   ยท   ยท   |   |   ยท   ยท
   . . . . . . . . . . . . . . . . . .
6 :   ยท   ยท   ยท   ยท   ยท   ยท   ยท   ยท   ยท
   . . . . . . . . . . . . . . . . . .
5 :   ยท   ยท   ยท   |   ยท   ยท   ยท   ยท   ยท
   . . . . . . . .*. . . . . . . . . .
4 :   ยท   ยท   ยท   |   ยท   ยท   ยท   ยท   ยท
   . . . . . . . . . . . . . . . . . .
3 :   ยท   ยท   ยท   ยท   ยท   ยท   ยท   ยท   ยท
   . . . . . . . . . . . . ---*--- . .
2 :   ยท   ยท   ยท   ยท   ยท   ยท   ยท   ยท   ยท
   . . . . . . . . . . ---*--- . . . .
1 :   ยท   ยท   ยท   ยท   ยท   ยท   ยท   ยท   ยท
   . . . . . . . . . . . . ---*--- . .
0 :   ยท   ยท   ยท   ยท   ยท   ยท   ยท   ยท W ยท
   ยทยทยท ยทยทยท ยทยทยท ยทยทยท ยทยทยท ยทยทยท ยทยทยท ยทยทยท ยทยทยท
    0   1   2   3   4   5   6   7   8 
2025-03-30 22:53:17,126 [GameBoard   ] DEBUG    ------- SIMULATION START: () -------
2025-03-30 22:53:17,126 [Action      ] DEBUG    Calling BLOCK construction on edge (0, 6).
2025-03-30 22:53:17,126 [Action      ] DEBUG    Calling BLOCK construction on edge (1, 5).
2025-03-30 22:53:17,127 [Action      ] DEBUG    Calling BLOCK construction on edge (2, 6).
2025-03-30 22:53:17,127 [Action      ] DEBUG    Calling BLOCK construction on edge (4, 3).
2025-03-30 22:53:17,127 [Action      ] DEBUG    Calling BLOCK construction on edge (7, 1).
2025-03-30 22:53:17,128 [Action      ] DEBUG    Calling BLOCK construction on edge (7, 2).
2025-03-30 22:53:17,128 [Action      ] DEBUG    Calling BLOCK construction on edge (7, 5).
2025-03-30 22:53:17,128 [Action      ] DEBUG    Calling BLOCK construction on edge (7, 6).
2025-03-30 22:53:17,130 [GameBoard   ] DEBUG    State has been set as follows: 
F2G1G3/B8C8D5F8G8/I1C9
2025-03-30 22:53:17,130 [GameBoard   ] DEBUG    
   . . . . . . . . . . . . . . . . . .
8 :   ยท   | B |   ยท   ยท   |   |   ยท   ยท
   . . . .*. .*. . . . . .*. .*. . . .
7 :   ยท   |   |   ยท   ยท   |   |   ยท   ยท
   . . . . . . . . . . . . . . . . . .
6 :   ยท   ยท   ยท   ยท   ยท   ยท   ยท   ยท   ยท
   . . . . . . . . . . . . . . . . . .
5 :   ยท   ยท   ยท   |   ยท   ยท   ยท   ยท   ยท
   . . . . . . . .*. . . . . . . . . .
4 :   ยท   ยท   ยท   |   ยท   ยท   ยท   ยท   ยท
   . . . . . . . . . . . . . . . . . .
3 :   ยท   ยท   ยท   ยท   ยท   ยท   ยท   ยท   ยท
   . . . . . . . . . . . . ---*--- . .
2 :   ยท   ยท   ยท   ยท   ยท   ยท   ยท   ยท   ยท
   . . . . . . . . . . ---*--- . . . .
1 :   ยท   ยท   ยท   ยท   ยท   ยท   ยท   ยท   ยท
   . . . . . . . . . . . . ---*--- . .
0 :   ยท   ยท   ยท   ยท   ยท   ยท   ยท   ยท W ยท
   ยทยทยท ยทยทยท ยทยทยท ยทยทยท ยทยทยท ยทยทยท ยทยทยท ยทยทยท ยทยทยท
    0   1   2   3   4   5   6   7   8 
2025-03-30 22:53:17,130 [GameBoard   ] DEBUG    State has been changed to: 
F2G1G3/B8C8D5F8G8/I1C9
2025-03-30 22:53:17,130 [GameBoard   ] DEBUG    
   . . . . . . . . . . . . . . . . . .
8 :   ยท   | B |   ยท   ยท   |   |   ยท   ยท
   . . . .*. .*. . . . . .*. .*. . . .
7 :   ยท   |   |   ยท   ยท   |   |   ยท   ยท
   . . . . . . . . . . . . . . . . . .
6 :   ยท   ยท   ยท   ยท   ยท   ยท   ยท   ยท   ยท
   . . . . . . . . . . . . . . . . . .
5 :   ยท   ยท   ยท   |   ยท   ยท   ยท   ยท   ยท
   . . . . . . . .*. . . . . . . . . .
4 :   ยท   ยท   ยท   |   ยท   ยท   ยท   ยท   ยท
   . . . . . . . . . . . . . . . . . .
3 :   ยท   ยท   ยท   ยท   ยท   ยท   ยท   ยท   ยท
   . . . . . . . . . . . . ---*--- . .
2 :   ยท   ยท   ยท   ยท   ยท   ยท   ยท   ยท   ยท
   . . . . . . . . . . ---*--- . . . .
1 :   ยท   ยท   ยท   ยท   ยท   ยท   ยท   ยท   ยท
   . . . . . . . . . . . . ---*--- . .
0 :   ยท   ยท   ยท   ยท   ยท   ยท   ยท   ยท W ยท
   ยทยทยท ยทยทยท ยทยทยท ยทยทยท ยทยทยท ยทยทยท ยทยทยท ยทยทยท ยทยทยท
    0   1   2   3   4   5   6   7   8 
2025-03-30 22:53:17,130 [GameBoard   ] DEBUG    ------- SIMULATION ENDS -------
2025-03-30 22:53:17,132 [GameBoard   ] DEBUG    Querying whether the game ends in this state... Answer = False
2025-03-30 22:53:17,132 [Evaluate    ] DEBUG    Execution Result: Performance(failure=None, outcome=inf, time=0.02, search=None, memory=0.0, point=1).
