2025-03-25 05:32:21,713 [Evaluate    ] INFO     Loading challenge_1 agent to memory...
2025-03-25 05:32:21,715 [GameBoard   ] DEBUG    Initializing a new game board...
2025-03-25 05:32:21,716 [GameBoard   ] DEBUG    Rendered board: 
//E1E9
2025-03-25 05:32:21,716 [GameBoard   ] DEBUG    
   . . . . . . . . . . . . . . . . . .
8 :   ·   ·   ·   · B ·   ·   ·   ·   ·
   . . . . . . . . . . . . . . . . . .
7 :   ·   ·   ·   ·   ·   ·   ·   ·   ·
   . . . . . . . . . . . . . . . . . .
6 :   ·   ·   ·   ·   ·   ·   ·   ·   ·
   . . . . . . . . . . . . . . . . . .
5 :   ·   ·   ·   ·   ·   ·   ·   ·   ·
   . . . . . . . . . . . . . . . . . .
4 :   ·   ·   ·   ·   ·   ·   ·   ·   ·
   . . . . . . . . . . . . . . . . . .
3 :   ·   ·   ·   ·   ·   ·   ·   ·   ·
   . . . . . . . . . . . . . . . . . .
2 :   ·   ·   ·   ·   ·   ·   ·   ·   ·
   . . . . . . . . . . . . . . . . . .
1 :   ·   ·   ·   ·   ·   ·   ·   ·   ·
   . . . . . . . . . . . . . . . . . .
0 :   ·   ·   ·   · W ·   ·   ·   ·   ·
   ··· ··· ··· ··· ··· ··· ··· ··· ···
    0   1   2   3   4   5   6   7   8 
2025-03-25 05:32:21,716 [GameBoard   ] DEBUG    You're player black
2025-03-25 05:32:21,716 [GameBoard   ] DEBUG    After moving initial position: 
//D1G9
2025-03-25 05:32:21,716 [GameBoard   ] DEBUG    
   . . . . . . . . . . . . . . . . . .
8 :   ·   ·   ·   ·   ·   · B ·   ·   ·
   . . . . . . . . . . . . . . . . . .
7 :   ·   ·   ·   ·   ·   ·   ·   ·   ·
   . . . . . . . . . . . . . . . . . .
6 :   ·   ·   ·   ·   ·   ·   ·   ·   ·
   . . . . . . . . . . . . . . . . . .
5 :   ·   ·   ·   ·   ·   ·   ·   ·   ·
   . . . . . . . . . . . . . . . . . .
4 :   ·   ·   ·   ·   ·   ·   ·   ·   ·
   . . . . . . . . . . . . . . . . . .
3 :   ·   ·   ·   ·   ·   ·   ·   ·   ·
   . . . . . . . . . . . . . . . . . .
2 :   ·   ·   ·   ·   ·   ·   ·   ·   ·
   . . . . . . . . . . . . . . . . . .
1 :   ·   ·   ·   ·   ·   ·   ·   ·   ·
   . . . . . . . . . . . . . . . . . .
0 :   ·   ·   · W ·   ·   ·   ·   ·   ·
   ··· ··· ··· ··· ··· ··· ··· ··· ···
    0   1   2   3   4   5   6   7   8 
2025-03-25 05:32:21,719 [GameBoard   ] DEBUG    State has been set as follows: 
A3G1G2/A1B1B3E5F3/E1A9
2025-03-25 05:32:21,719 [GameBoard   ] DEBUG    
   . . . . . . . . . . . . . . . . . .
8 : B ·   ·   ·   ·   ·   ·   ·   ·   ·
   . . . . . . . . . . . . . . . . . .
7 :   ·   ·   ·   ·   ·   ·   ·   ·   ·
   . . . . . . . . . . . . . . . . . .
6 :   ·   ·   ·   ·   ·   ·   ·   ·   ·
   . . . . . . . . . . . . . . . . . .
5 :   ·   ·   ·   ·   |   ·   ·   ·   ·
   . . . . . . . . . .*. . . . . . . .
4 :   ·   ·   ·   ·   |   ·   ·   ·   ·
   . . . . . . . . . . . . . . . . . .
3 :   ·   |   ·   ·   ·   |   ·   ·   ·
   ---*---*. . . . . . . .*. . . . . .
2 :   ·   |   ·   ·   ·   |   ·   ·   ·
   . . . . . . . . . . . . ---*--- . .
1 :   |   |   ·   ·   ·   ·   ·   ·   ·
   . .*. .*. . . . . . . . ---*--- . .
0 :   |   |   ·   · W ·   ·   ·   ·   ·
   ··· ··· ··· ··· ··· ··· ··· ··· ···
    0   1   2   3   4   5   6   7   8 
2025-03-25 05:32:21,721 [Evaluate    ] INFO     Begin to search using challenge_1 agent.
2025-03-25 05:32:21,722 [GameBoard   ] DEBUG    Querying current state...
2025-03-25 05:32:21,723 [GameBoard   ] DEBUG    ------- SIMULATION START: () -------
2025-03-25 05:32:21,723 [GameBoard   ] DEBUG    checkcheckcheck
2025-03-25 05:32:21,723 [GameBoard   ] DEBUG    State has been set as follows: 
A3G1G2/A1B1B3E5F3/E1A9
2025-03-25 05:32:21,724 [GameBoard   ] DEBUG    
   . . . . . . . . . . . . . . . . . .
8 : B ·   ·   ·   ·   ·   ·   ·   ·   ·
   . . . . . . . . . . . . . . . . . .
7 :   ·   ·   ·   ·   ·   ·   ·   ·   ·
   . . . . . . . . . . . . . . . . . .
6 :   ·   ·   ·   ·   ·   ·   ·   ·   ·
   . . . . . . . . . . . . . . . . . .
5 :   ·   ·   ·   ·   |   ·   ·   ·   ·
   . . . . . . . . . .*. . . . . . . .
4 :   ·   ·   ·   ·   |   ·   ·   ·   ·
   . . . . . . . . . . . . . . . . . .
3 :   ·   |   ·   ·   ·   |   ·   ·   ·
   ---*---*. . . . . . . .*. . . . . .
2 :   ·   |   ·   ·   ·   |   ·   ·   ·
   . . . . . . . . . . . . ---*--- . .
1 :   |   |   ·   ·   ·   ·   ·   ·   ·
   . .*. .*. . . . . . . . ---*--- . .
0 :   |   |   ·   · W ·   ·   ·   ·   ·
   ··· ··· ··· ··· ··· ··· ··· ··· ···
    0   1   2   3   4   5   6   7   8 
2025-03-25 05:32:21,724 [GameBoard   ] DEBUG    State has been changed to: 
A3G1G2/A1B1B3E5F3/E1A9
2025-03-25 05:32:21,724 [GameBoard   ] DEBUG    
   . . . . . . . . . . . . . . . . . .
8 : B ·   ·   ·   ·   ·   ·   ·   ·   ·
   . . . . . . . . . . . . . . . . . .
7 :   ·   ·   ·   ·   ·   ·   ·   ·   ·
   . . . . . . . . . . . . . . . . . .
6 :   ·   ·   ·   ·   ·   ·   ·   ·   ·
   . . . . . . . . . . . . . . . . . .
5 :   ·   ·   ·   ·   |   ·   ·   ·   ·
   . . . . . . . . . .*. . . . . . . .
4 :   ·   ·   ·   ·   |   ·   ·   ·   ·
   . . . . . . . . . . . . . . . . . .
3 :   ·   |   ·   ·   ·   |   ·   ·   ·
   ---*---*. . . . . . . .*. . . . . .
2 :   ·   |   ·   ·   ·   |   ·   ·   ·
   . . . . . . . . . . . . ---*--- . .
1 :   |   |   ·   ·   ·   ·   ·   ·   ·
   . .*. .*. . . . . . . . ---*--- . .
0 :   |   |   ·   · W ·   ·   ·   ·   ·
   ··· ··· ··· ··· ··· ··· ··· ··· ···
    0   1   2   3   4   5   6   7   8 
2025-03-25 05:32:21,724 [GameBoard   ] DEBUG    ------- SIMULATION ENDS -------
2025-03-25 05:32:21,725 [GameBoard   ] DEBUG    Querying applicable move directions...<Action>
2025-03-25 05:32:21,725 [agent       ] DEBUG    applicable moves : (7, 0)
2025-03-25 05:32:21,726 [agent       ] DEBUG    applicable moves : (8, 1)
2025-03-25 05:32:21,726 [GameBoard   ] DEBUG    ------- SIMULATION START: () -------
2025-03-25 05:32:21,726 [GameBoard   ] DEBUG    checkcheckcheck
2025-03-25 05:32:21,726 [GameBoard   ] DEBUG    State has been set as follows: 
A3G1G2/A1B1B3E5F3/E1A8
2025-03-25 05:32:21,727 [GameBoard   ] DEBUG    
   . . . . . . . . . . . . . . . . . .
8 :   ·   ·   ·   ·   ·   ·   ·   ·   ·
   . . . . . . . . . . . . . . . . . .
7 : B ·   ·   ·   ·   ·   ·   ·   ·   ·
   . . . . . . . . . . . . . . . . . .
6 :   ·   ·   ·   ·   ·   ·   ·   ·   ·
   . . . . . . . . . . . . . . . . . .
5 :   ·   ·   ·   ·   |   ·   ·   ·   ·
   . . . . . . . . . .*. . . . . . . .
4 :   ·   ·   ·   ·   |   ·   ·   ·   ·
   . . . . . . . . . . . . . . . . . .
3 :   ·   |   ·   ·   ·   |   ·   ·   ·
   ---*---*. . . . . . . .*. . . . . .
2 :   ·   |   ·   ·   ·   |   ·   ·   ·
   . . . . . . . . . . . . ---*--- . .
1 :   |   |   ·   ·   ·   ·   ·   ·   ·
   . .*. .*. . . . . . . . ---*--- . .
0 :   |   |   ·   · W ·   ·   ·   ·   ·
   ··· ··· ··· ··· ··· ··· ··· ··· ···
    0   1   2   3   4   5   6   7   8 
2025-03-25 05:32:21,727 [GameBoard   ] DEBUG    State has been changed to: 
A3G1G2/A1B1B3E5F3/E1A8
2025-03-25 05:32:21,727 [GameBoard   ] DEBUG    
   . . . . . . . . . . . . . . . . . .
8 :   ·   ·   ·   ·   ·   ·   ·   ·   ·
   . . . . . . . . . . . . . . . . . .
7 : B ·   ·   ·   ·   ·   ·   ·   ·   ·
   . . . . . . . . . . . . . . . . . .
6 :   ·   ·   ·   ·   ·   ·   ·   ·   ·
   . . . . . . . . . . . . . . . . . .
5 :   ·   ·   ·   ·   |   ·   ·   ·   ·
   . . . . . . . . . .*. . . . . . . .
4 :   ·   ·   ·   ·   |   ·   ·   ·   ·
   . . . . . . . . . . . . . . . . . .
3 :   ·   |   ·   ·   ·   |   ·   ·   ·
   ---*---*. . . . . . . .*. . . . . .
2 :   ·   |   ·   ·   ·   |   ·   ·   ·
   . . . . . . . . . . . . ---*--- . .
1 :   |   |   ·   ·   ·   ·   ·   ·   ·
   . .*. .*. . . . . . . . ---*--- . .
0 :   |   |   ·   · W ·   ·   ·   ·   ·
   ··· ··· ··· ··· ··· ··· ··· ··· ···
    0   1   2   3   4   5   6   7   8 
2025-03-25 05:32:21,727 [GameBoard   ] DEBUG    ------- SIMULATION ENDS -------
2025-03-25 05:32:21,728 [GameBoard   ] DEBUG    Querying applicable move directions...<Action>
2025-03-25 05:32:21,728 [agent       ] DEBUG    applicable moves : (6, 0)
2025-03-25 05:32:21,728 [agent       ] DEBUG    applicable moves : (7, 1)
2025-03-25 05:32:21,728 [agent       ] DEBUG    applicable moves : (8, 0)
2025-03-25 05:32:21,729 [GameBoard   ] DEBUG    ------- SIMULATION START: () -------
2025-03-25 05:32:21,729 [GameBoard   ] DEBUG    checkcheckcheck
2025-03-25 05:32:21,729 [GameBoard   ] DEBUG    State has been set as follows: 
A3G1G2/A1B1B3E5F3/E1B9
2025-03-25 05:32:21,730 [GameBoard   ] DEBUG    
   . . . . . . . . . . . . . . . . . .
8 :   · B ·   ·   ·   ·   ·   ·   ·   ·
   . . . . . . . . . . . . . . . . . .
7 :   ·   ·   ·   ·   ·   ·   ·   ·   ·
   . . . . . . . . . . . . . . . . . .
6 :   ·   ·   ·   ·   ·   ·   ·   ·   ·
   . . . . . . . . . . . . . . . . . .
5 :   ·   ·   ·   ·   |   ·   ·   ·   ·
   . . . . . . . . . .*. . . . . . . .
4 :   ·   ·   ·   ·   |   ·   ·   ·   ·
   . . . . . . . . . . . . . . . . . .
3 :   ·   |   ·   ·   ·   |   ·   ·   ·
   ---*---*. . . . . . . .*. . . . . .
2 :   ·   |   ·   ·   ·   |   ·   ·   ·
   . . . . . . . . . . . . ---*--- . .
1 :   |   |   ·   ·   ·   ·   ·   ·   ·
   . .*. .*. . . . . . . . ---*--- . .
0 :   |   |   ·   · W ·   ·   ·   ·   ·
   ··· ··· ··· ··· ··· ··· ··· ··· ···
    0   1   2   3   4   5   6   7   8 
2025-03-25 05:32:21,730 [GameBoard   ] DEBUG    State has been changed to: 
A3G1G2/A1B1B3E5F3/E1B9
2025-03-25 05:32:21,730 [GameBoard   ] DEBUG    
   . . . . . . . . . . . . . . . . . .
8 :   · B ·   ·   ·   ·   ·   ·   ·   ·
   . . . . . . . . . . . . . . . . . .
7 :   ·   ·   ·   ·   ·   ·   ·   ·   ·
   . . . . . . . . . . . . . . . . . .
6 :   ·   ·   ·   ·   ·   ·   ·   ·   ·
   . . . . . . . . . . . . . . . . . .
5 :   ·   ·   ·   ·   |   ·   ·   ·   ·
   . . . . . . . . . .*. . . . . . . .
4 :   ·   ·   ·   ·   |   ·   ·   ·   ·
   . . . . . . . . . . . . . . . . . .
3 :   ·   |   ·   ·   ·   |   ·   ·   ·
   ---*---*. . . . . . . .*. . . . . .
2 :   ·   |   ·   ·   ·   |   ·   ·   ·
   . . . . . . . . . . . . ---*--- . .
1 :   |   |   ·   ·   ·   ·   ·   ·   ·
   . .*. .*. . . . . . . . ---*--- . .
0 :   |   |   ·   · W ·   ·   ·   ·   ·
   ··· ··· ··· ··· ··· ··· ··· ··· ···
    0   1   2   3   4   5   6   7   8 
2025-03-25 05:32:21,730 [GameBoard   ] DEBUG    ------- SIMULATION ENDS -------
2025-03-25 05:32:21,731 [GameBoard   ] DEBUG    Querying applicable move directions...<Action>
2025-03-25 05:32:21,731 [agent       ] DEBUG    applicable moves : (7, 1)
2025-03-25 05:32:21,731 [agent       ] DEBUG    applicable moves : (8, 0)
2025-03-25 05:32:21,731 [agent       ] DEBUG    applicable moves : (8, 2)
2025-03-25 05:32:21,732 [GameBoard   ] DEBUG    ------- SIMULATION START: () -------
2025-03-25 05:32:21,732 [GameBoard   ] DEBUG    checkcheckcheck
2025-03-25 05:32:21,732 [GameBoard   ] DEBUG    State has been set as follows: 
A3G1G2/A1B1B3E5F3/E1A7
2025-03-25 05:32:21,732 [GameBoard   ] DEBUG    
   . . . . . . . . . . . . . . . . . .
8 :   ·   ·   ·   ·   ·   ·   ·   ·   ·
   . . . . . . . . . . . . . . . . . .
7 :   ·   ·   ·   ·   ·   ·   ·   ·   ·
   . . . . . . . . . . . . . . . . . .
6 : B ·   ·   ·   ·   ·   ·   ·   ·   ·
   . . . . . . . . . . . . . . . . . .
5 :   ·   ·   ·   ·   |   ·   ·   ·   ·
   . . . . . . . . . .*. . . . . . . .
4 :   ·   ·   ·   ·   |   ·   ·   ·   ·
   . . . . . . . . . . . . . . . . . .
3 :   ·   |   ·   ·   ·   |   ·   ·   ·
   ---*---*. . . . . . . .*. . . . . .
2 :   ·   |   ·   ·   ·   |   ·   ·   ·
   . . . . . . . . . . . . ---*--- . .
1 :   |   |   ·   ·   ·   ·   ·   ·   ·
   . .*. .*. . . . . . . . ---*--- . .
0 :   |   |   ·   · W ·   ·   ·   ·   ·
   ··· ··· ··· ··· ··· ··· ··· ··· ···
    0   1   2   3   4   5   6   7   8 
2025-03-25 05:32:21,733 [GameBoard   ] DEBUG    State has been changed to: 
A3G1G2/A1B1B3E5F3/E1A7
2025-03-25 05:32:21,733 [GameBoard   ] DEBUG    
   . . . . . . . . . . . . . . . . . .
8 :   ·   ·   ·   ·   ·   ·   ·   ·   ·
   . . . . . . . . . . . . . . . . . .
7 :   ·   ·   ·   ·   ·   ·   ·   ·   ·
   . . . . . . . . . . . . . . . . . .
6 : B ·   ·   ·   ·   ·   ·   ·   ·   ·
   . . . . . . . . . . . . . . . . . .
5 :   ·   ·   ·   ·   |   ·   ·   ·   ·
   . . . . . . . . . .*. . . . . . . .
4 :   ·   ·   ·   ·   |   ·   ·   ·   ·
   . . . . . . . . . . . . . . . . . .
3 :   ·   |   ·   ·   ·   |   ·   ·   ·
   ---*---*. . . . . . . .*. . . . . .
2 :   ·   |   ·   ·   ·   |   ·   ·   ·
   . . . . . . . . . . . . ---*--- . .
1 :   |   |   ·   ·   ·   ·   ·   ·   ·
   . .*. .*. . . . . . . . ---*--- . .
0 :   |   |   ·   · W ·   ·   ·   ·   ·
   ··· ··· ··· ··· ··· ··· ··· ··· ···
    0   1   2   3   4   5   6   7   8 
2025-03-25 05:32:21,733 [GameBoard   ] DEBUG    ------- SIMULATION ENDS -------
2025-03-25 05:32:21,734 [GameBoard   ] DEBUG    Querying applicable move directions...<Action>
2025-03-25 05:32:21,734 [agent       ] DEBUG    applicable moves : (5, 0)
2025-03-25 05:32:21,734 [agent       ] DEBUG    applicable moves : (6, 1)
2025-03-25 05:32:21,734 [agent       ] DEBUG    applicable moves : (7, 0)
2025-03-25 05:32:21,734 [GameBoard   ] DEBUG    ------- SIMULATION START: () -------
2025-03-25 05:32:21,734 [GameBoard   ] DEBUG    checkcheckcheck
2025-03-25 05:32:21,735 [GameBoard   ] DEBUG    State has been set as follows: 
A3G1G2/A1B1B3E5F3/E1B8
2025-03-25 05:32:21,735 [GameBoard   ] DEBUG    
   . . . . . . . . . . . . . . . . . .
8 :   ·   ·   ·   ·   ·   ·   ·   ·   ·
   . . . . . . . . . . . . . . . . . .
7 :   · B ·   ·   ·   ·   ·   ·   ·   ·
   . . . . . . . . . . . . . . . . . .
6 :   ·   ·   ·   ·   ·   ·   ·   ·   ·
   . . . . . . . . . . . . . . . . . .
5 :   ·   ·   ·   ·   |   ·   ·   ·   ·
   . . . . . . . . . .*. . . . . . . .
4 :   ·   ·   ·   ·   |   ·   ·   ·   ·
   . . . . . . . . . . . . . . . . . .
3 :   ·   |   ·   ·   ·   |   ·   ·   ·
   ---*---*. . . . . . . .*. . . . . .
2 :   ·   |   ·   ·   ·   |   ·   ·   ·
   . . . . . . . . . . . . ---*--- . .
1 :   |   |   ·   ·   ·   ·   ·   ·   ·
   . .*. .*. . . . . . . . ---*--- . .
0 :   |   |   ·   · W ·   ·   ·   ·   ·
   ··· ··· ··· ··· ··· ··· ··· ··· ···
    0   1   2   3   4   5   6   7   8 
2025-03-25 05:32:21,736 [GameBoard   ] DEBUG    State has been changed to: 
A3G1G2/A1B1B3E5F3/E1B8
2025-03-25 05:32:21,736 [GameBoard   ] DEBUG    
   . . . . . . . . . . . . . . . . . .
8 :   ·   ·   ·   ·   ·   ·   ·   ·   ·
   . . . . . . . . . . . . . . . . . .
7 :   · B ·   ·   ·   ·   ·   ·   ·   ·
   . . . . . . . . . . . . . . . . . .
6 :   ·   ·   ·   ·   ·   ·   ·   ·   ·
   . . . . . . . . . . . . . . . . . .
5 :   ·   ·   ·   ·   |   ·   ·   ·   ·
   . . . . . . . . . .*. . . . . . . .
4 :   ·   ·   ·   ·   |   ·   ·   ·   ·
   . . . . . . . . . . . . . . . . . .
3 :   ·   |   ·   ·   ·   |   ·   ·   ·
   ---*---*. . . . . . . .*. . . . . .
2 :   ·   |   ·   ·   ·   |   ·   ·   ·
   . . . . . . . . . . . . ---*--- . .
1 :   |   |   ·   ·   ·   ·   ·   ·   ·
   . .*. .*. . . . . . . . ---*--- . .
0 :   |   |   ·   · W ·   ·   ·   ·   ·
   ··· ··· ··· ··· ··· ··· ··· ··· ···
    0   1   2   3   4   5   6   7   8 
2025-03-25 05:32:21,736 [GameBoard   ] DEBUG    ------- SIMULATION ENDS -------
2025-03-25 05:32:21,737 [GameBoard   ] DEBUG    Querying applicable move directions...<Action>
2025-03-25 05:32:21,738 [agent       ] DEBUG    applicable moves : (6, 1)
2025-03-25 05:32:21,738 [agent       ] DEBUG    applicable moves : (7, 0)
2025-03-25 05:32:21,738 [agent       ] DEBUG    applicable moves : (7, 2)
2025-03-25 05:32:21,738 [agent       ] DEBUG    applicable moves : (8, 1)
2025-03-25 05:32:21,738 [GameBoard   ] DEBUG    ------- SIMULATION START: () -------
2025-03-25 05:32:21,738 [GameBoard   ] DEBUG    checkcheckcheck
2025-03-25 05:32:21,739 [GameBoard   ] DEBUG    State has been set as follows: 
A3G1G2/A1B1B3E5F3/E1C9
2025-03-25 05:32:21,739 [GameBoard   ] DEBUG    
   . . . . . . . . . . . . . . . . . .
8 :   ·   · B ·   ·   ·   ·   ·   ·   ·
   . . . . . . . . . . . . . . . . . .
7 :   ·   ·   ·   ·   ·   ·   ·   ·   ·
   . . . . . . . . . . . . . . . . . .
6 :   ·   ·   ·   ·   ·   ·   ·   ·   ·
   . . . . . . . . . . . . . . . . . .
5 :   ·   ·   ·   ·   |   ·   ·   ·   ·
   . . . . . . . . . .*. . . . . . . .
4 :   ·   ·   ·   ·   |   ·   ·   ·   ·
   . . . . . . . . . . . . . . . . . .
3 :   ·   |   ·   ·   ·   |   ·   ·   ·
   ---*---*. . . . . . . .*. . . . . .
2 :   ·   |   ·   ·   ·   |   ·   ·   ·
   . . . . . . . . . . . . ---*--- . .
1 :   |   |   ·   ·   ·   ·   ·   ·   ·
   . .*. .*. . . . . . . . ---*--- . .
0 :   |   |   ·   · W ·   ·   ·   ·   ·
   ··· ··· ··· ··· ··· ··· ··· ··· ···
    0   1   2   3   4   5   6   7   8 
2025-03-25 05:32:21,739 [GameBoard   ] DEBUG    State has been changed to: 
A3G1G2/A1B1B3E5F3/E1C9
2025-03-25 05:32:21,739 [GameBoard   ] DEBUG    
   . . . . . . . . . . . . . . . . . .
8 :   ·   · B ·   ·   ·   ·   ·   ·   ·
   . . . . . . . . . . . . . . . . . .
7 :   ·   ·   ·   ·   ·   ·   ·   ·   ·
   . . . . . . . . . . . . . . . . . .
6 :   ·   ·   ·   ·   ·   ·   ·   ·   ·
   . . . . . . . . . . . . . . . . . .
5 :   ·   ·   ·   ·   |   ·   ·   ·   ·
   . . . . . . . . . .*. . . . . . . .
4 :   ·   ·   ·   ·   |   ·   ·   ·   ·
   . . . . . . . . . . . . . . . . . .
3 :   ·   |   ·   ·   ·   |   ·   ·   ·
   ---*---*. . . . . . . .*. . . . . .
2 :   ·   |   ·   ·   ·   |   ·   ·   ·
   . . . . . . . . . . . . ---*--- . .
1 :   |   |   ·   ·   ·   ·   ·   ·   ·
   . .*. .*. . . . . . . . ---*--- . .
0 :   |   |   ·   · W ·   ·   ·   ·   ·
   ··· ··· ··· ··· ··· ··· ··· ··· ···
    0   1   2   3   4   5   6   7   8 
2025-03-25 05:32:21,739 [GameBoard   ] DEBUG    ------- SIMULATION ENDS -------
2025-03-25 05:32:21,740 [GameBoard   ] DEBUG    Querying applicable move directions...<Action>
2025-03-25 05:32:21,741 [agent       ] DEBUG    applicable moves : (7, 2)
2025-03-25 05:32:21,741 [agent       ] DEBUG    applicable moves : (8, 1)
2025-03-25 05:32:21,741 [agent       ] DEBUG    applicable moves : (8, 3)
2025-03-25 05:32:21,741 [GameBoard   ] DEBUG    ------- SIMULATION START: () -------
2025-03-25 05:32:21,741 [GameBoard   ] DEBUG    checkcheckcheck
2025-03-25 05:32:21,741 [GameBoard   ] DEBUG    State has been set as follows: 
A3G1G2/A1B1B3E5F3/E1A6
2025-03-25 05:32:21,742 [GameBoard   ] DEBUG    
   . . . . . . . . . . . . . . . . . .
8 :   ·   ·   ·   ·   ·   ·   ·   ·   ·
   . . . . . . . . . . . . . . . . . .
7 :   ·   ·   ·   ·   ·   ·   ·   ·   ·
   . . . . . . . . . . . . . . . . . .
6 :   ·   ·   ·   ·   ·   ·   ·   ·   ·
   . . . . . . . . . . . . . . . . . .
5 : B ·   ·   ·   ·   |   ·   ·   ·   ·
   . . . . . . . . . .*. . . . . . . .
4 :   ·   ·   ·   ·   |   ·   ·   ·   ·
   . . . . . . . . . . . . . . . . . .
3 :   ·   |   ·   ·   ·   |   ·   ·   ·
   ---*---*. . . . . . . .*. . . . . .
2 :   ·   |   ·   ·   ·   |   ·   ·   ·
   . . . . . . . . . . . . ---*--- . .
1 :   |   |   ·   ·   ·   ·   ·   ·   ·
   . .*. .*. . . . . . . . ---*--- . .
0 :   |   |   ·   · W ·   ·   ·   ·   ·
   ··· ··· ··· ··· ··· ··· ··· ··· ···
    0   1   2   3   4   5   6   7   8 
2025-03-25 05:32:21,742 [GameBoard   ] DEBUG    State has been changed to: 
A3G1G2/A1B1B3E5F3/E1A6
2025-03-25 05:32:21,742 [GameBoard   ] DEBUG    
   . . . . . . . . . . . . . . . . . .
8 :   ·   ·   ·   ·   ·   ·   ·   ·   ·
   . . . . . . . . . . . . . . . . . .
7 :   ·   ·   ·   ·   ·   ·   ·   ·   ·
   . . . . . . . . . . . . . . . . . .
6 :   ·   ·   ·   ·   ·   ·   ·   ·   ·
   . . . . . . . . . . . . . . . . . .
5 : B ·   ·   ·   ·   |   ·   ·   ·   ·
   . . . . . . . . . .*. . . . . . . .
4 :   ·   ·   ·   ·   |   ·   ·   ·   ·
   . . . . . . . . . . . . . . . . . .
3 :   ·   |   ·   ·   ·   |   ·   ·   ·
   ---*---*. . . . . . . .*. . . . . .
2 :   ·   |   ·   ·   ·   |   ·   ·   ·
   . . . . . . . . . . . . ---*--- . .
1 :   |   |   ·   ·   ·   ·   ·   ·   ·
   . .*. .*. . . . . . . . ---*--- . .
0 :   |   |   ·   · W ·   ·   ·   ·   ·
   ··· ··· ··· ··· ··· ··· ··· ··· ···
    0   1   2   3   4   5   6   7   8 
2025-03-25 05:32:21,742 [GameBoard   ] DEBUG    ------- SIMULATION ENDS -------
2025-03-25 05:32:21,743 [GameBoard   ] DEBUG    Querying applicable move directions...<Action>
2025-03-25 05:32:21,743 [agent       ] DEBUG    applicable moves : (4, 0)
2025-03-25 05:32:21,743 [agent       ] DEBUG    applicable moves : (5, 1)
2025-03-25 05:32:21,743 [agent       ] DEBUG    applicable moves : (6, 0)
2025-03-25 05:32:21,744 [GameBoard   ] DEBUG    ------- SIMULATION START: () -------
2025-03-25 05:32:21,744 [GameBoard   ] DEBUG    checkcheckcheck
2025-03-25 05:32:21,744 [GameBoard   ] DEBUG    State has been set as follows: 
A3G1G2/A1B1B3E5F3/E1B7
2025-03-25 05:32:21,744 [GameBoard   ] DEBUG    
   . . . . . . . . . . . . . . . . . .
8 :   ·   ·   ·   ·   ·   ·   ·   ·   ·
   . . . . . . . . . . . . . . . . . .
7 :   ·   ·   ·   ·   ·   ·   ·   ·   ·
   . . . . . . . . . . . . . . . . . .
6 :   · B ·   ·   ·   ·   ·   ·   ·   ·
   . . . . . . . . . . . . . . . . . .
5 :   ·   ·   ·   ·   |   ·   ·   ·   ·
   . . . . . . . . . .*. . . . . . . .
4 :   ·   ·   ·   ·   |   ·   ·   ·   ·
   . . . . . . . . . . . . . . . . . .
3 :   ·   |   ·   ·   ·   |   ·   ·   ·
   ---*---*. . . . . . . .*. . . . . .
2 :   ·   |   ·   ·   ·   |   ·   ·   ·
   . . . . . . . . . . . . ---*--- . .
1 :   |   |   ·   ·   ·   ·   ·   ·   ·
   . .*. .*. . . . . . . . ---*--- . .
0 :   |   |   ·   · W ·   ·   ·   ·   ·
   ··· ··· ··· ··· ··· ··· ··· ··· ···
    0   1   2   3   4   5   6   7   8 
2025-03-25 05:32:21,745 [GameBoard   ] DEBUG    State has been changed to: 
A3G1G2/A1B1B3E5F3/E1B7
2025-03-25 05:32:21,745 [GameBoard   ] DEBUG    
   . . . . . . . . . . . . . . . . . .
8 :   ·   ·   ·   ·   ·   ·   ·   ·   ·
   . . . . . . . . . . . . . . . . . .
7 :   ·   ·   ·   ·   ·   ·   ·   ·   ·
   . . . . . . . . . . . . . . . . . .
6 :   · B ·   ·   ·   ·   ·   ·   ·   ·
   . . . . . . . . . . . . . . . . . .
5 :   ·   ·   ·   ·   |   ·   ·   ·   ·
   . . . . . . . . . .*. . . . . . . .
4 :   ·   ·   ·   ·   |   ·   ·   ·   ·
   . . . . . . . . . . . . . . . . . .
3 :   ·   |   ·   ·   ·   |   ·   ·   ·
   ---*---*. . . . . . . .*. . . . . .
2 :   ·   |   ·   ·   ·   |   ·   ·   ·
   . . . . . . . . . . . . ---*--- . .
1 :   |   |   ·   ·   ·   ·   ·   ·   ·
   . .*. .*. . . . . . . . ---*--- . .
0 :   |   |   ·   · W ·   ·   ·   ·   ·
   ··· ··· ··· ··· ··· ··· ··· ··· ···
    0   1   2   3   4   5   6   7   8 
2025-03-25 05:32:21,745 [GameBoard   ] DEBUG    ------- SIMULATION ENDS -------
2025-03-25 05:32:21,745 [GameBoard   ] DEBUG    Querying applicable move directions...<Action>
2025-03-25 05:32:21,746 [agent       ] DEBUG    applicable moves : (5, 1)
2025-03-25 05:32:21,746 [agent       ] DEBUG    applicable moves : (6, 0)
2025-03-25 05:32:21,746 [agent       ] DEBUG    applicable moves : (6, 2)
2025-03-25 05:32:21,746 [agent       ] DEBUG    applicable moves : (7, 1)
2025-03-25 05:32:21,746 [GameBoard   ] DEBUG    ------- SIMULATION START: () -------
2025-03-25 05:32:21,746 [GameBoard   ] DEBUG    checkcheckcheck
2025-03-25 05:32:21,747 [GameBoard   ] DEBUG    State has been set as follows: 
A3G1G2/A1B1B3E5F3/E1C8
2025-03-25 05:32:21,747 [GameBoard   ] DEBUG    
   . . . . . . . . . . . . . . . . . .
8 :   ·   ·   ·   ·   ·   ·   ·   ·   ·
   . . . . . . . . . . . . . . . . . .
7 :   ·   · B ·   ·   ·   ·   ·   ·   ·
   . . . . . . . . . . . . . . . . . .
6 :   ·   ·   ·   ·   ·   ·   ·   ·   ·
   . . . . . . . . . . . . . . . . . .
5 :   ·   ·   ·   ·   |   ·   ·   ·   ·
   . . . . . . . . . .*. . . . . . . .
4 :   ·   ·   ·   ·   |   ·   ·   ·   ·
   . . . . . . . . . . . . . . . . . .
3 :   ·   |   ·   ·   ·   |   ·   ·   ·
   ---*---*. . . . . . . .*. . . . . .
2 :   ·   |   ·   ·   ·   |   ·   ·   ·
   . . . . . . . . . . . . ---*--- . .
1 :   |   |   ·   ·   ·   ·   ·   ·   ·
   . .*. .*. . . . . . . . ---*--- . .
0 :   |   |   ·   · W ·   ·   ·   ·   ·
   ··· ··· ··· ··· ··· ··· ··· ··· ···
    0   1   2   3   4   5   6   7   8 
2025-03-25 05:32:21,747 [GameBoard   ] DEBUG    State has been changed to: 
A3G1G2/A1B1B3E5F3/E1C8
2025-03-25 05:32:21,748 [GameBoard   ] DEBUG    
   . . . . . . . . . . . . . . . . . .
8 :   ·   ·   ·   ·   ·   ·   ·   ·   ·
   . . . . . . . . . . . . . . . . . .
7 :   ·   · B ·   ·   ·   ·   ·   ·   ·
   . . . . . . . . . . . . . . . . . .
6 :   ·   ·   ·   ·   ·   ·   ·   ·   ·
   . . . . . . . . . . . . . . . . . .
5 :   ·   ·   ·   ·   |   ·   ·   ·   ·
   . . . . . . . . . .*. . . . . . . .
4 :   ·   ·   ·   ·   |   ·   ·   ·   ·
   . . . . . . . . . . . . . . . . . .
3 :   ·   |   ·   ·   ·   |   ·   ·   ·
   ---*---*. . . . . . . .*. . . . . .
2 :   ·   |   ·   ·   ·   |   ·   ·   ·
   . . . . . . . . . . . . ---*--- . .
1 :   |   |   ·   ·   ·   ·   ·   ·   ·
   . .*. .*. . . . . . . . ---*--- . .
0 :   |   |   ·   · W ·   ·   ·   ·   ·
   ··· ··· ··· ··· ··· ··· ··· ··· ···
    0   1   2   3   4   5   6   7   8 
2025-03-25 05:32:21,748 [GameBoard   ] DEBUG    ------- SIMULATION ENDS -------
2025-03-25 05:32:21,748 [GameBoard   ] DEBUG    Querying applicable move directions...<Action>
2025-03-25 05:32:21,749 [agent       ] DEBUG    applicable moves : (6, 2)
2025-03-25 05:32:21,749 [agent       ] DEBUG    applicable moves : (7, 1)
2025-03-25 05:32:21,749 [agent       ] DEBUG    applicable moves : (7, 3)
2025-03-25 05:32:21,749 [agent       ] DEBUG    applicable moves : (8, 2)
2025-03-25 05:32:21,749 [GameBoard   ] DEBUG    ------- SIMULATION START: () -------
2025-03-25 05:32:21,749 [GameBoard   ] DEBUG    checkcheckcheck
2025-03-25 05:32:21,750 [GameBoard   ] DEBUG    State has been set as follows: 
A3G1G2/A1B1B3E5F3/E1D9
2025-03-25 05:32:21,751 [GameBoard   ] DEBUG    
   . . . . . . . . . . . . . . . . . .
8 :   ·   ·   · B ·   ·   ·   ·   ·   ·
   . . . . . . . . . . . . . . . . . .
7 :   ·   ·   ·   ·   ·   ·   ·   ·   ·
   . . . . . . . . . . . . . . . . . .
6 :   ·   ·   ·   ·   ·   ·   ·   ·   ·
   . . . . . . . . . . . . . . . . . .
5 :   ·   ·   ·   ·   |   ·   ·   ·   ·
   . . . . . . . . . .*. . . . . . . .
4 :   ·   ·   ·   ·   |   ·   ·   ·   ·
   . . . . . . . . . . . . . . . . . .
3 :   ·   |   ·   ·   ·   |   ·   ·   ·
   ---*---*. . . . . . . .*. . . . . .
2 :   ·   |   ·   ·   ·   |   ·   ·   ·
   . . . . . . . . . . . . ---*--- . .
1 :   |   |   ·   ·   ·   ·   ·   ·   ·
   . .*. .*. . . . . . . . ---*--- . .
0 :   |   |   ·   · W ·   ·   ·   ·   ·
   ··· ··· ··· ··· ··· ··· ··· ··· ···
    0   1   2   3   4   5   6   7   8 
2025-03-25 05:32:21,752 [GameBoard   ] DEBUG    State has been changed to: 
A3G1G2/A1B1B3E5F3/E1D9
2025-03-25 05:32:21,752 [GameBoard   ] DEBUG    
   . . . . . . . . . . . . . . . . . .
8 :   ·   ·   · B ·   ·   ·   ·   ·   ·
   . . . . . . . . . . . . . . . . . .
7 :   ·   ·   ·   ·   ·   ·   ·   ·   ·
   . . . . . . . . . . . . . . . . . .
6 :   ·   ·   ·   ·   ·   ·   ·   ·   ·
   . . . . . . . . . . . . . . . . . .
5 :   ·   ·   ·   ·   |   ·   ·   ·   ·
   . . . . . . . . . .*. . . . . . . .
4 :   ·   ·   ·   ·   |   ·   ·   ·   ·
   . . . . . . . . . . . . . . . . . .
3 :   ·   |   ·   ·   ·   |   ·   ·   ·
   ---*---*. . . . . . . .*. . . . . .
2 :   ·   |   ·   ·   ·   |   ·   ·   ·
   . . . . . . . . . . . . ---*--- . .
1 :   |   |   ·   ·   ·   ·   ·   ·   ·
   . .*. .*. . . . . . . . ---*--- . .
0 :   |   |   ·   · W ·   ·   ·   ·   ·
   ··· ··· ··· ··· ··· ··· ··· ··· ···
    0   1   2   3   4   5   6   7   8 
2025-03-25 05:32:21,752 [GameBoard   ] DEBUG    ------- SIMULATION ENDS -------
2025-03-25 05:32:21,753 [GameBoard   ] DEBUG    Querying applicable move directions...<Action>
2025-03-25 05:32:21,754 [agent       ] DEBUG    applicable moves : (7, 3)
2025-03-25 05:32:21,754 [agent       ] DEBUG    applicable moves : (8, 2)
2025-03-25 05:32:21,754 [agent       ] DEBUG    applicable moves : (8, 4)
2025-03-25 05:32:21,754 [GameBoard   ] DEBUG    ------- SIMULATION START: () -------
2025-03-25 05:32:21,754 [GameBoard   ] DEBUG    checkcheckcheck
2025-03-25 05:32:21,755 [GameBoard   ] DEBUG    State has been set as follows: 
A3G1G2/A1B1B3E5F3/E1A5
2025-03-25 05:32:21,755 [GameBoard   ] DEBUG    
   . . . . . . . . . . . . . . . . . .
8 :   ·   ·   ·   ·   ·   ·   ·   ·   ·
   . . . . . . . . . . . . . . . . . .
7 :   ·   ·   ·   ·   ·   ·   ·   ·   ·
   . . . . . . . . . . . . . . . . . .
6 :   ·   ·   ·   ·   ·   ·   ·   ·   ·
   . . . . . . . . . . . . . . . . . .
5 :   ·   ·   ·   ·   |   ·   ·   ·   ·
   . . . . . . . . . .*. . . . . . . .
4 : B ·   ·   ·   ·   |   ·   ·   ·   ·
   . . . . . . . . . . . . . . . . . .
3 :   ·   |   ·   ·   ·   |   ·   ·   ·
   ---*---*. . . . . . . .*. . . . . .
2 :   ·   |   ·   ·   ·   |   ·   ·   ·
   . . . . . . . . . . . . ---*--- . .
1 :   |   |   ·   ·   ·   ·   ·   ·   ·
   . .*. .*. . . . . . . . ---*--- . .
0 :   |   |   ·   · W ·   ·   ·   ·   ·
   ··· ··· ··· ··· ··· ··· ··· ··· ···
    0   1   2   3   4   5   6   7   8 
2025-03-25 05:32:21,755 [GameBoard   ] DEBUG    State has been changed to: 
A3G1G2/A1B1B3E5F3/E1A5
2025-03-25 05:32:21,755 [GameBoard   ] DEBUG    
   . . . . . . . . . . . . . . . . . .
8 :   ·   ·   ·   ·   ·   ·   ·   ·   ·
   . . . . . . . . . . . . . . . . . .
7 :   ·   ·   ·   ·   ·   ·   ·   ·   ·
   . . . . . . . . . . . . . . . . . .
6 :   ·   ·   ·   ·   ·   ·   ·   ·   ·
   . . . . . . . . . . . . . . . . . .
5 :   ·   ·   ·   ·   |   ·   ·   ·   ·
   . . . . . . . . . .*. . . . . . . .
4 : B ·   ·   ·   ·   |   ·   ·   ·   ·
   . . . . . . . . . . . . . . . . . .
3 :   ·   |   ·   ·   ·   |   ·   ·   ·
   ---*---*. . . . . . . .*. . . . . .
2 :   ·   |   ·   ·   ·   |   ·   ·   ·
   . . . . . . . . . . . . ---*--- . .
1 :   |   |   ·   ·   ·   ·   ·   ·   ·
   . .*. .*. . . . . . . . ---*--- . .
0 :   |   |   ·   · W ·   ·   ·   ·   ·
   ··· ··· ··· ··· ··· ··· ··· ··· ···
    0   1   2   3   4   5   6   7   8 
2025-03-25 05:32:21,755 [GameBoard   ] DEBUG    ------- SIMULATION ENDS -------
2025-03-25 05:32:21,756 [GameBoard   ] DEBUG    Querying applicable move directions...<Action>
2025-03-25 05:32:21,757 [agent       ] DEBUG    applicable moves : (3, 0)
2025-03-25 05:32:21,757 [agent       ] DEBUG    applicable moves : (4, 1)
2025-03-25 05:32:21,757 [agent       ] DEBUG    applicable moves : (5, 0)
2025-03-25 05:32:21,757 [GameBoard   ] DEBUG    ------- SIMULATION START: () -------
2025-03-25 05:32:21,757 [GameBoard   ] DEBUG    checkcheckcheck
2025-03-25 05:32:21,758 [GameBoard   ] DEBUG    State has been set as follows: 
A3G1G2/A1B1B3E5F3/E1B6
2025-03-25 05:32:21,758 [GameBoard   ] DEBUG    
   . . . . . . . . . . . . . . . . . .
8 :   ·   ·   ·   ·   ·   ·   ·   ·   ·
   . . . . . . . . . . . . . . . . . .
7 :   ·   ·   ·   ·   ·   ·   ·   ·   ·
   . . . . . . . . . . . . . . . . . .
6 :   ·   ·   ·   ·   ·   ·   ·   ·   ·
   . . . . . . . . . . . . . . . . . .
5 :   · B ·   ·   ·   |   ·   ·   ·   ·
   . . . . . . . . . .*. . . . . . . .
4 :   ·   ·   ·   ·   |   ·   ·   ·   ·
   . . . . . . . . . . . . . . . . . .
3 :   ·   |   ·   ·   ·   |   ·   ·   ·
   ---*---*. . . . . . . .*. . . . . .
2 :   ·   |   ·   ·   ·   |   ·   ·   ·
   . . . . . . . . . . . . ---*--- . .
1 :   |   |   ·   ·   ·   ·   ·   ·   ·
   . .*. .*. . . . . . . . ---*--- . .
0 :   |   |   ·   · W ·   ·   ·   ·   ·
   ··· ··· ··· ··· ··· ··· ··· ··· ···
    0   1   2   3   4   5   6   7   8 
2025-03-25 05:32:21,758 [GameBoard   ] DEBUG    State has been changed to: 
A3G1G2/A1B1B3E5F3/E1B6
2025-03-25 05:32:21,758 [GameBoard   ] DEBUG    
   . . . . . . . . . . . . . . . . . .
8 :   ·   ·   ·   ·   ·   ·   ·   ·   ·
   . . . . . . . . . . . . . . . . . .
7 :   ·   ·   ·   ·   ·   ·   ·   ·   ·
   . . . . . . . . . . . . . . . . . .
6 :   ·   ·   ·   ·   ·   ·   ·   ·   ·
   . . . . . . . . . . . . . . . . . .
5 :   · B ·   ·   ·   |   ·   ·   ·   ·
   . . . . . . . . . .*. . . . . . . .
4 :   ·   ·   ·   ·   |   ·   ·   ·   ·
   . . . . . . . . . . . . . . . . . .
3 :   ·   |   ·   ·   ·   |   ·   ·   ·
   ---*---*. . . . . . . .*. . . . . .
2 :   ·   |   ·   ·   ·   |   ·   ·   ·
   . . . . . . . . . . . . ---*--- . .
1 :   |   |   ·   ·   ·   ·   ·   ·   ·
   . .*. .*. . . . . . . . ---*--- . .
0 :   |   |   ·   · W ·   ·   ·   ·   ·
   ··· ··· ··· ··· ··· ··· ··· ··· ···
    0   1   2   3   4   5   6   7   8 
2025-03-25 05:32:21,758 [GameBoard   ] DEBUG    ------- SIMULATION ENDS -------
2025-03-25 05:32:21,759 [GameBoard   ] DEBUG    Querying applicable move directions...<Action>
2025-03-25 05:32:21,759 [agent       ] DEBUG    applicable moves : (4, 1)
2025-03-25 05:32:21,759 [agent       ] DEBUG    applicable moves : (5, 0)
2025-03-25 05:32:21,759 [agent       ] DEBUG    applicable moves : (5, 2)
2025-03-25 05:32:21,760 [agent       ] DEBUG    applicable moves : (6, 1)
2025-03-25 05:32:21,760 [GameBoard   ] DEBUG    ------- SIMULATION START: () -------
2025-03-25 05:32:21,760 [GameBoard   ] DEBUG    checkcheckcheck
2025-03-25 05:32:21,760 [GameBoard   ] DEBUG    State has been set as follows: 
A3G1G2/A1B1B3E5F3/E1C7
2025-03-25 05:32:21,761 [GameBoard   ] DEBUG    
   . . . . . . . . . . . . . . . . . .
8 :   ·   ·   ·   ·   ·   ·   ·   ·   ·
   . . . . . . . . . . . . . . . . . .
7 :   ·   ·   ·   ·   ·   ·   ·   ·   ·
   . . . . . . . . . . . . . . . . . .
6 :   ·   · B ·   ·   ·   ·   ·   ·   ·
   . . . . . . . . . . . . . . . . . .
5 :   ·   ·   ·   ·   |   ·   ·   ·   ·
   . . . . . . . . . .*. . . . . . . .
4 :   ·   ·   ·   ·   |   ·   ·   ·   ·
   . . . . . . . . . . . . . . . . . .
3 :   ·   |   ·   ·   ·   |   ·   ·   ·
   ---*---*. . . . . . . .*. . . . . .
2 :   ·   |   ·   ·   ·   |   ·   ·   ·
   . . . . . . . . . . . . ---*--- . .
1 :   |   |   ·   ·   ·   ·   ·   ·   ·
   . .*. .*. . . . . . . . ---*--- . .
0 :   |   |   ·   · W ·   ·   ·   ·   ·
   ··· ··· ··· ··· ··· ··· ··· ··· ···
    0   1   2   3   4   5   6   7   8 
2025-03-25 05:32:21,761 [GameBoard   ] DEBUG    State has been changed to: 
A3G1G2/A1B1B3E5F3/E1C7
2025-03-25 05:32:21,761 [GameBoard   ] DEBUG    
   . . . . . . . . . . . . . . . . . .
8 :   ·   ·   ·   ·   ·   ·   ·   ·   ·
   . . . . . . . . . . . . . . . . . .
7 :   ·   ·   ·   ·   ·   ·   ·   ·   ·
   . . . . . . . . . . . . . . . . . .
6 :   ·   · B ·   ·   ·   ·   ·   ·   ·
   . . . . . . . . . . . . . . . . . .
5 :   ·   ·   ·   ·   |   ·   ·   ·   ·
   . . . . . . . . . .*. . . . . . . .
4 :   ·   ·   ·   ·   |   ·   ·   ·   ·
   . . . . . . . . . . . . . . . . . .
3 :   ·   |   ·   ·   ·   |   ·   ·   ·
   ---*---*. . . . . . . .*. . . . . .
2 :   ·   |   ·   ·   ·   |   ·   ·   ·
   . . . . . . . . . . . . ---*--- . .
1 :   |   |   ·   ·   ·   ·   ·   ·   ·
   . .*. .*. . . . . . . . ---*--- . .
0 :   |   |   ·   · W ·   ·   ·   ·   ·
   ··· ··· ··· ··· ··· ··· ··· ··· ···
    0   1   2   3   4   5   6   7   8 
2025-03-25 05:32:21,761 [GameBoard   ] DEBUG    ------- SIMULATION ENDS -------
2025-03-25 05:32:21,762 [GameBoard   ] DEBUG    Querying applicable move directions...<Action>
2025-03-25 05:32:21,762 [agent       ] DEBUG    applicable moves : (5, 2)
2025-03-25 05:32:21,762 [agent       ] DEBUG    applicable moves : (6, 1)
2025-03-25 05:32:21,762 [agent       ] DEBUG    applicable moves : (6, 3)
2025-03-25 05:32:21,762 [agent       ] DEBUG    applicable moves : (7, 2)
2025-03-25 05:32:21,762 [GameBoard   ] DEBUG    ------- SIMULATION START: () -------
2025-03-25 05:32:21,762 [GameBoard   ] DEBUG    checkcheckcheck
2025-03-25 05:32:21,763 [GameBoard   ] DEBUG    State has been set as follows: 
A3G1G2/A1B1B3E5F3/E1D8
2025-03-25 05:32:21,763 [GameBoard   ] DEBUG    
   . . . . . . . . . . . . . . . . . .
8 :   ·   ·   ·   ·   ·   ·   ·   ·   ·
   . . . . . . . . . . . . . . . . . .
7 :   ·   ·   · B ·   ·   ·   ·   ·   ·
   . . . . . . . . . . . . . . . . . .
6 :   ·   ·   ·   ·   ·   ·   ·   ·   ·
   . . . . . . . . . . . . . . . . . .
5 :   ·   ·   ·   ·   |   ·   ·   ·   ·
   . . . . . . . . . .*. . . . . . . .
4 :   ·   ·   ·   ·   |   ·   ·   ·   ·
   . . . . . . . . . . . . . . . . . .
3 :   ·   |   ·   ·   ·   |   ·   ·   ·
   ---*---*. . . . . . . .*. . . . . .
2 :   ·   |   ·   ·   ·   |   ·   ·   ·
   . . . . . . . . . . . . ---*--- . .
1 :   |   |   ·   ·   ·   ·   ·   ·   ·
   . .*. .*. . . . . . . . ---*--- . .
0 :   |   |   ·   · W ·   ·   ·   ·   ·
   ··· ··· ··· ··· ··· ··· ··· ··· ···
    0   1   2   3   4   5   6   7   8 
2025-03-25 05:32:21,764 [GameBoard   ] DEBUG    State has been changed to: 
A3G1G2/A1B1B3E5F3/E1D8
2025-03-25 05:32:21,764 [GameBoard   ] DEBUG    
   . . . . . . . . . . . . . . . . . .
8 :   ·   ·   ·   ·   ·   ·   ·   ·   ·
   . . . . . . . . . . . . . . . . . .
7 :   ·   ·   · B ·   ·   ·   ·   ·   ·
   . . . . . . . . . . . . . . . . . .
6 :   ·   ·   ·   ·   ·   ·   ·   ·   ·
   . . . . . . . . . . . . . . . . . .
5 :   ·   ·   ·   ·   |   ·   ·   ·   ·
   . . . . . . . . . .*. . . . . . . .
4 :   ·   ·   ·   ·   |   ·   ·   ·   ·
   . . . . . . . . . . . . . . . . . .
3 :   ·   |   ·   ·   ·   |   ·   ·   ·
   ---*---*. . . . . . . .*. . . . . .
2 :   ·   |   ·   ·   ·   |   ·   ·   ·
   . . . . . . . . . . . . ---*--- . .
1 :   |   |   ·   ·   ·   ·   ·   ·   ·
   . .*. .*. . . . . . . . ---*--- . .
0 :   |   |   ·   · W ·   ·   ·   ·   ·
   ··· ··· ··· ··· ··· ··· ··· ··· ···
    0   1   2   3   4   5   6   7   8 
2025-03-25 05:32:21,764 [GameBoard   ] DEBUG    ------- SIMULATION ENDS -------
2025-03-25 05:32:21,765 [GameBoard   ] DEBUG    Querying applicable move directions...<Action>
2025-03-25 05:32:21,766 [agent       ] DEBUG    applicable moves : (6, 3)
2025-03-25 05:32:21,766 [agent       ] DEBUG    applicable moves : (7, 2)
2025-03-25 05:32:21,766 [agent       ] DEBUG    applicable moves : (7, 4)
2025-03-25 05:32:21,766 [agent       ] DEBUG    applicable moves : (8, 3)
2025-03-25 05:32:21,766 [GameBoard   ] DEBUG    ------- SIMULATION START: () -------
2025-03-25 05:32:21,766 [GameBoard   ] DEBUG    checkcheckcheck
2025-03-25 05:32:21,767 [GameBoard   ] DEBUG    State has been set as follows: 
A3G1G2/A1B1B3E5F3/E1E9
2025-03-25 05:32:21,767 [GameBoard   ] DEBUG    
   . . . . . . . . . . . . . . . . . .
8 :   ·   ·   ·   · B ·   ·   ·   ·   ·
   . . . . . . . . . . . . . . . . . .
7 :   ·   ·   ·   ·   ·   ·   ·   ·   ·
   . . . . . . . . . . . . . . . . . .
6 :   ·   ·   ·   ·   ·   ·   ·   ·   ·
   . . . . . . . . . . . . . . . . . .
5 :   ·   ·   ·   ·   |   ·   ·   ·   ·
   . . . . . . . . . .*. . . . . . . .
4 :   ·   ·   ·   ·   |   ·   ·   ·   ·
   . . . . . . . . . . . . . . . . . .
3 :   ·   |   ·   ·   ·   |   ·   ·   ·
   ---*---*. . . . . . . .*. . . . . .
2 :   ·   |   ·   ·   ·   |   ·   ·   ·
   . . . . . . . . . . . . ---*--- . .
1 :   |   |   ·   ·   ·   ·   ·   ·   ·
   . .*. .*. . . . . . . . ---*--- . .
0 :   |   |   ·   · W ·   ·   ·   ·   ·
   ··· ··· ··· ··· ··· ··· ··· ··· ···
    0   1   2   3   4   5   6   7   8 
2025-03-25 05:32:21,767 [GameBoard   ] DEBUG    State has been changed to: 
A3G1G2/A1B1B3E5F3/E1E9
2025-03-25 05:32:21,767 [GameBoard   ] DEBUG    
   . . . . . . . . . . . . . . . . . .
8 :   ·   ·   ·   · B ·   ·   ·   ·   ·
   . . . . . . . . . . . . . . . . . .
7 :   ·   ·   ·   ·   ·   ·   ·   ·   ·
   . . . . . . . . . . . . . . . . . .
6 :   ·   ·   ·   ·   ·   ·   ·   ·   ·
   . . . . . . . . . . . . . . . . . .
5 :   ·   ·   ·   ·   |   ·   ·   ·   ·
   . . . . . . . . . .*. . . . . . . .
4 :   ·   ·   ·   ·   |   ·   ·   ·   ·
   . . . . . . . . . . . . . . . . . .
3 :   ·   |   ·   ·   ·   |   ·   ·   ·
   ---*---*. . . . . . . .*. . . . . .
2 :   ·   |   ·   ·   ·   |   ·   ·   ·
   . . . . . . . . . . . . ---*--- . .
1 :   |   |   ·   ·   ·   ·   ·   ·   ·
   . .*. .*. . . . . . . . ---*--- . .
0 :   |   |   ·   · W ·   ·   ·   ·   ·
   ··· ··· ··· ··· ··· ··· ··· ··· ···
    0   1   2   3   4   5   6   7   8 
2025-03-25 05:32:21,767 [GameBoard   ] DEBUG    ------- SIMULATION ENDS -------
2025-03-25 05:32:21,768 [GameBoard   ] DEBUG    Querying applicable move directions...<Action>
2025-03-25 05:32:21,769 [agent       ] DEBUG    applicable moves : (7, 4)
2025-03-25 05:32:21,769 [agent       ] DEBUG    applicable moves : (8, 3)
2025-03-25 05:32:21,769 [agent       ] DEBUG    applicable moves : (8, 5)
2025-03-25 05:32:21,769 [GameBoard   ] DEBUG    ------- SIMULATION START: () -------
2025-03-25 05:32:21,769 [GameBoard   ] DEBUG    checkcheckcheck
2025-03-25 05:32:21,770 [GameBoard   ] DEBUG    State has been set as follows: 
A3G1G2/A1B1B3E5F3/E1A4
2025-03-25 05:32:21,770 [GameBoard   ] DEBUG    
   . . . . . . . . . . . . . . . . . .
8 :   ·   ·   ·   ·   ·   ·   ·   ·   ·
   . . . . . . . . . . . . . . . . . .
7 :   ·   ·   ·   ·   ·   ·   ·   ·   ·
   . . . . . . . . . . . . . . . . . .
6 :   ·   ·   ·   ·   ·   ·   ·   ·   ·
   . . . . . . . . . . . . . . . . . .
5 :   ·   ·   ·   ·   |   ·   ·   ·   ·
   . . . . . . . . . .*. . . . . . . .
4 :   ·   ·   ·   ·   |   ·   ·   ·   ·
   . . . . . . . . . . . . . . . . . .
3 : B ·   |   ·   ·   ·   |   ·   ·   ·
   ---*---*. . . . . . . .*. . . . . .
2 :   ·   |   ·   ·   ·   |   ·   ·   ·
   . . . . . . . . . . . . ---*--- . .
1 :   |   |   ·   ·   ·   ·   ·   ·   ·
   . .*. .*. . . . . . . . ---*--- . .
0 :   |   |   ·   · W ·   ·   ·   ·   ·
   ··· ··· ··· ··· ··· ··· ··· ··· ···
    0   1   2   3   4   5   6   7   8 
2025-03-25 05:32:21,770 [GameBoard   ] DEBUG    State has been changed to: 
A3G1G2/A1B1B3E5F3/E1A4
2025-03-25 05:32:21,770 [GameBoard   ] DEBUG    
   . . . . . . . . . . . . . . . . . .
8 :   ·   ·   ·   ·   ·   ·   ·   ·   ·
   . . . . . . . . . . . . . . . . . .
7 :   ·   ·   ·   ·   ·   ·   ·   ·   ·
   . . . . . . . . . . . . . . . . . .
6 :   ·   ·   ·   ·   ·   ·   ·   ·   ·
   . . . . . . . . . . . . . . . . . .
5 :   ·   ·   ·   ·   |   ·   ·   ·   ·
   . . . . . . . . . .*. . . . . . . .
4 :   ·   ·   ·   ·   |   ·   ·   ·   ·
   . . . . . . . . . . . . . . . . . .
3 : B ·   |   ·   ·   ·   |   ·   ·   ·
   ---*---*. . . . . . . .*. . . . . .
2 :   ·   |   ·   ·   ·   |   ·   ·   ·
   . . . . . . . . . . . . ---*--- . .
1 :   |   |   ·   ·   ·   ·   ·   ·   ·
   . .*. .*. . . . . . . . ---*--- . .
0 :   |   |   ·   · W ·   ·   ·   ·   ·
   ··· ··· ··· ··· ··· ··· ··· ··· ···
    0   1   2   3   4   5   6   7   8 
2025-03-25 05:32:21,770 [GameBoard   ] DEBUG    ------- SIMULATION ENDS -------
2025-03-25 05:32:21,771 [GameBoard   ] DEBUG    Querying applicable move directions...<Action>
2025-03-25 05:32:21,771 [agent       ] DEBUG    applicable moves : (2, 0)
2025-03-25 05:32:21,771 [agent       ] DEBUG    applicable moves : (3, 1)
2025-03-25 05:32:21,771 [agent       ] DEBUG    applicable moves : (4, 0)
2025-03-25 05:32:21,772 [GameBoard   ] DEBUG    ------- SIMULATION START: () -------
2025-03-25 05:32:21,772 [GameBoard   ] DEBUG    checkcheckcheck
2025-03-25 05:32:21,772 [GameBoard   ] DEBUG    State has been set as follows: 
A3G1G2/A1B1B3E5F3/E1B5
2025-03-25 05:32:21,773 [GameBoard   ] DEBUG    
   . . . . . . . . . . . . . . . . . .
8 :   ·   ·   ·   ·   ·   ·   ·   ·   ·
   . . . . . . . . . . . . . . . . . .
7 :   ·   ·   ·   ·   ·   ·   ·   ·   ·
   . . . . . . . . . . . . . . . . . .
6 :   ·   ·   ·   ·   ·   ·   ·   ·   ·
   . . . . . . . . . . . . . . . . . .
5 :   ·   ·   ·   ·   |   ·   ·   ·   ·
   . . . . . . . . . .*. . . . . . . .
4 :   · B ·   ·   ·   |   ·   ·   ·   ·
   . . . . . . . . . . . . . . . . . .
3 :   ·   |   ·   ·   ·   |   ·   ·   ·
   ---*---*. . . . . . . .*. . . . . .
2 :   ·   |   ·   ·   ·   |   ·   ·   ·
   . . . . . . . . . . . . ---*--- . .
1 :   |   |   ·   ·   ·   ·   ·   ·   ·
   . .*. .*. . . . . . . . ---*--- . .
0 :   |   |   ·   · W ·   ·   ·   ·   ·
   ··· ··· ··· ··· ··· ··· ··· ··· ···
    0   1   2   3   4   5   6   7   8 
2025-03-25 05:32:21,773 [GameBoard   ] DEBUG    State has been changed to: 
A3G1G2/A1B1B3E5F3/E1B5
2025-03-25 05:32:21,773 [GameBoard   ] DEBUG    
   . . . . . . . . . . . . . . . . . .
8 :   ·   ·   ·   ·   ·   ·   ·   ·   ·
   . . . . . . . . . . . . . . . . . .
7 :   ·   ·   ·   ·   ·   ·   ·   ·   ·
   . . . . . . . . . . . . . . . . . .
6 :   ·   ·   ·   ·   ·   ·   ·   ·   ·
   . . . . . . . . . . . . . . . . . .
5 :   ·   ·   ·   ·   |   ·   ·   ·   ·
   . . . . . . . . . .*. . . . . . . .
4 :   · B ·   ·   ·   |   ·   ·   ·   ·
   . . . . . . . . . . . . . . . . . .
3 :   ·   |   ·   ·   ·   |   ·   ·   ·
   ---*---*. . . . . . . .*. . . . . .
2 :   ·   |   ·   ·   ·   |   ·   ·   ·
   . . . . . . . . . . . . ---*--- . .
1 :   |   |   ·   ·   ·   ·   ·   ·   ·
   . .*. .*. . . . . . . . ---*--- . .
0 :   |   |   ·   · W ·   ·   ·   ·   ·
   ··· ··· ··· ··· ··· ··· ··· ··· ···
    0   1   2   3   4   5   6   7   8 
2025-03-25 05:32:21,773 [GameBoard   ] DEBUG    ------- SIMULATION ENDS -------
2025-03-25 05:32:21,774 [GameBoard   ] DEBUG    Querying applicable move directions...<Action>
2025-03-25 05:32:21,774 [agent       ] DEBUG    applicable moves : (3, 1)
2025-03-25 05:32:21,774 [agent       ] DEBUG    applicable moves : (4, 0)
2025-03-25 05:32:21,774 [agent       ] DEBUG    applicable moves : (4, 2)
2025-03-25 05:32:21,774 [agent       ] DEBUG    applicable moves : (5, 1)
2025-03-25 05:32:21,774 [GameBoard   ] DEBUG    ------- SIMULATION START: () -------
2025-03-25 05:32:21,774 [GameBoard   ] DEBUG    checkcheckcheck
2025-03-25 05:32:21,775 [GameBoard   ] DEBUG    State has been set as follows: 
A3G1G2/A1B1B3E5F3/E1C6
2025-03-25 05:32:21,775 [GameBoard   ] DEBUG    
   . . . . . . . . . . . . . . . . . .
8 :   ·   ·   ·   ·   ·   ·   ·   ·   ·
   . . . . . . . . . . . . . . . . . .
7 :   ·   ·   ·   ·   ·   ·   ·   ·   ·
   . . . . . . . . . . . . . . . . . .
6 :   ·   ·   ·   ·   ·   ·   ·   ·   ·
   . . . . . . . . . . . . . . . . . .
5 :   ·   · B ·   ·   |   ·   ·   ·   ·
   . . . . . . . . . .*. . . . . . . .
4 :   ·   ·   ·   ·   |   ·   ·   ·   ·
   . . . . . . . . . . . . . . . . . .
3 :   ·   |   ·   ·   ·   |   ·   ·   ·
   ---*---*. . . . . . . .*. . . . . .
2 :   ·   |   ·   ·   ·   |   ·   ·   ·
   . . . . . . . . . . . . ---*--- . .
1 :   |   |   ·   ·   ·   ·   ·   ·   ·
   . .*. .*. . . . . . . . ---*--- . .
0 :   |   |   ·   · W ·   ·   ·   ·   ·
   ··· ··· ··· ··· ··· ··· ··· ··· ···
    0   1   2   3   4   5   6   7   8 
2025-03-25 05:32:21,775 [GameBoard   ] DEBUG    State has been changed to: 
A3G1G2/A1B1B3E5F3/E1C6
2025-03-25 05:32:21,776 [GameBoard   ] DEBUG    
   . . . . . . . . . . . . . . . . . .
8 :   ·   ·   ·   ·   ·   ·   ·   ·   ·
   . . . . . . . . . . . . . . . . . .
7 :   ·   ·   ·   ·   ·   ·   ·   ·   ·
   . . . . . . . . . . . . . . . . . .
6 :   ·   ·   ·   ·   ·   ·   ·   ·   ·
   . . . . . . . . . . . . . . . . . .
5 :   ·   · B ·   ·   |   ·   ·   ·   ·
   . . . . . . . . . .*. . . . . . . .
4 :   ·   ·   ·   ·   |   ·   ·   ·   ·
   . . . . . . . . . . . . . . . . . .
3 :   ·   |   ·   ·   ·   |   ·   ·   ·
   ---*---*. . . . . . . .*. . . . . .
2 :   ·   |   ·   ·   ·   |   ·   ·   ·
   . . . . . . . . . . . . ---*--- . .
1 :   |   |   ·   ·   ·   ·   ·   ·   ·
   . .*. .*. . . . . . . . ---*--- . .
0 :   |   |   ·   · W ·   ·   ·   ·   ·
   ··· ··· ··· ··· ··· ··· ··· ··· ···
    0   1   2   3   4   5   6   7   8 
2025-03-25 05:32:21,776 [GameBoard   ] DEBUG    ------- SIMULATION ENDS -------
2025-03-25 05:32:21,776 [GameBoard   ] DEBUG    Querying applicable move directions...<Action>
2025-03-25 05:32:21,777 [agent       ] DEBUG    applicable moves : (4, 2)
2025-03-25 05:32:21,777 [agent       ] DEBUG    applicable moves : (5, 1)
2025-03-25 05:32:21,777 [agent       ] DEBUG    applicable moves : (5, 3)
2025-03-25 05:32:21,777 [agent       ] DEBUG    applicable moves : (6, 2)
2025-03-25 05:32:21,777 [GameBoard   ] DEBUG    ------- SIMULATION START: () -------
2025-03-25 05:32:21,777 [GameBoard   ] DEBUG    checkcheckcheck
2025-03-25 05:32:21,778 [GameBoard   ] DEBUG    State has been set as follows: 
A3G1G2/A1B1B3E5F3/E1D7
2025-03-25 05:32:21,778 [GameBoard   ] DEBUG    
   . . . . . . . . . . . . . . . . . .
8 :   ·   ·   ·   ·   ·   ·   ·   ·   ·
   . . . . . . . . . . . . . . . . . .
7 :   ·   ·   ·   ·   ·   ·   ·   ·   ·
   . . . . . . . . . . . . . . . . . .
6 :   ·   ·   · B ·   ·   ·   ·   ·   ·
   . . . . . . . . . . . . . . . . . .
5 :   ·   ·   ·   ·   |   ·   ·   ·   ·
   . . . . . . . . . .*. . . . . . . .
4 :   ·   ·   ·   ·   |   ·   ·   ·   ·
   . . . . . . . . . . . . . . . . . .
3 :   ·   |   ·   ·   ·   |   ·   ·   ·
   ---*---*. . . . . . . .*. . . . . .
2 :   ·   |   ·   ·   ·   |   ·   ·   ·
   . . . . . . . . . . . . ---*--- . .
1 :   |   |   ·   ·   ·   ·   ·   ·   ·
   . .*. .*. . . . . . . . ---*--- . .
0 :   |   |   ·   · W ·   ·   ·   ·   ·
   ··· ··· ··· ··· ··· ··· ··· ··· ···
    0   1   2   3   4   5   6   7   8 
2025-03-25 05:32:21,778 [GameBoard   ] DEBUG    State has been changed to: 
A3G1G2/A1B1B3E5F3/E1D7
2025-03-25 05:32:21,779 [GameBoard   ] DEBUG    
   . . . . . . . . . . . . . . . . . .
8 :   ·   ·   ·   ·   ·   ·   ·   ·   ·
   . . . . . . . . . . . . . . . . . .
7 :   ·   ·   ·   ·   ·   ·   ·   ·   ·
   . . . . . . . . . . . . . . . . . .
6 :   ·   ·   · B ·   ·   ·   ·   ·   ·
   . . . . . . . . . . . . . . . . . .
5 :   ·   ·   ·   ·   |   ·   ·   ·   ·
   . . . . . . . . . .*. . . . . . . .
4 :   ·   ·   ·   ·   |   ·   ·   ·   ·
   . . . . . . . . . . . . . . . . . .
3 :   ·   |   ·   ·   ·   |   ·   ·   ·
   ---*---*. . . . . . . .*. . . . . .
2 :   ·   |   ·   ·   ·   |   ·   ·   ·
   . . . . . . . . . . . . ---*--- . .
1 :   |   |   ·   ·   ·   ·   ·   ·   ·
   . .*. .*. . . . . . . . ---*--- . .
0 :   |   |   ·   · W ·   ·   ·   ·   ·
   ··· ··· ··· ··· ··· ··· ··· ··· ···
    0   1   2   3   4   5   6   7   8 
2025-03-25 05:32:21,780 [GameBoard   ] DEBUG    ------- SIMULATION ENDS -------
2025-03-25 05:32:21,781 [GameBoard   ] DEBUG    Querying applicable move directions...<Action>
2025-03-25 05:32:21,782 [agent       ] DEBUG    applicable moves : (5, 3)
2025-03-25 05:32:21,783 [agent       ] DEBUG    applicable moves : (6, 2)
2025-03-25 05:32:21,783 [agent       ] DEBUG    applicable moves : (6, 4)
2025-03-25 05:32:21,783 [agent       ] DEBUG    applicable moves : (7, 3)
2025-03-25 05:32:21,783 [GameBoard   ] DEBUG    ------- SIMULATION START: () -------
2025-03-25 05:32:21,783 [GameBoard   ] DEBUG    checkcheckcheck
2025-03-25 05:32:21,785 [GameBoard   ] DEBUG    State has been set as follows: 
A3G1G2/A1B1B3E5F3/E1E8
2025-03-25 05:32:21,785 [GameBoard   ] DEBUG    
   . . . . . . . . . . . . . . . . . .
8 :   ·   ·   ·   ·   ·   ·   ·   ·   ·
   . . . . . . . . . . . . . . . . . .
7 :   ·   ·   ·   · B ·   ·   ·   ·   ·
   . . . . . . . . . . . . . . . . . .
6 :   ·   ·   ·   ·   ·   ·   ·   ·   ·
   . . . . . . . . . . . . . . . . . .
5 :   ·   ·   ·   ·   |   ·   ·   ·   ·
   . . . . . . . . . .*. . . . . . . .
4 :   ·   ·   ·   ·   |   ·   ·   ·   ·
   . . . . . . . . . . . . . . . . . .
3 :   ·   |   ·   ·   ·   |   ·   ·   ·
   ---*---*. . . . . . . .*. . . . . .
2 :   ·   |   ·   ·   ·   |   ·   ·   ·
   . . . . . . . . . . . . ---*--- . .
1 :   |   |   ·   ·   ·   ·   ·   ·   ·
   . .*. .*. . . . . . . . ---*--- . .
0 :   |   |   ·   · W ·   ·   ·   ·   ·
   ··· ··· ··· ··· ··· ··· ··· ··· ···
    0   1   2   3   4   5   6   7   8 
2025-03-25 05:32:21,786 [GameBoard   ] DEBUG    State has been changed to: 
A3G1G2/A1B1B3E5F3/E1E8
2025-03-25 05:32:21,786 [GameBoard   ] DEBUG    
   . . . . . . . . . . . . . . . . . .
8 :   ·   ·   ·   ·   ·   ·   ·   ·   ·
   . . . . . . . . . . . . . . . . . .
7 :   ·   ·   ·   · B ·   ·   ·   ·   ·
   . . . . . . . . . . . . . . . . . .
6 :   ·   ·   ·   ·   ·   ·   ·   ·   ·
   . . . . . . . . . . . . . . . . . .
5 :   ·   ·   ·   ·   |   ·   ·   ·   ·
   . . . . . . . . . .*. . . . . . . .
4 :   ·   ·   ·   ·   |   ·   ·   ·   ·
   . . . . . . . . . . . . . . . . . .
3 :   ·   |   ·   ·   ·   |   ·   ·   ·
   ---*---*. . . . . . . .*. . . . . .
2 :   ·   |   ·   ·   ·   |   ·   ·   ·
   . . . . . . . . . . . . ---*--- . .
1 :   |   |   ·   ·   ·   ·   ·   ·   ·
   . .*. .*. . . . . . . . ---*--- . .
0 :   |   |   ·   · W ·   ·   ·   ·   ·
   ··· ··· ··· ··· ··· ··· ··· ··· ···
    0   1   2   3   4   5   6   7   8 
2025-03-25 05:32:21,786 [GameBoard   ] DEBUG    ------- SIMULATION ENDS -------
2025-03-25 05:32:21,787 [GameBoard   ] DEBUG    Querying applicable move directions...<Action>
2025-03-25 05:32:21,789 [agent       ] DEBUG    applicable moves : (6, 4)
2025-03-25 05:32:21,789 [agent       ] DEBUG    applicable moves : (7, 3)
2025-03-25 05:32:21,789 [agent       ] DEBUG    applicable moves : (7, 5)
2025-03-25 05:32:21,789 [agent       ] DEBUG    applicable moves : (8, 4)
2025-03-25 05:32:21,789 [GameBoard   ] DEBUG    ------- SIMULATION START: () -------
2025-03-25 05:32:21,789 [GameBoard   ] DEBUG    checkcheckcheck
2025-03-25 05:32:21,791 [GameBoard   ] DEBUG    State has been set as follows: 
A3G1G2/A1B1B3E5F3/E1F9
2025-03-25 05:32:21,791 [GameBoard   ] DEBUG    
   . . . . . . . . . . . . . . . . . .
8 :   ·   ·   ·   ·   · B ·   ·   ·   ·
   . . . . . . . . . . . . . . . . . .
7 :   ·   ·   ·   ·   ·   ·   ·   ·   ·
   . . . . . . . . . . . . . . . . . .
6 :   ·   ·   ·   ·   ·   ·   ·   ·   ·
   . . . . . . . . . . . . . . . . . .
5 :   ·   ·   ·   ·   |   ·   ·   ·   ·
   . . . . . . . . . .*. . . . . . . .
4 :   ·   ·   ·   ·   |   ·   ·   ·   ·
   . . . . . . . . . . . . . . . . . .
3 :   ·   |   ·   ·   ·   |   ·   ·   ·
   ---*---*. . . . . . . .*. . . . . .
2 :   ·   |   ·   ·   ·   |   ·   ·   ·
   . . . . . . . . . . . . ---*--- . .
1 :   |   |   ·   ·   ·   ·   ·   ·   ·
   . .*. .*. . . . . . . . ---*--- . .
0 :   |   |   ·   · W ·   ·   ·   ·   ·
   ··· ··· ··· ··· ··· ··· ··· ··· ···
    0   1   2   3   4   5   6   7   8 
2025-03-25 05:32:21,791 [GameBoard   ] DEBUG    State has been changed to: 
A3G1G2/A1B1B3E5F3/E1F9
2025-03-25 05:32:21,791 [GameBoard   ] DEBUG    
   . . . . . . . . . . . . . . . . . .
8 :   ·   ·   ·   ·   · B ·   ·   ·   ·
   . . . . . . . . . . . . . . . . . .
7 :   ·   ·   ·   ·   ·   ·   ·   ·   ·
   . . . . . . . . . . . . . . . . . .
6 :   ·   ·   ·   ·   ·   ·   ·   ·   ·
   . . . . . . . . . . . . . . . . . .
5 :   ·   ·   ·   ·   |   ·   ·   ·   ·
   . . . . . . . . . .*. . . . . . . .
4 :   ·   ·   ·   ·   |   ·   ·   ·   ·
   . . . . . . . . . . . . . . . . . .
3 :   ·   |   ·   ·   ·   |   ·   ·   ·
   ---*---*. . . . . . . .*. . . . . .
2 :   ·   |   ·   ·   ·   |   ·   ·   ·
   . . . . . . . . . . . . ---*--- . .
1 :   |   |   ·   ·   ·   ·   ·   ·   ·
   . .*. .*. . . . . . . . ---*--- . .
0 :   |   |   ·   · W ·   ·   ·   ·   ·
   ··· ··· ··· ··· ··· ··· ··· ··· ···
    0   1   2   3   4   5   6   7   8 
2025-03-25 05:32:21,791 [GameBoard   ] DEBUG    ------- SIMULATION ENDS -------
2025-03-25 05:32:21,792 [GameBoard   ] DEBUG    Querying applicable move directions...<Action>
2025-03-25 05:32:21,794 [agent       ] DEBUG    applicable moves : (7, 5)
2025-03-25 05:32:21,797 [agent       ] DEBUG    applicable moves : (8, 4)
2025-03-25 05:32:21,797 [agent       ] DEBUG    applicable moves : (8, 6)
2025-03-25 05:32:21,797 [GameBoard   ] DEBUG    ------- SIMULATION START: () -------
2025-03-25 05:32:21,797 [GameBoard   ] DEBUG    checkcheckcheck
2025-03-25 05:32:21,799 [GameBoard   ] DEBUG    State has been set as follows: 
A3G1G2/A1B1B3E5F3/E1A3
2025-03-25 05:32:21,800 [GameBoard   ] DEBUG    
   . . . . . . . . . . . . . . . . . .
8 :   ·   ·   ·   ·   ·   ·   ·   ·   ·
   . . . . . . . . . . . . . . . . . .
7 :   ·   ·   ·   ·   ·   ·   ·   ·   ·
   . . . . . . . . . . . . . . . . . .
6 :   ·   ·   ·   ·   ·   ·   ·   ·   ·
   . . . . . . . . . . . . . . . . . .
5 :   ·   ·   ·   ·   |   ·   ·   ·   ·
   . . . . . . . . . .*. . . . . . . .
4 :   ·   ·   ·   ·   |   ·   ·   ·   ·
   . . . . . . . . . . . . . . . . . .
3 :   ·   |   ·   ·   ·   |   ·   ·   ·
   ---*---*. . . . . . . .*. . . . . .
2 : B ·   |   ·   ·   ·   |   ·   ·   ·
   . . . . . . . . . . . . ---*--- . .
1 :   |   |   ·   ·   ·   ·   ·   ·   ·
   . .*. .*. . . . . . . . ---*--- . .
0 :   |   |   ·   · W ·   ·   ·   ·   ·
   ··· ··· ··· ··· ··· ··· ··· ··· ···
    0   1   2   3   4   5   6   7   8 
2025-03-25 05:32:21,800 [GameBoard   ] DEBUG    State has been changed to: 
A3G1G2/A1B1B3E5F3/E1A3
2025-03-25 05:32:21,800 [GameBoard   ] DEBUG    
   . . . . . . . . . . . . . . . . . .
8 :   ·   ·   ·   ·   ·   ·   ·   ·   ·
   . . . . . . . . . . . . . . . . . .
7 :   ·   ·   ·   ·   ·   ·   ·   ·   ·
   . . . . . . . . . . . . . . . . . .
6 :   ·   ·   ·   ·   ·   ·   ·   ·   ·
   . . . . . . . . . . . . . . . . . .
5 :   ·   ·   ·   ·   |   ·   ·   ·   ·
   . . . . . . . . . .*. . . . . . . .
4 :   ·   ·   ·   ·   |   ·   ·   ·   ·
   . . . . . . . . . . . . . . . . . .
3 :   ·   |   ·   ·   ·   |   ·   ·   ·
   ---*---*. . . . . . . .*. . . . . .
2 : B ·   |   ·   ·   ·   |   ·   ·   ·
   . . . . . . . . . . . . ---*--- . .
1 :   |   |   ·   ·   ·   ·   ·   ·   ·
   . .*. .*. . . . . . . . ---*--- . .
0 :   |   |   ·   · W ·   ·   ·   ·   ·
   ··· ··· ··· ··· ··· ··· ··· ··· ···
    0   1   2   3   4   5   6   7   8 
2025-03-25 05:32:21,800 [GameBoard   ] DEBUG    ------- SIMULATION ENDS -------
2025-03-25 05:32:21,802 [GameBoard   ] DEBUG    Querying applicable move directions...<Action>
2025-03-25 05:32:21,803 [agent       ] DEBUG    applicable moves : (1, 0)
2025-03-25 05:32:21,803 [agent       ] DEBUG    applicable moves : (2, 1)
2025-03-25 05:32:21,803 [agent       ] DEBUG    applicable moves : (3, 0)
2025-03-25 05:32:21,803 [GameBoard   ] DEBUG    ------- SIMULATION START: () -------
2025-03-25 05:32:21,803 [GameBoard   ] DEBUG    checkcheckcheck
2025-03-25 05:32:21,804 [GameBoard   ] DEBUG    State has been set as follows: 
A3G1G2/A1B1B3E5F3/E1B4
2025-03-25 05:32:21,804 [GameBoard   ] DEBUG    
   . . . . . . . . . . . . . . . . . .
8 :   ·   ·   ·   ·   ·   ·   ·   ·   ·
   . . . . . . . . . . . . . . . . . .
7 :   ·   ·   ·   ·   ·   ·   ·   ·   ·
   . . . . . . . . . . . . . . . . . .
6 :   ·   ·   ·   ·   ·   ·   ·   ·   ·
   . . . . . . . . . . . . . . . . . .
5 :   ·   ·   ·   ·   |   ·   ·   ·   ·
   . . . . . . . . . .*. . . . . . . .
4 :   ·   ·   ·   ·   |   ·   ·   ·   ·
   . . . . . . . . . . . . . . . . . .
3 :   · B |   ·   ·   ·   |   ·   ·   ·
   ---*---*. . . . . . . .*. . . . . .
2 :   ·   |   ·   ·   ·   |   ·   ·   ·
   . . . . . . . . . . . . ---*--- . .
1 :   |   |   ·   ·   ·   ·   ·   ·   ·
   . .*. .*. . . . . . . . ---*--- . .
0 :   |   |   ·   · W ·   ·   ·   ·   ·
   ··· ··· ··· ··· ··· ··· ··· ··· ···
    0   1   2   3   4   5   6   7   8 
2025-03-25 05:32:21,805 [GameBoard   ] DEBUG    State has been changed to: 
A3G1G2/A1B1B3E5F3/E1B4
2025-03-25 05:32:21,805 [GameBoard   ] DEBUG    
   . . . . . . . . . . . . . . . . . .
8 :   ·   ·   ·   ·   ·   ·   ·   ·   ·
   . . . . . . . . . . . . . . . . . .
7 :   ·   ·   ·   ·   ·   ·   ·   ·   ·
   . . . . . . . . . . . . . . . . . .
6 :   ·   ·   ·   ·   ·   ·   ·   ·   ·
   . . . . . . . . . . . . . . . . . .
5 :   ·   ·   ·   ·   |   ·   ·   ·   ·
   . . . . . . . . . .*. . . . . . . .
4 :   ·   ·   ·   ·   |   ·   ·   ·   ·
   . . . . . . . . . . . . . . . . . .
3 :   · B |   ·   ·   ·   |   ·   ·   ·
   ---*---*. . . . . . . .*. . . . . .
2 :   ·   |   ·   ·   ·   |   ·   ·   ·
   . . . . . . . . . . . . ---*--- . .
1 :   |   |   ·   ·   ·   ·   ·   ·   ·
   . .*. .*. . . . . . . . ---*--- . .
0 :   |   |   ·   · W ·   ·   ·   ·   ·
   ··· ··· ··· ··· ··· ··· ··· ··· ···
    0   1   2   3   4   5   6   7   8 
2025-03-25 05:32:21,805 [GameBoard   ] DEBUG    ------- SIMULATION ENDS -------
2025-03-25 05:32:21,806 [GameBoard   ] DEBUG    Querying applicable move directions...<Action>
2025-03-25 05:32:21,806 [agent       ] DEBUG    applicable moves : (2, 1)
2025-03-25 05:32:21,806 [agent       ] DEBUG    applicable moves : (3, 0)
2025-03-25 05:32:21,807 [agent       ] DEBUG    applicable moves : (3, 2)
2025-03-25 05:32:21,807 [agent       ] DEBUG    applicable moves : (4, 1)
2025-03-25 05:32:21,807 [GameBoard   ] DEBUG    ------- SIMULATION START: () -------
2025-03-25 05:32:21,807 [GameBoard   ] DEBUG    checkcheckcheck
2025-03-25 05:32:21,807 [GameBoard   ] DEBUG    State has been set as follows: 
A3G1G2/A1B1B3E5F3/E1C5
2025-03-25 05:32:21,808 [GameBoard   ] DEBUG    
   . . . . . . . . . . . . . . . . . .
8 :   ·   ·   ·   ·   ·   ·   ·   ·   ·
   . . . . . . . . . . . . . . . . . .
7 :   ·   ·   ·   ·   ·   ·   ·   ·   ·
   . . . . . . . . . . . . . . . . . .
6 :   ·   ·   ·   ·   ·   ·   ·   ·   ·
   . . . . . . . . . . . . . . . . . .
5 :   ·   ·   ·   ·   |   ·   ·   ·   ·
   . . . . . . . . . .*. . . . . . . .
4 :   ·   · B ·   ·   |   ·   ·   ·   ·
   . . . . . . . . . . . . . . . . . .
3 :   ·   |   ·   ·   ·   |   ·   ·   ·
   ---*---*. . . . . . . .*. . . . . .
2 :   ·   |   ·   ·   ·   |   ·   ·   ·
   . . . . . . . . . . . . ---*--- . .
1 :   |   |   ·   ·   ·   ·   ·   ·   ·
   . .*. .*. . . . . . . . ---*--- . .
0 :   |   |   ·   · W ·   ·   ·   ·   ·
   ··· ··· ··· ··· ··· ··· ··· ··· ···
    0   1   2   3   4   5   6   7   8 
2025-03-25 05:32:21,808 [GameBoard   ] DEBUG    State has been changed to: 
A3G1G2/A1B1B3E5F3/E1C5
2025-03-25 05:32:21,809 [GameBoard   ] DEBUG    
   . . . . . . . . . . . . . . . . . .
8 :   ·   ·   ·   ·   ·   ·   ·   ·   ·
   . . . . . . . . . . . . . . . . . .
7 :   ·   ·   ·   ·   ·   ·   ·   ·   ·
   . . . . . . . . . . . . . . . . . .
6 :   ·   ·   ·   ·   ·   ·   ·   ·   ·
   . . . . . . . . . . . . . . . . . .
5 :   ·   ·   ·   ·   |   ·   ·   ·   ·
   . . . . . . . . . .*. . . . . . . .
4 :   ·   · B ·   ·   |   ·   ·   ·   ·
   . . . . . . . . . . . . . . . . . .
3 :   ·   |   ·   ·   ·   |   ·   ·   ·
   ---*---*. . . . . . . .*. . . . . .
2 :   ·   |   ·   ·   ·   |   ·   ·   ·
   . . . . . . . . . . . . ---*--- . .
1 :   |   |   ·   ·   ·   ·   ·   ·   ·
   . .*. .*. . . . . . . . ---*--- . .
0 :   |   |   ·   · W ·   ·   ·   ·   ·
   ··· ··· ··· ··· ··· ··· ··· ··· ···
    0   1   2   3   4   5   6   7   8 
2025-03-25 05:32:21,809 [GameBoard   ] DEBUG    ------- SIMULATION ENDS -------
2025-03-25 05:32:21,810 [GameBoard   ] DEBUG    Querying applicable move directions...<Action>
2025-03-25 05:32:21,810 [agent       ] DEBUG    applicable moves : (3, 2)
2025-03-25 05:32:21,810 [agent       ] DEBUG    applicable moves : (4, 1)
2025-03-25 05:32:21,810 [agent       ] DEBUG    applicable moves : (4, 3)
2025-03-25 05:32:21,810 [agent       ] DEBUG    applicable moves : (5, 2)
2025-03-25 05:32:21,810 [GameBoard   ] DEBUG    ------- SIMULATION START: () -------
2025-03-25 05:32:21,810 [GameBoard   ] DEBUG    checkcheckcheck
2025-03-25 05:32:21,811 [GameBoard   ] DEBUG    State has been set as follows: 
A3G1G2/A1B1B3E5F3/E1D6
2025-03-25 05:32:21,811 [GameBoard   ] DEBUG    
   . . . . . . . . . . . . . . . . . .
8 :   ·   ·   ·   ·   ·   ·   ·   ·   ·
   . . . . . . . . . . . . . . . . . .
7 :   ·   ·   ·   ·   ·   ·   ·   ·   ·
   . . . . . . . . . . . . . . . . . .
6 :   ·   ·   ·   ·   ·   ·   ·   ·   ·
   . . . . . . . . . . . . . . . . . .
5 :   ·   ·   · B ·   |   ·   ·   ·   ·
   . . . . . . . . . .*. . . . . . . .
4 :   ·   ·   ·   ·   |   ·   ·   ·   ·
   . . . . . . . . . . . . . . . . . .
3 :   ·   |   ·   ·   ·   |   ·   ·   ·
   ---*---*. . . . . . . .*. . . . . .
2 :   ·   |   ·   ·   ·   |   ·   ·   ·
   . . . . . . . . . . . . ---*--- . .
1 :   |   |   ·   ·   ·   ·   ·   ·   ·
   . .*. .*. . . . . . . . ---*--- . .
0 :   |   |   ·   · W ·   ·   ·   ·   ·
   ··· ··· ··· ··· ··· ··· ··· ··· ···
    0   1   2   3   4   5   6   7   8 
2025-03-25 05:32:21,812 [GameBoard   ] DEBUG    State has been changed to: 
A3G1G2/A1B1B3E5F3/E1D6
2025-03-25 05:32:21,812 [GameBoard   ] DEBUG    
   . . . . . . . . . . . . . . . . . .
8 :   ·   ·   ·   ·   ·   ·   ·   ·   ·
   . . . . . . . . . . . . . . . . . .
7 :   ·   ·   ·   ·   ·   ·   ·   ·   ·
   . . . . . . . . . . . . . . . . . .
6 :   ·   ·   ·   ·   ·   ·   ·   ·   ·
   . . . . . . . . . . . . . . . . . .
5 :   ·   ·   · B ·   |   ·   ·   ·   ·
   . . . . . . . . . .*. . . . . . . .
4 :   ·   ·   ·   ·   |   ·   ·   ·   ·
   . . . . . . . . . . . . . . . . . .
3 :   ·   |   ·   ·   ·   |   ·   ·   ·
   ---*---*. . . . . . . .*. . . . . .
2 :   ·   |   ·   ·   ·   |   ·   ·   ·
   . . . . . . . . . . . . ---*--- . .
1 :   |   |   ·   ·   ·   ·   ·   ·   ·
   . .*. .*. . . . . . . . ---*--- . .
0 :   |   |   ·   · W ·   ·   ·   ·   ·
   ··· ··· ··· ··· ··· ··· ··· ··· ···
    0   1   2   3   4   5   6   7   8 
2025-03-25 05:32:21,812 [GameBoard   ] DEBUG    ------- SIMULATION ENDS -------
2025-03-25 05:32:21,813 [GameBoard   ] DEBUG    Querying applicable move directions...<Action>
2025-03-25 05:32:21,813 [agent       ] DEBUG    applicable moves : (4, 3)
2025-03-25 05:32:21,813 [agent       ] DEBUG    applicable moves : (5, 2)
2025-03-25 05:32:21,813 [agent       ] DEBUG    applicable moves : (5, 4)
2025-03-25 05:32:21,813 [agent       ] DEBUG    applicable moves : (6, 3)
2025-03-25 05:32:21,813 [GameBoard   ] DEBUG    ------- SIMULATION START: () -------
2025-03-25 05:32:21,814 [GameBoard   ] DEBUG    checkcheckcheck
2025-03-25 05:32:21,814 [GameBoard   ] DEBUG    State has been set as follows: 
A3G1G2/A1B1B3E5F3/E1E7
2025-03-25 05:32:21,814 [GameBoard   ] DEBUG    
   . . . . . . . . . . . . . . . . . .
8 :   ·   ·   ·   ·   ·   ·   ·   ·   ·
   . . . . . . . . . . . . . . . . . .
7 :   ·   ·   ·   ·   ·   ·   ·   ·   ·
   . . . . . . . . . . . . . . . . . .
6 :   ·   ·   ·   · B ·   ·   ·   ·   ·
   . . . . . . . . . . . . . . . . . .
5 :   ·   ·   ·   ·   |   ·   ·   ·   ·
   . . . . . . . . . .*. . . . . . . .
4 :   ·   ·   ·   ·   |   ·   ·   ·   ·
   . . . . . . . . . . . . . . . . . .
3 :   ·   |   ·   ·   ·   |   ·   ·   ·
   ---*---*. . . . . . . .*. . . . . .
2 :   ·   |   ·   ·   ·   |   ·   ·   ·
   . . . . . . . . . . . . ---*--- . .
1 :   |   |   ·   ·   ·   ·   ·   ·   ·
   . .*. .*. . . . . . . . ---*--- . .
0 :   |   |   ·   · W ·   ·   ·   ·   ·
   ··· ··· ··· ··· ··· ··· ··· ··· ···
    0   1   2   3   4   5   6   7   8 
2025-03-25 05:32:21,815 [GameBoard   ] DEBUG    State has been changed to: 
A3G1G2/A1B1B3E5F3/E1E7
2025-03-25 05:32:21,815 [GameBoard   ] DEBUG    
   . . . . . . . . . . . . . . . . . .
8 :   ·   ·   ·   ·   ·   ·   ·   ·   ·
   . . . . . . . . . . . . . . . . . .
7 :   ·   ·   ·   ·   ·   ·   ·   ·   ·
   . . . . . . . . . . . . . . . . . .
6 :   ·   ·   ·   · B ·   ·   ·   ·   ·
   . . . . . . . . . . . . . . . . . .
5 :   ·   ·   ·   ·   |   ·   ·   ·   ·
   . . . . . . . . . .*. . . . . . . .
4 :   ·   ·   ·   ·   |   ·   ·   ·   ·
   . . . . . . . . . . . . . . . . . .
3 :   ·   |   ·   ·   ·   |   ·   ·   ·
   ---*---*. . . . . . . .*. . . . . .
2 :   ·   |   ·   ·   ·   |   ·   ·   ·
   . . . . . . . . . . . . ---*--- . .
1 :   |   |   ·   ·   ·   ·   ·   ·   ·
   . .*. .*. . . . . . . . ---*--- . .
0 :   |   |   ·   · W ·   ·   ·   ·   ·
   ··· ··· ··· ··· ··· ··· ··· ··· ···
    0   1   2   3   4   5   6   7   8 
2025-03-25 05:32:21,815 [GameBoard   ] DEBUG    ------- SIMULATION ENDS -------
2025-03-25 05:32:21,815 [GameBoard   ] DEBUG    Querying applicable move directions...<Action>
2025-03-25 05:32:21,816 [agent       ] DEBUG    applicable moves : (5, 4)
2025-03-25 05:32:21,816 [agent       ] DEBUG    applicable moves : (6, 3)
2025-03-25 05:32:21,816 [agent       ] DEBUG    applicable moves : (6, 5)
2025-03-25 05:32:21,816 [agent       ] DEBUG    applicable moves : (7, 4)
2025-03-25 05:32:21,816 [GameBoard   ] DEBUG    ------- SIMULATION START: () -------
2025-03-25 05:32:21,816 [GameBoard   ] DEBUG    checkcheckcheck
2025-03-25 05:32:21,817 [GameBoard   ] DEBUG    State has been set as follows: 
A3G1G2/A1B1B3E5F3/E1F8
2025-03-25 05:32:21,817 [GameBoard   ] DEBUG    
   . . . . . . . . . . . . . . . . . .
8 :   ·   ·   ·   ·   ·   ·   ·   ·   ·
   . . . . . . . . . . . . . . . . . .
7 :   ·   ·   ·   ·   · B ·   ·   ·   ·
   . . . . . . . . . . . . . . . . . .
6 :   ·   ·   ·   ·   ·   ·   ·   ·   ·
   . . . . . . . . . . . . . . . . . .
5 :   ·   ·   ·   ·   |   ·   ·   ·   ·
   . . . . . . . . . .*. . . . . . . .
4 :   ·   ·   ·   ·   |   ·   ·   ·   ·
   . . . . . . . . . . . . . . . . . .
3 :   ·   |   ·   ·   ·   |   ·   ·   ·
   ---*---*. . . . . . . .*. . . . . .
2 :   ·   |   ·   ·   ·   |   ·   ·   ·
   . . . . . . . . . . . . ---*--- . .
1 :   |   |   ·   ·   ·   ·   ·   ·   ·
   . .*. .*. . . . . . . . ---*--- . .
0 :   |   |   ·   · W ·   ·   ·   ·   ·
   ··· ··· ··· ··· ··· ··· ··· ··· ···
    0   1   2   3   4   5   6   7   8 
2025-03-25 05:32:21,817 [GameBoard   ] DEBUG    State has been changed to: 
A3G1G2/A1B1B3E5F3/E1F8
2025-03-25 05:32:21,818 [GameBoard   ] DEBUG    
   . . . . . . . . . . . . . . . . . .
8 :   ·   ·   ·   ·   ·   ·   ·   ·   ·
   . . . . . . . . . . . . . . . . . .
7 :   ·   ·   ·   ·   · B ·   ·   ·   ·
   . . . . . . . . . . . . . . . . . .
6 :   ·   ·   ·   ·   ·   ·   ·   ·   ·
   . . . . . . . . . . . . . . . . . .
5 :   ·   ·   ·   ·   |   ·   ·   ·   ·
   . . . . . . . . . .*. . . . . . . .
4 :   ·   ·   ·   ·   |   ·   ·   ·   ·
   . . . . . . . . . . . . . . . . . .
3 :   ·   |   ·   ·   ·   |   ·   ·   ·
   ---*---*. . . . . . . .*. . . . . .
2 :   ·   |   ·   ·   ·   |   ·   ·   ·
   . . . . . . . . . . . . ---*--- . .
1 :   |   |   ·   ·   ·   ·   ·   ·   ·
   . .*. .*. . . . . . . . ---*--- . .
0 :   |   |   ·   · W ·   ·   ·   ·   ·
   ··· ··· ··· ··· ··· ··· ··· ··· ···
    0   1   2   3   4   5   6   7   8 
2025-03-25 05:32:21,818 [GameBoard   ] DEBUG    ------- SIMULATION ENDS -------
2025-03-25 05:32:21,818 [GameBoard   ] DEBUG    Querying applicable move directions...<Action>
2025-03-25 05:32:21,819 [agent       ] DEBUG    applicable moves : (6, 5)
2025-03-25 05:32:21,819 [agent       ] DEBUG    applicable moves : (7, 4)
2025-03-25 05:32:21,819 [agent       ] DEBUG    applicable moves : (7, 6)
2025-03-25 05:32:21,819 [agent       ] DEBUG    applicable moves : (8, 5)
2025-03-25 05:32:21,819 [GameBoard   ] DEBUG    ------- SIMULATION START: () -------
2025-03-25 05:32:21,819 [GameBoard   ] DEBUG    checkcheckcheck
2025-03-25 05:32:21,820 [GameBoard   ] DEBUG    State has been set as follows: 
A3G1G2/A1B1B3E5F3/E1G9
2025-03-25 05:32:21,820 [GameBoard   ] DEBUG    
   . . . . . . . . . . . . . . . . . .
8 :   ·   ·   ·   ·   ·   · B ·   ·   ·
   . . . . . . . . . . . . . . . . . .
7 :   ·   ·   ·   ·   ·   ·   ·   ·   ·
   . . . . . . . . . . . . . . . . . .
6 :   ·   ·   ·   ·   ·   ·   ·   ·   ·
   . . . . . . . . . . . . . . . . . .
5 :   ·   ·   ·   ·   |   ·   ·   ·   ·
   . . . . . . . . . .*. . . . . . . .
4 :   ·   ·   ·   ·   |   ·   ·   ·   ·
   . . . . . . . . . . . . . . . . . .
3 :   ·   |   ·   ·   ·   |   ·   ·   ·
   ---*---*. . . . . . . .*. . . . . .
2 :   ·   |   ·   ·   ·   |   ·   ·   ·
   . . . . . . . . . . . . ---*--- . .
1 :   |   |   ·   ·   ·   ·   ·   ·   ·
   . .*. .*. . . . . . . . ---*--- . .
0 :   |   |   ·   · W ·   ·   ·   ·   ·
   ··· ··· ··· ··· ··· ··· ··· ··· ···
    0   1   2   3   4   5   6   7   8 
2025-03-25 05:32:21,820 [GameBoard   ] DEBUG    State has been changed to: 
A3G1G2/A1B1B3E5F3/E1G9
2025-03-25 05:32:21,820 [GameBoard   ] DEBUG    
   . . . . . . . . . . . . . . . . . .
8 :   ·   ·   ·   ·   ·   · B ·   ·   ·
   . . . . . . . . . . . . . . . . . .
7 :   ·   ·   ·   ·   ·   ·   ·   ·   ·
   . . . . . . . . . . . . . . . . . .
6 :   ·   ·   ·   ·   ·   ·   ·   ·   ·
   . . . . . . . . . . . . . . . . . .
5 :   ·   ·   ·   ·   |   ·   ·   ·   ·
   . . . . . . . . . .*. . . . . . . .
4 :   ·   ·   ·   ·   |   ·   ·   ·   ·
   . . . . . . . . . . . . . . . . . .
3 :   ·   |   ·   ·   ·   |   ·   ·   ·
   ---*---*. . . . . . . .*. . . . . .
2 :   ·   |   ·   ·   ·   |   ·   ·   ·
   . . . . . . . . . . . . ---*--- . .
1 :   |   |   ·   ·   ·   ·   ·   ·   ·
   . .*. .*. . . . . . . . ---*--- . .
0 :   |   |   ·   · W ·   ·   ·   ·   ·
   ··· ··· ··· ··· ··· ··· ··· ··· ···
    0   1   2   3   4   5   6   7   8 
2025-03-25 05:32:21,820 [GameBoard   ] DEBUG    ------- SIMULATION ENDS -------
2025-03-25 05:32:21,821 [GameBoard   ] DEBUG    Querying applicable move directions...<Action>
2025-03-25 05:32:21,822 [agent       ] DEBUG    applicable moves : (7, 6)
2025-03-25 05:32:21,822 [agent       ] DEBUG    applicable moves : (8, 5)
2025-03-25 05:32:21,822 [agent       ] DEBUG    applicable moves : (8, 7)
2025-03-25 05:32:21,822 [GameBoard   ] DEBUG    ------- SIMULATION START: () -------
2025-03-25 05:32:21,822 [GameBoard   ] DEBUG    checkcheckcheck
2025-03-25 05:32:21,823 [GameBoard   ] DEBUG    State has been set as follows: 
A3G1G2/A1B1B3E5F3/E1A2
2025-03-25 05:32:21,823 [GameBoard   ] DEBUG    
   . . . . . . . . . . . . . . . . . .
8 :   ·   ·   ·   ·   ·   ·   ·   ·   ·
   . . . . . . . . . . . . . . . . . .
7 :   ·   ·   ·   ·   ·   ·   ·   ·   ·
   . . . . . . . . . . . . . . . . . .
6 :   ·   ·   ·   ·   ·   ·   ·   ·   ·
   . . . . . . . . . . . . . . . . . .
5 :   ·   ·   ·   ·   |   ·   ·   ·   ·
   . . . . . . . . . .*. . . . . . . .
4 :   ·   ·   ·   ·   |   ·   ·   ·   ·
   . . . . . . . . . . . . . . . . . .
3 :   ·   |   ·   ·   ·   |   ·   ·   ·
   ---*---*. . . . . . . .*. . . . . .
2 :   ·   |   ·   ·   ·   |   ·   ·   ·
   . . . . . . . . . . . . ---*--- . .
1 : B |   |   ·   ·   ·   ·   ·   ·   ·
   . .*. .*. . . . . . . . ---*--- . .
0 :   |   |   ·   · W ·   ·   ·   ·   ·
   ··· ··· ··· ··· ··· ··· ··· ··· ···
    0   1   2   3   4   5   6   7   8 
2025-03-25 05:32:21,823 [GameBoard   ] DEBUG    State has been changed to: 
A3G1G2/A1B1B3E5F3/E1A2
2025-03-25 05:32:21,823 [GameBoard   ] DEBUG    
   . . . . . . . . . . . . . . . . . .
8 :   ·   ·   ·   ·   ·   ·   ·   ·   ·
   . . . . . . . . . . . . . . . . . .
7 :   ·   ·   ·   ·   ·   ·   ·   ·   ·
   . . . . . . . . . . . . . . . . . .
6 :   ·   ·   ·   ·   ·   ·   ·   ·   ·
   . . . . . . . . . . . . . . . . . .
5 :   ·   ·   ·   ·   |   ·   ·   ·   ·
   . . . . . . . . . .*. . . . . . . .
4 :   ·   ·   ·   ·   |   ·   ·   ·   ·
   . . . . . . . . . . . . . . . . . .
3 :   ·   |   ·   ·   ·   |   ·   ·   ·
   ---*---*. . . . . . . .*. . . . . .
2 :   ·   |   ·   ·   ·   |   ·   ·   ·
   . . . . . . . . . . . . ---*--- . .
1 : B |   |   ·   ·   ·   ·   ·   ·   ·
   . .*. .*. . . . . . . . ---*--- . .
0 :   |   |   ·   · W ·   ·   ·   ·   ·
   ··· ··· ··· ··· ··· ··· ··· ··· ···
    0   1   2   3   4   5   6   7   8 
2025-03-25 05:32:21,823 [GameBoard   ] DEBUG    ------- SIMULATION ENDS -------
2025-03-25 05:32:21,824 [GameBoard   ] DEBUG    Querying applicable move directions...<Action>
2025-03-25 05:32:21,825 [agent       ] DEBUG    applicable moves : (0, 0)
2025-03-25 05:32:21,825 [agent       ] DEBUG    applicable moves : (1, 1)
2025-03-25 05:32:21,825 [agent       ] DEBUG    applicable moves : (2, 0)
2025-03-25 05:32:21,825 [GameBoard   ] DEBUG    ------- SIMULATION START: () -------
2025-03-25 05:32:21,825 [GameBoard   ] DEBUG    checkcheckcheck
2025-03-25 05:32:21,826 [GameBoard   ] DEBUG    State has been set as follows: 
A3G1G2/A1B1B3E5F3/E1B3
2025-03-25 05:32:21,826 [GameBoard   ] DEBUG    
   . . . . . . . . . . . . . . . . . .
8 :   ·   ·   ·   ·   ·   ·   ·   ·   ·
   . . . . . . . . . . . . . . . . . .
7 :   ·   ·   ·   ·   ·   ·   ·   ·   ·
   . . . . . . . . . . . . . . . . . .
6 :   ·   ·   ·   ·   ·   ·   ·   ·   ·
   . . . . . . . . . . . . . . . . . .
5 :   ·   ·   ·   ·   |   ·   ·   ·   ·
   . . . . . . . . . .*. . . . . . . .
4 :   ·   ·   ·   ·   |   ·   ·   ·   ·
   . . . . . . . . . . . . . . . . . .
3 :   ·   |   ·   ·   ·   |   ·   ·   ·
   ---*---*. . . . . . . .*. . . . . .
2 :   · B |   ·   ·   ·   |   ·   ·   ·
   . . . . . . . . . . . . ---*--- . .
1 :   |   |   ·   ·   ·   ·   ·   ·   ·
   . .*. .*. . . . . . . . ---*--- . .
0 :   |   |   ·   · W ·   ·   ·   ·   ·
   ··· ··· ··· ··· ··· ··· ··· ··· ···
    0   1   2   3   4   5   6   7   8 
2025-03-25 05:32:21,826 [GameBoard   ] DEBUG    State has been changed to: 
A3G1G2/A1B1B3E5F3/E1B3
2025-03-25 05:32:21,827 [GameBoard   ] DEBUG    
   . . . . . . . . . . . . . . . . . .
8 :   ·   ·   ·   ·   ·   ·   ·   ·   ·
   . . . . . . . . . . . . . . . . . .
7 :   ·   ·   ·   ·   ·   ·   ·   ·   ·
   . . . . . . . . . . . . . . . . . .
6 :   ·   ·   ·   ·   ·   ·   ·   ·   ·
   . . . . . . . . . . . . . . . . . .
5 :   ·   ·   ·   ·   |   ·   ·   ·   ·
   . . . . . . . . . .*. . . . . . . .
4 :   ·   ·   ·   ·   |   ·   ·   ·   ·
   . . . . . . . . . . . . . . . . . .
3 :   ·   |   ·   ·   ·   |   ·   ·   ·
   ---*---*. . . . . . . .*. . . . . .
2 :   · B |   ·   ·   ·   |   ·   ·   ·
   . . . . . . . . . . . . ---*--- . .
1 :   |   |   ·   ·   ·   ·   ·   ·   ·
   . .*. .*. . . . . . . . ---*--- . .
0 :   |   |   ·   · W ·   ·   ·   ·   ·
   ··· ··· ··· ··· ··· ··· ··· ··· ···
    0   1   2   3   4   5   6   7   8 
2025-03-25 05:32:21,827 [GameBoard   ] DEBUG    ------- SIMULATION ENDS -------
2025-03-25 05:32:21,827 [GameBoard   ] DEBUG    Querying applicable move directions...<Action>
2025-03-25 05:32:21,828 [agent       ] DEBUG    applicable moves : (1, 1)
2025-03-25 05:32:21,828 [agent       ] DEBUG    applicable moves : (2, 0)
2025-03-25 05:32:21,828 [agent       ] DEBUG    applicable moves : (2, 2)
2025-03-25 05:32:21,828 [agent       ] DEBUG    applicable moves : (3, 1)
2025-03-25 05:32:21,828 [GameBoard   ] DEBUG    ------- SIMULATION START: () -------
2025-03-25 05:32:21,828 [GameBoard   ] DEBUG    checkcheckcheck
2025-03-25 05:32:21,829 [GameBoard   ] DEBUG    State has been set as follows: 
A3G1G2/A1B1B3E5F3/E1C4
2025-03-25 05:32:21,829 [GameBoard   ] DEBUG    
   . . . . . . . . . . . . . . . . . .
8 :   ·   ·   ·   ·   ·   ·   ·   ·   ·
   . . . . . . . . . . . . . . . . . .
7 :   ·   ·   ·   ·   ·   ·   ·   ·   ·
   . . . . . . . . . . . . . . . . . .
6 :   ·   ·   ·   ·   ·   ·   ·   ·   ·
   . . . . . . . . . . . . . . . . . .
5 :   ·   ·   ·   ·   |   ·   ·   ·   ·
   . . . . . . . . . .*. . . . . . . .
4 :   ·   ·   ·   ·   |   ·   ·   ·   ·
   . . . . . . . . . . . . . . . . . .
3 :   ·   | B ·   ·   ·   |   ·   ·   ·
   ---*---*. . . . . . . .*. . . . . .
2 :   ·   |   ·   ·   ·   |   ·   ·   ·
   . . . . . . . . . . . . ---*--- . .
1 :   |   |   ·   ·   ·   ·   ·   ·   ·
   . .*. .*. . . . . . . . ---*--- . .
0 :   |   |   ·   · W ·   ·   ·   ·   ·
   ··· ··· ··· ··· ··· ··· ··· ··· ···
    0   1   2   3   4   5   6   7   8 
2025-03-25 05:32:21,829 [GameBoard   ] DEBUG    State has been changed to: 
A3G1G2/A1B1B3E5F3/E1C4
2025-03-25 05:32:21,829 [GameBoard   ] DEBUG    
   . . . . . . . . . . . . . . . . . .
8 :   ·   ·   ·   ·   ·   ·   ·   ·   ·
   . . . . . . . . . . . . . . . . . .
7 :   ·   ·   ·   ·   ·   ·   ·   ·   ·
   . . . . . . . . . . . . . . . . . .
6 :   ·   ·   ·   ·   ·   ·   ·   ·   ·
   . . . . . . . . . . . . . . . . . .
5 :   ·   ·   ·   ·   |   ·   ·   ·   ·
   . . . . . . . . . .*. . . . . . . .
4 :   ·   ·   ·   ·   |   ·   ·   ·   ·
   . . . . . . . . . . . . . . . . . .
3 :   ·   | B ·   ·   ·   |   ·   ·   ·
   ---*---*. . . . . . . .*. . . . . .
2 :   ·   |   ·   ·   ·   |   ·   ·   ·
   . . . . . . . . . . . . ---*--- . .
1 :   |   |   ·   ·   ·   ·   ·   ·   ·
   . .*. .*. . . . . . . . ---*--- . .
0 :   |   |   ·   · W ·   ·   ·   ·   ·
   ··· ··· ··· ··· ··· ··· ··· ··· ···
    0   1   2   3   4   5   6   7   8 
2025-03-25 05:32:21,830 [GameBoard   ] DEBUG    ------- SIMULATION ENDS -------
2025-03-25 05:32:21,830 [GameBoard   ] DEBUG    Querying applicable move directions...<Action>
2025-03-25 05:32:21,831 [agent       ] DEBUG    applicable moves : (2, 2)
2025-03-25 05:32:21,831 [agent       ] DEBUG    applicable moves : (3, 1)
2025-03-25 05:32:21,831 [agent       ] DEBUG    applicable moves : (3, 3)
2025-03-25 05:32:21,831 [agent       ] DEBUG    applicable moves : (4, 2)
2025-03-25 05:32:21,831 [GameBoard   ] DEBUG    ------- SIMULATION START: () -------
2025-03-25 05:32:21,831 [GameBoard   ] DEBUG    checkcheckcheck
2025-03-25 05:32:21,832 [GameBoard   ] DEBUG    State has been set as follows: 
A3G1G2/A1B1B3E5F3/E1D5
2025-03-25 05:32:21,832 [GameBoard   ] DEBUG    
   . . . . . . . . . . . . . . . . . .
8 :   ·   ·   ·   ·   ·   ·   ·   ·   ·
   . . . . . . . . . . . . . . . . . .
7 :   ·   ·   ·   ·   ·   ·   ·   ·   ·
   . . . . . . . . . . . . . . . . . .
6 :   ·   ·   ·   ·   ·   ·   ·   ·   ·
   . . . . . . . . . . . . . . . . . .
5 :   ·   ·   ·   ·   |   ·   ·   ·   ·
   . . . . . . . . . .*. . . . . . . .
4 :   ·   ·   · B ·   |   ·   ·   ·   ·
   . . . . . . . . . . . . . . . . . .
3 :   ·   |   ·   ·   ·   |   ·   ·   ·
   ---*---*. . . . . . . .*. . . . . .
2 :   ·   |   ·   ·   ·   |   ·   ·   ·
   . . . . . . . . . . . . ---*--- . .
1 :   |   |   ·   ·   ·   ·   ·   ·   ·
   . .*. .*. . . . . . . . ---*--- . .
0 :   |   |   ·   · W ·   ·   ·   ·   ·
   ··· ··· ··· ··· ··· ··· ··· ··· ···
    0   1   2   3   4   5   6   7   8 
2025-03-25 05:32:21,832 [GameBoard   ] DEBUG    State has been changed to: 
A3G1G2/A1B1B3E5F3/E1D5
2025-03-25 05:32:21,832 [GameBoard   ] DEBUG    
   . . . . . . . . . . . . . . . . . .
8 :   ·   ·   ·   ·   ·   ·   ·   ·   ·
   . . . . . . . . . . . . . . . . . .
7 :   ·   ·   ·   ·   ·   ·   ·   ·   ·
   . . . . . . . . . . . . . . . . . .
6 :   ·   ·   ·   ·   ·   ·   ·   ·   ·
   . . . . . . . . . . . . . . . . . .
5 :   ·   ·   ·   ·   |   ·   ·   ·   ·
   . . . . . . . . . .*. . . . . . . .
4 :   ·   ·   · B ·   |   ·   ·   ·   ·
   . . . . . . . . . . . . . . . . . .
3 :   ·   |   ·   ·   ·   |   ·   ·   ·
   ---*---*. . . . . . . .*. . . . . .
2 :   ·   |   ·   ·   ·   |   ·   ·   ·
   . . . . . . . . . . . . ---*--- . .
1 :   |   |   ·   ·   ·   ·   ·   ·   ·
   . .*. .*. . . . . . . . ---*--- . .
0 :   |   |   ·   · W ·   ·   ·   ·   ·
   ··· ··· ··· ··· ··· ··· ··· ··· ···
    0   1   2   3   4   5   6   7   8 
2025-03-25 05:32:21,832 [GameBoard   ] DEBUG    ------- SIMULATION ENDS -------
2025-03-25 05:32:21,833 [GameBoard   ] DEBUG    Querying applicable move directions...<Action>
2025-03-25 05:32:21,834 [agent       ] DEBUG    applicable moves : (3, 3)
2025-03-25 05:32:21,834 [agent       ] DEBUG    applicable moves : (4, 2)
2025-03-25 05:32:21,834 [agent       ] DEBUG    applicable moves : (4, 4)
2025-03-25 05:32:21,834 [agent       ] DEBUG    applicable moves : (5, 3)
2025-03-25 05:32:21,834 [GameBoard   ] DEBUG    ------- SIMULATION START: () -------
2025-03-25 05:32:21,834 [GameBoard   ] DEBUG    checkcheckcheck
2025-03-25 05:32:21,835 [GameBoard   ] DEBUG    State has been set as follows: 
A3G1G2/A1B1B3E5F3/E1E6
2025-03-25 05:32:21,835 [GameBoard   ] DEBUG    
   . . . . . . . . . . . . . . . . . .
8 :   ·   ·   ·   ·   ·   ·   ·   ·   ·
   . . . . . . . . . . . . . . . . . .
7 :   ·   ·   ·   ·   ·   ·   ·   ·   ·
   . . . . . . . . . . . . . . . . . .
6 :   ·   ·   ·   ·   ·   ·   ·   ·   ·
   . . . . . . . . . . . . . . . . . .
5 :   ·   ·   ·   · B |   ·   ·   ·   ·
   . . . . . . . . . .*. . . . . . . .
4 :   ·   ·   ·   ·   |   ·   ·   ·   ·
   . . . . . . . . . . . . . . . . . .
3 :   ·   |   ·   ·   ·   |   ·   ·   ·
   ---*---*. . . . . . . .*. . . . . .
2 :   ·   |   ·   ·   ·   |   ·   ·   ·
   . . . . . . . . . . . . ---*--- . .
1 :   |   |   ·   ·   ·   ·   ·   ·   ·
   . .*. .*. . . . . . . . ---*--- . .
0 :   |   |   ·   · W ·   ·   ·   ·   ·
   ··· ··· ··· ··· ··· ··· ··· ··· ···
    0   1   2   3   4   5   6   7   8 
2025-03-25 05:32:21,835 [GameBoard   ] DEBUG    State has been changed to: 
A3G1G2/A1B1B3E5F3/E1E6
2025-03-25 05:32:21,835 [GameBoard   ] DEBUG    
   . . . . . . . . . . . . . . . . . .
8 :   ·   ·   ·   ·   ·   ·   ·   ·   ·
   . . . . . . . . . . . . . . . . . .
7 :   ·   ·   ·   ·   ·   ·   ·   ·   ·
   . . . . . . . . . . . . . . . . . .
6 :   ·   ·   ·   ·   ·   ·   ·   ·   ·
   . . . . . . . . . . . . . . . . . .
5 :   ·   ·   ·   · B |   ·   ·   ·   ·
   . . . . . . . . . .*. . . . . . . .
4 :   ·   ·   ·   ·   |   ·   ·   ·   ·
   . . . . . . . . . . . . . . . . . .
3 :   ·   |   ·   ·   ·   |   ·   ·   ·
   ---*---*. . . . . . . .*. . . . . .
2 :   ·   |   ·   ·   ·   |   ·   ·   ·
   . . . . . . . . . . . . ---*--- . .
1 :   |   |   ·   ·   ·   ·   ·   ·   ·
   . .*. .*. . . . . . . . ---*--- . .
0 :   |   |   ·   · W ·   ·   ·   ·   ·
   ··· ··· ··· ··· ··· ··· ··· ··· ···
    0   1   2   3   4   5   6   7   8 
2025-03-25 05:32:21,835 [GameBoard   ] DEBUG    ------- SIMULATION ENDS -------
2025-03-25 05:32:21,836 [GameBoard   ] DEBUG    Querying applicable move directions...<Action>
2025-03-25 05:32:21,836 [agent       ] DEBUG    applicable moves : (4, 4)
2025-03-25 05:32:21,836 [agent       ] DEBUG    applicable moves : (5, 3)
2025-03-25 05:32:21,836 [agent       ] DEBUG    applicable moves : (5, 5)
2025-03-25 05:32:21,837 [agent       ] DEBUG    applicable moves : (6, 4)
2025-03-25 05:32:21,837 [GameBoard   ] DEBUG    ------- SIMULATION START: () -------
2025-03-25 05:32:21,837 [GameBoard   ] DEBUG    checkcheckcheck
2025-03-25 05:32:21,837 [GameBoard   ] DEBUG    State has been set as follows: 
A3G1G2/A1B1B3E5F3/E1F7
2025-03-25 05:32:21,838 [GameBoard   ] DEBUG    
   . . . . . . . . . . . . . . . . . .
8 :   ·   ·   ·   ·   ·   ·   ·   ·   ·
   . . . . . . . . . . . . . . . . . .
7 :   ·   ·   ·   ·   ·   ·   ·   ·   ·
   . . . . . . . . . . . . . . . . . .
6 :   ·   ·   ·   ·   · B ·   ·   ·   ·
   . . . . . . . . . . . . . . . . . .
5 :   ·   ·   ·   ·   |   ·   ·   ·   ·
   . . . . . . . . . .*. . . . . . . .
4 :   ·   ·   ·   ·   |   ·   ·   ·   ·
   . . . . . . . . . . . . . . . . . .
3 :   ·   |   ·   ·   ·   |   ·   ·   ·
   ---*---*. . . . . . . .*. . . . . .
2 :   ·   |   ·   ·   ·   |   ·   ·   ·
   . . . . . . . . . . . . ---*--- . .
1 :   |   |   ·   ·   ·   ·   ·   ·   ·
   . .*. .*. . . . . . . . ---*--- . .
0 :   |   |   ·   · W ·   ·   ·   ·   ·
   ··· ··· ··· ··· ··· ··· ··· ··· ···
    0   1   2   3   4   5   6   7   8 
2025-03-25 05:32:21,838 [GameBoard   ] DEBUG    State has been changed to: 
A3G1G2/A1B1B3E5F3/E1F7
2025-03-25 05:32:21,839 [GameBoard   ] DEBUG    
   . . . . . . . . . . . . . . . . . .
8 :   ·   ·   ·   ·   ·   ·   ·   ·   ·
   . . . . . . . . . . . . . . . . . .
7 :   ·   ·   ·   ·   ·   ·   ·   ·   ·
   . . . . . . . . . . . . . . . . . .
6 :   ·   ·   ·   ·   · B ·   ·   ·   ·
   . . . . . . . . . . . . . . . . . .
5 :   ·   ·   ·   ·   |   ·   ·   ·   ·
   . . . . . . . . . .*. . . . . . . .
4 :   ·   ·   ·   ·   |   ·   ·   ·   ·
   . . . . . . . . . . . . . . . . . .
3 :   ·   |   ·   ·   ·   |   ·   ·   ·
   ---*---*. . . . . . . .*. . . . . .
2 :   ·   |   ·   ·   ·   |   ·   ·   ·
   . . . . . . . . . . . . ---*--- . .
1 :   |   |   ·   ·   ·   ·   ·   ·   ·
   . .*. .*. . . . . . . . ---*--- . .
0 :   |   |   ·   · W ·   ·   ·   ·   ·
   ··· ··· ··· ··· ··· ··· ··· ··· ···
    0   1   2   3   4   5   6   7   8 
2025-03-25 05:32:21,839 [GameBoard   ] DEBUG    ------- SIMULATION ENDS -------
2025-03-25 05:32:21,839 [GameBoard   ] DEBUG    Querying applicable move directions...<Action>
2025-03-25 05:32:21,840 [agent       ] DEBUG    applicable moves : (5, 5)
2025-03-25 05:32:21,840 [agent       ] DEBUG    applicable moves : (6, 4)
2025-03-25 05:32:21,840 [agent       ] DEBUG    applicable moves : (6, 6)
2025-03-25 05:32:21,840 [agent       ] DEBUG    applicable moves : (7, 5)
2025-03-25 05:32:21,840 [GameBoard   ] DEBUG    ------- SIMULATION START: () -------
2025-03-25 05:32:21,840 [GameBoard   ] DEBUG    checkcheckcheck
2025-03-25 05:32:21,841 [GameBoard   ] DEBUG    State has been set as follows: 
A3G1G2/A1B1B3E5F3/E1G8
2025-03-25 05:32:21,841 [GameBoard   ] DEBUG    
   . . . . . . . . . . . . . . . . . .
8 :   ·   ·   ·   ·   ·   ·   ·   ·   ·
   . . . . . . . . . . . . . . . . . .
7 :   ·   ·   ·   ·   ·   · B ·   ·   ·
   . . . . . . . . . . . . . . . . . .
6 :   ·   ·   ·   ·   ·   ·   ·   ·   ·
   . . . . . . . . . . . . . . . . . .
5 :   ·   ·   ·   ·   |   ·   ·   ·   ·
   . . . . . . . . . .*. . . . . . . .
4 :   ·   ·   ·   ·   |   ·   ·   ·   ·
   . . . . . . . . . . . . . . . . . .
3 :   ·   |   ·   ·   ·   |   ·   ·   ·
   ---*---*. . . . . . . .*. . . . . .
2 :   ·   |   ·   ·   ·   |   ·   ·   ·
   . . . . . . . . . . . . ---*--- . .
1 :   |   |   ·   ·   ·   ·   ·   ·   ·
   . .*. .*. . . . . . . . ---*--- . .
0 :   |   |   ·   · W ·   ·   ·   ·   ·
   ··· ··· ··· ··· ··· ··· ··· ··· ···
    0   1   2   3   4   5   6   7   8 
2025-03-25 05:32:21,841 [GameBoard   ] DEBUG    State has been changed to: 
A3G1G2/A1B1B3E5F3/E1G8
2025-03-25 05:32:21,841 [GameBoard   ] DEBUG    
   . . . . . . . . . . . . . . . . . .
8 :   ·   ·   ·   ·   ·   ·   ·   ·   ·
   . . . . . . . . . . . . . . . . . .
7 :   ·   ·   ·   ·   ·   · B ·   ·   ·
   . . . . . . . . . . . . . . . . . .
6 :   ·   ·   ·   ·   ·   ·   ·   ·   ·
   . . . . . . . . . . . . . . . . . .
5 :   ·   ·   ·   ·   |   ·   ·   ·   ·
   . . . . . . . . . .*. . . . . . . .
4 :   ·   ·   ·   ·   |   ·   ·   ·   ·
   . . . . . . . . . . . . . . . . . .
3 :   ·   |   ·   ·   ·   |   ·   ·   ·
   ---*---*. . . . . . . .*. . . . . .
2 :   ·   |   ·   ·   ·   |   ·   ·   ·
   . . . . . . . . . . . . ---*--- . .
1 :   |   |   ·   ·   ·   ·   ·   ·   ·
   . .*. .*. . . . . . . . ---*--- . .
0 :   |   |   ·   · W ·   ·   ·   ·   ·
   ··· ··· ··· ··· ··· ··· ··· ··· ···
    0   1   2   3   4   5   6   7   8 
2025-03-25 05:32:21,841 [GameBoard   ] DEBUG    ------- SIMULATION ENDS -------
2025-03-25 05:32:21,842 [GameBoard   ] DEBUG    Querying applicable move directions...<Action>
2025-03-25 05:32:21,843 [agent       ] DEBUG    applicable moves : (6, 6)
2025-03-25 05:32:21,843 [agent       ] DEBUG    applicable moves : (7, 5)
2025-03-25 05:32:21,843 [agent       ] DEBUG    applicable moves : (7, 7)
2025-03-25 05:32:21,843 [agent       ] DEBUG    applicable moves : (8, 6)
2025-03-25 05:32:21,843 [GameBoard   ] DEBUG    ------- SIMULATION START: () -------
2025-03-25 05:32:21,843 [GameBoard   ] DEBUG    checkcheckcheck
2025-03-25 05:32:21,844 [GameBoard   ] DEBUG    State has been set as follows: 
A3G1G2/A1B1B3E5F3/E1H9
2025-03-25 05:32:21,844 [GameBoard   ] DEBUG    
   . . . . . . . . . . . . . . . . . .
8 :   ·   ·   ·   ·   ·   ·   · B ·   ·
   . . . . . . . . . . . . . . . . . .
7 :   ·   ·   ·   ·   ·   ·   ·   ·   ·
   . . . . . . . . . . . . . . . . . .
6 :   ·   ·   ·   ·   ·   ·   ·   ·   ·
   . . . . . . . . . . . . . . . . . .
5 :   ·   ·   ·   ·   |   ·   ·   ·   ·
   . . . . . . . . . .*. . . . . . . .
4 :   ·   ·   ·   ·   |   ·   ·   ·   ·
   . . . . . . . . . . . . . . . . . .
3 :   ·   |   ·   ·   ·   |   ·   ·   ·
   ---*---*. . . . . . . .*. . . . . .
2 :   ·   |   ·   ·   ·   |   ·   ·   ·
   . . . . . . . . . . . . ---*--- . .
1 :   |   |   ·   ·   ·   ·   ·   ·   ·
   . .*. .*. . . . . . . . ---*--- . .
0 :   |   |   ·   · W ·   ·   ·   ·   ·
   ··· ··· ··· ··· ··· ··· ··· ··· ···
    0   1   2   3   4   5   6   7   8 
2025-03-25 05:32:21,844 [GameBoard   ] DEBUG    State has been changed to: 
A3G1G2/A1B1B3E5F3/E1H9
2025-03-25 05:32:21,844 [GameBoard   ] DEBUG    
   . . . . . . . . . . . . . . . . . .
8 :   ·   ·   ·   ·   ·   ·   · B ·   ·
   . . . . . . . . . . . . . . . . . .
7 :   ·   ·   ·   ·   ·   ·   ·   ·   ·
   . . . . . . . . . . . . . . . . . .
6 :   ·   ·   ·   ·   ·   ·   ·   ·   ·
   . . . . . . . . . . . . . . . . . .
5 :   ·   ·   ·   ·   |   ·   ·   ·   ·
   . . . . . . . . . .*. . . . . . . .
4 :   ·   ·   ·   ·   |   ·   ·   ·   ·
   . . . . . . . . . . . . . . . . . .
3 :   ·   |   ·   ·   ·   |   ·   ·   ·
   ---*---*. . . . . . . .*. . . . . .
2 :   ·   |   ·   ·   ·   |   ·   ·   ·
   . . . . . . . . . . . . ---*--- . .
1 :   |   |   ·   ·   ·   ·   ·   ·   ·
   . .*. .*. . . . . . . . ---*--- . .
0 :   |   |   ·   · W ·   ·   ·   ·   ·
   ··· ··· ··· ··· ··· ··· ··· ··· ···
    0   1   2   3   4   5   6   7   8 
2025-03-25 05:32:21,844 [GameBoard   ] DEBUG    ------- SIMULATION ENDS -------
2025-03-25 05:32:21,845 [GameBoard   ] DEBUG    Querying applicable move directions...<Action>
2025-03-25 05:32:21,846 [agent       ] DEBUG    applicable moves : (7, 7)
2025-03-25 05:32:21,846 [agent       ] DEBUG    applicable moves : (8, 6)
2025-03-25 05:32:21,846 [agent       ] DEBUG    applicable moves : (8, 8)
2025-03-25 05:32:21,846 [agent       ] DEBUG    tmp state : {'state_id': 'A3G1G2/A1B1B3E5F3/E1H9', 'player_id': 'black', 'turn': 1, 'board': {'fence_center': [[0, 0], [0, 1], [0, 6], [1, 6], [2, 0], [2, 1], [2, 5], [4, 4]], 'horizontal_fences': [[0, 6], [0, 7], [1, 6], [1, 7], [2, 0], [2, 1]], 'vertical_fences': [[0, 0], [0, 1], [1, 0], [1, 1], [2, 1], [2, 5], [3, 1], [3, 5], [4, 4], [5, 4]]}, 'player': {'black': {'pawn': [8, 7], 'fences_left': 6}, 'white': {'pawn': [0, 4], 'fences_left': 6}}}
2025-03-25 05:32:21,854 [GameBoard   ] DEBUG    State has been set as follows: 
A3G1G2/A1B1B3E5F3/E1A9
2025-03-25 05:32:21,854 [GameBoard   ] DEBUG    
   . . . . . . . . . . . . . . . . . .
8 : B ·   ·   ·   ·   ·   ·   ·   ·   ·
   . . . . . . . . . . . . . . . . . .
7 :   ·   ·   ·   ·   ·   ·   ·   ·   ·
   . . . . . . . . . . . . . . . . . .
6 :   ·   ·   ·   ·   ·   ·   ·   ·   ·
   . . . . . . . . . . . . . . . . . .
5 :   ·   ·   ·   ·   |   ·   ·   ·   ·
   . . . . . . . . . .*. . . . . . . .
4 :   ·   ·   ·   ·   |   ·   ·   ·   ·
   . . . . . . . . . . . . . . . . . .
3 :   ·   |   ·   ·   ·   |   ·   ·   ·
   ---*---*. . . . . . . .*. . . . . .
2 :   ·   |   ·   ·   ·   |   ·   ·   ·
   . . . . . . . . . . . . ---*--- . .
1 :   |   |   ·   ·   ·   ·   ·   ·   ·
   . .*. .*. . . . . . . . ---*--- . .
0 :   |   |   ·   · W ·   ·   ·   ·   ·
   ··· ··· ··· ··· ··· ··· ··· ··· ···
    0   1   2   3   4   5   6   7   8 
2025-03-25 05:32:21,856 [GameBoard   ] DEBUG    ------- SIMULATION START: (MOVE(7, 0) of black, MOVE(6, 0) of black, MOVE(5, 0) of black, MOVE(4, 0) of black, MOVE(3, 0) of black, MOVE(2, 0) of black, MOVE(1, 0) of black, MOVE(0, 0) of black) -------
2025-03-25 05:32:21,856 [GameBoard   ] DEBUG    checkcheckcheck
2025-03-25 05:32:21,857 [GameBoard   ] DEBUG    State has been set as follows: 
A3G1G2/A1B1B3E5F3/E1A9
2025-03-25 05:32:21,857 [GameBoard   ] DEBUG    
   . . . . . . . . . . . . . . . . . .
8 : B ·   ·   ·   ·   ·   ·   ·   ·   ·
   . . . . . . . . . . . . . . . . . .
7 :   ·   ·   ·   ·   ·   ·   ·   ·   ·
   . . . . . . . . . . . . . . . . . .
6 :   ·   ·   ·   ·   ·   ·   ·   ·   ·
   . . . . . . . . . . . . . . . . . .
5 :   ·   ·   ·   ·   |   ·   ·   ·   ·
   . . . . . . . . . .*. . . . . . . .
4 :   ·   ·   ·   ·   |   ·   ·   ·   ·
   . . . . . . . . . . . . . . . . . .
3 :   ·   |   ·   ·   ·   |   ·   ·   ·
   ---*---*. . . . . . . .*. . . . . .
2 :   ·   |   ·   ·   ·   |   ·   ·   ·
   . . . . . . . . . . . . ---*--- . .
1 :   |   |   ·   ·   ·   ·   ·   ·   ·
   . .*. .*. . . . . . . . ---*--- . .
0 :   |   |   ·   · W ·   ·   ·   ·   ·
   ··· ··· ··· ··· ··· ··· ··· ··· ···
    0   1   2   3   4   5   6   7   8 
2025-03-25 05:32:21,857 [GameBoard   ] DEBUG    for문 들어왔다. problem type : 1
2025-03-25 05:32:21,857 [GameBoard   ] DEBUG    problem type < 3
2025-03-25 05:32:21,857 [Action      ] DEBUG    Calling MOVE(7, 0) of black action
2025-03-25 05:32:21,857 [GameBoard   ] DEBUG    turn: 2 -------
2025-03-25 05:32:21,857 [GameBoard   ] DEBUG    Querying whether the game ends in this state... Answer = False
2025-03-25 05:32:21,857 [GameBoard   ] DEBUG    for문 들어왔다. problem type : 1
2025-03-25 05:32:21,857 [GameBoard   ] DEBUG    problem type < 3
2025-03-25 05:32:21,857 [Action      ] DEBUG    Calling MOVE(6, 0) of black action
2025-03-25 05:32:21,857 [GameBoard   ] DEBUG    turn: 2 -------
2025-03-25 05:32:21,857 [GameBoard   ] DEBUG    Querying whether the game ends in this state... Answer = False
2025-03-25 05:32:21,857 [GameBoard   ] DEBUG    for문 들어왔다. problem type : 1
2025-03-25 05:32:21,857 [GameBoard   ] DEBUG    problem type < 3
2025-03-25 05:32:21,858 [Action      ] DEBUG    Calling MOVE(5, 0) of black action
2025-03-25 05:32:21,858 [GameBoard   ] DEBUG    turn: 2 -------
2025-03-25 05:32:21,858 [GameBoard   ] DEBUG    Querying whether the game ends in this state... Answer = False
2025-03-25 05:32:21,858 [GameBoard   ] DEBUG    for문 들어왔다. problem type : 1
2025-03-25 05:32:21,858 [GameBoard   ] DEBUG    problem type < 3
2025-03-25 05:32:21,858 [Action      ] DEBUG    Calling MOVE(4, 0) of black action
2025-03-25 05:32:21,858 [GameBoard   ] DEBUG    turn: 2 -------
2025-03-25 05:32:21,858 [GameBoard   ] DEBUG    Querying whether the game ends in this state... Answer = False
2025-03-25 05:32:21,858 [GameBoard   ] DEBUG    for문 들어왔다. problem type : 1
2025-03-25 05:32:21,858 [GameBoard   ] DEBUG    problem type < 3
2025-03-25 05:32:21,858 [Action      ] DEBUG    Calling MOVE(3, 0) of black action
2025-03-25 05:32:21,858 [GameBoard   ] DEBUG    turn: 2 -------
2025-03-25 05:32:21,858 [GameBoard   ] DEBUG    Querying whether the game ends in this state... Answer = False
2025-03-25 05:32:21,858 [GameBoard   ] DEBUG    for문 들어왔다. problem type : 1
2025-03-25 05:32:21,858 [GameBoard   ] DEBUG    problem type < 3
2025-03-25 05:32:21,858 [Action      ] DEBUG    Calling MOVE(2, 0) of black action
2025-03-25 05:32:21,858 [GameBoard   ] DEBUG    turn: 2 -------
2025-03-25 05:32:21,858 [GameBoard   ] DEBUG    Querying whether the game ends in this state... Answer = False
2025-03-25 05:32:21,858 [GameBoard   ] DEBUG    for문 들어왔다. problem type : 1
2025-03-25 05:32:21,858 [GameBoard   ] DEBUG    problem type < 3
2025-03-25 05:32:21,858 [Action      ] DEBUG    Calling MOVE(1, 0) of black action
2025-03-25 05:32:21,858 [GameBoard   ] DEBUG    turn: 2 -------
2025-03-25 05:32:21,858 [GameBoard   ] DEBUG    Querying whether the game ends in this state... Answer = False
2025-03-25 05:32:21,858 [GameBoard   ] DEBUG    for문 들어왔다. problem type : 1
2025-03-25 05:32:21,859 [GameBoard   ] DEBUG    problem type < 3
2025-03-25 05:32:21,859 [Action      ] DEBUG    Calling MOVE(0, 0) of black action
2025-03-25 05:32:21,859 [GameBoard   ] DEBUG    State has been changed to: 
A3G1G2/A1B1B3E5F3/E1A1
2025-03-25 05:32:21,859 [GameBoard   ] DEBUG    
   . . . . . . . . . . . . . . . . . .
8 :   ·   ·   ·   ·   ·   ·   ·   ·   ·
   . . . . . . . . . . . . . . . . . .
7 :   ·   ·   ·   ·   ·   ·   ·   ·   ·
   . . . . . . . . . . . . . . . . . .
6 :   ·   ·   ·   ·   ·   ·   ·   ·   ·
   . . . . . . . . . . . . . . . . . .
5 :   ·   ·   ·   ·   |   ·   ·   ·   ·
   . . . . . . . . . .*. . . . . . . .
4 :   ·   ·   ·   ·   |   ·   ·   ·   ·
   . . . . . . . . . . . . . . . . . .
3 :   ·   |   ·   ·   ·   |   ·   ·   ·
   ---*---*. . . . . . . .*. . . . . .
2 :   ·   |   ·   ·   ·   |   ·   ·   ·
   . . . . . . . . . . . . ---*--- . .
1 :   |   |   ·   ·   ·   ·   ·   ·   ·
   . .*. .*. . . . . . . . ---*--- . .
0 : B |   |   ·   · W ·   ·   ·   ·   ·
   ··· ··· ··· ··· ··· ··· ··· ··· ···
    0   1   2   3   4   5   6   7   8 
2025-03-25 05:32:21,859 [GameBoard   ] DEBUG    ------- SIMULATION ENDS -------
2025-03-25 05:32:21,860 [GameBoard   ] DEBUG    Querying whether the game ends in this state... Answer = True
2025-03-25 05:32:21,860 [Evaluate    ] DEBUG    Execution Result: Performance(failure=None, outcome=22, time=0.13, search=None, memory=0.1, point=3).
